#! /c/Source/iverilog-install/bin/vvp
:ivl_version "12.0 (devel)" "(s20150603-1539-g2693dd32b)";
:ivl_delay_selection "TYPICAL";
:vpi_time_precision + 0;
:vpi_module "C:\iverilog\lib\ivl\system.vpi";
:vpi_module "C:\iverilog\lib\ivl\vhdl_sys.vpi";
:vpi_module "C:\iverilog\lib\ivl\vhdl_textio.vpi";
:vpi_module "C:\iverilog\lib\ivl\v2005_math.vpi";
:vpi_module "C:\iverilog\lib\ivl\va_math.vpi";
S_000002356f55a4e0 .scope module, "NotTB" "NotTB" 2 1;
 .timescale 0 0;
v000002356f5a51c0_0 .var "in", 0 0;
v000002356f5a5260_0 .net "out", 0 0, L_000002356f55a710;  1 drivers
S_000002356f5a5030 .scope module, "myNot_inst" "myNot" 2 5, 3 1 0, S_000002356f55a4e0;
 .timescale 0 0;
    .port_info 0 /INPUT 1 "in";
    .port_info 1 /OUTPUT 1 "out";
L_000002356f55a710 .functor NOT 1, v000002356f5a51c0_0, C4<0>, C4<0>, C4<0>;
v000002356f55a670_0 .net "in", 0 0, v000002356f5a51c0_0;  1 drivers
v000002356f572bf0_0 .net "out", 0 0, L_000002356f55a710;  alias, 1 drivers
    .scope S_000002356f55a4e0;
T_0 ;
    %vpi_call 2 7 "$monitor", v000002356f5a51c0_0, v000002356f5a5260_0 {0 0 0};
    %pushi/vec4 0, 0, 1;
    %store/vec4 v000002356f5a51c0_0, 0, 1;
    %delay 1, 0;
    %vpi_call 2 10 "$display", "Input: %b, Output: %b", v000002356f5a51c0_0, v000002356f5a5260_0 {0 0 0};
    %pushi/vec4 1, 0, 1;
    %store/vec4 v000002356f5a51c0_0, 0, 1;
    %delay 1, 0;
    %vpi_call 2 13 "$display", "Input: %b, Output: %b", v000002356f5a51c0_0, v000002356f5a5260_0 {0 0 0};
    %end;
    .thread T_0;
# The file index is used to find the file name in the following table.
:file_names 4;
    "N/A";
    "<interactive>";
    "NotTB.sv";
    "Not.sv";
