#! /c/Source/iverilog-install/bin/vvp
:ivl_version "12.0 (devel)" "(s20150603-1539-g2693dd32b)";
:ivl_delay_selection "TYPICAL";
:vpi_time_precision + 0;
:vpi_module "C:\iverilog\lib\ivl\system.vpi";
:vpi_module "C:\iverilog\lib\ivl\vhdl_sys.vpi";
:vpi_module "C:\iverilog\lib\ivl\vhdl_textio.vpi";
:vpi_module "C:\iverilog\lib\ivl\v2005_math.vpi";
:vpi_module "C:\iverilog\lib\ivl\va_math.vpi";
:vpi_module "C:\iverilog\lib\ivl\v2009.vpi";
S_000001a35e408d90 .scope package, "$unit" "$unit" 2 1;
 .timescale 0 0;
S_000001a35e40a1f0 .scope module, "fullAdderTB" "fullAdderTB" 3 1;
 .timescale 0 0;
v000001a35e456060_0 .var "X", 0 0;
v000001a35e456100_0 .var "Y", 0 0;
v000001a35e49f850_0 .var "cin", 0 0;
v000001a35e49f8f0_0 .net "cout", 0 0, L_000001a35e452e10;  1 drivers
v000001a35e49fda0_0 .net "sum", 0 0, L_000001a35e452da0;  1 drivers
S_000001a35e455d90 .scope module, "fullAdderTB" "myFullAdder" 3 4, 4 1 0, S_000001a35e40a1f0;
 .timescale 0 0;
    .port_info 0 /INPUT 1 "X";
    .port_info 1 /INPUT 1 "Y";
    .port_info 2 /INPUT 1 "cin";
    .port_info 3 /OUTPUT 1 "sum";
    .port_info 4 /OUTPUT 1 "cout";
L_000001a35e4561a0 .functor XOR 1, v000001a35e456060_0, v000001a35e456100_0, C4<0>, C4<0>;
L_000001a35e452da0 .functor XOR 1, L_000001a35e4561a0, v000001a35e49f850_0, C4<0>, C4<0>;
L_000001a35e452cc0 .functor AND 1, v000001a35e456060_0, v000001a35e456100_0, C4<1>, C4<1>;
L_000001a35e452ef0 .functor AND 1, L_000001a35e4561a0, v000001a35e49f850_0, C4<1>, C4<1>;
L_000001a35e452e10 .functor OR 1, L_000001a35e452cc0, L_000001a35e452ef0, C4<0>, C4<0>;
v000001a35e408f20_0 .net "X", 0 0, v000001a35e456060_0;  1 drivers
v000001a35e422b20_0 .net "Y", 0 0, v000001a35e456100_0;  1 drivers
v000001a35e409da0_0 .net *"_ivl_4", 0 0, L_000001a35e452cc0;  1 drivers
v000001a35e40be00_0 .net *"_ivl_6", 0 0, L_000001a35e452ef0;  1 drivers
v000001a35e40a380_0 .net "cin", 0 0, v000001a35e49f850_0;  1 drivers
v000001a35e40a420_0 .net "cout", 0 0, L_000001a35e452e10;  alias, 1 drivers
v000001a35e455f20_0 .net "sum", 0 0, L_000001a35e452da0;  alias, 1 drivers
v000001a35e455fc0_0 .net "xor12", 0 0, L_000001a35e4561a0;  1 drivers
    .scope S_000001a35e40a1f0;
T_0 ;
    %vpi_call/w 3 6 "$monitor", "X: %b, Y: %b, cin: %b, sum: %b, cout: %b", v000001a35e456060_0, v000001a35e456100_0, v000001a35e49f850_0, v000001a35e49fda0_0, v000001a35e49f8f0_0 {0 0 0};
    %vpi_call/w 3 7 "$dumpfile", "dump.vcd" {0 0 0};
    %vpi_call/w 3 7 "$dumpvars" {0 0 0};
    %pushi/vec4 0, 0, 1;
    %store/vec4 v000001a35e456060_0, 0, 1;
    %pushi/vec4 0, 0, 1;
    %store/vec4 v000001a35e456100_0, 0, 1;
    %pushi/vec4 0, 0, 1;
    %store/vec4 v000001a35e49f850_0, 0, 1;
    %delay 10, 0;
    %pushi/vec4 0, 0, 1;
    %store/vec4 v000001a35e456060_0, 0, 1;
    %pushi/vec4 0, 0, 1;
    %store/vec4 v000001a35e456100_0, 0, 1;
    %pushi/vec4 1, 0, 1;
    %store/vec4 v000001a35e49f850_0, 0, 1;
    %delay 10, 0;
    %pushi/vec4 0, 0, 1;
    %store/vec4 v000001a35e456060_0, 0, 1;
    %pushi/vec4 1, 0, 1;
    %store/vec4 v000001a35e456100_0, 0, 1;
    %pushi/vec4 0, 0, 1;
    %store/vec4 v000001a35e49f850_0, 0, 1;
    %delay 10, 0;
    %pushi/vec4 0, 0, 1;
    %store/vec4 v000001a35e456060_0, 0, 1;
    %pushi/vec4 1, 0, 1;
    %store/vec4 v000001a35e456100_0, 0, 1;
    %pushi/vec4 1, 0, 1;
    %store/vec4 v000001a35e49f850_0, 0, 1;
    %delay 10, 0;
    %pushi/vec4 1, 0, 1;
    %store/vec4 v000001a35e456060_0, 0, 1;
    %pushi/vec4 0, 0, 1;
    %store/vec4 v000001a35e456100_0, 0, 1;
    %pushi/vec4 0, 0, 1;
    %store/vec4 v000001a35e49f850_0, 0, 1;
    %delay 10, 0;
    %pushi/vec4 1, 0, 1;
    %store/vec4 v000001a35e456060_0, 0, 1;
    %pushi/vec4 0, 0, 1;
    %store/vec4 v000001a35e456100_0, 0, 1;
    %pushi/vec4 1, 0, 1;
    %store/vec4 v000001a35e49f850_0, 0, 1;
    %delay 10, 0;
    %pushi/vec4 1, 0, 1;
    %store/vec4 v000001a35e456060_0, 0, 1;
    %pushi/vec4 1, 0, 1;
    %store/vec4 v000001a35e456100_0, 0, 1;
    %pushi/vec4 0, 0, 1;
    %store/vec4 v000001a35e49f850_0, 0, 1;
    %delay 10, 0;
    %pushi/vec4 1, 0, 1;
    %store/vec4 v000001a35e456060_0, 0, 1;
    %pushi/vec4 1, 0, 1;
    %store/vec4 v000001a35e456100_0, 0, 1;
    %pushi/vec4 1, 0, 1;
    %store/vec4 v000001a35e49f850_0, 0, 1;
    %delay 10, 0;
    %vpi_call/w 3 16 "$finish" {0 0 0};
    %end;
    .thread T_0;
# The file index is used to find the file name in the following table.
:file_names 5;
    "N/A";
    "<interactive>";
    "-";
    "fullAdderTB.sv";
    "fullAdder.sv";
