#! /c/Source/iverilog-install/bin/vvp
:ivl_version "12.0 (devel)" "(s20150603-1539-g2693dd32b)";
:ivl_delay_selection "TYPICAL";
:vpi_time_precision + 0;
:vpi_module "C:\iverilog\lib\ivl\system.vpi";
:vpi_module "C:\iverilog\lib\ivl\vhdl_sys.vpi";
:vpi_module "C:\iverilog\lib\ivl\vhdl_textio.vpi";
:vpi_module "C:\iverilog\lib\ivl\v2005_math.vpi";
:vpi_module "C:\iverilog\lib\ivl\va_math.vpi";
:vpi_module "C:\iverilog\lib\ivl\v2009.vpi";
S_0000022f02746860 .scope package, "$unit" "$unit" 2 1;
 .timescale 0 0;
S_0000022f027469f0 .scope module, "testbench" "testbench" 3 1;
 .timescale 0 0;
v0000022f02746c20_0 .var "clk", 0 0;
v0000022f026fb9e0_0 .var "d", 0 0;
v0000022f026fba80_0 .net "d0", 3 0, v0000022f02746b80_0;  1 drivers
S_0000022f02712720 .scope module, "a" "sipo" 3 4, 4 1 0, S_0000022f027469f0;
 .timescale 0 0;
    .port_info 0 /INPUT 1 "d";
    .port_info 1 /INPUT 1 "clk";
    .port_info 2 /OUTPUT 4 "d0";
v0000022f026fb720_0 .net "clk", 0 0, v0000022f02746c20_0;  1 drivers
v0000022f026fbdf0_0 .net "d", 0 0, v0000022f026fb9e0_0;  1 drivers
v0000022f02746b80_0 .var "d0", 3 0;
E_0000022f02734e50 .event posedge, v0000022f026fb720_0;
    .scope S_0000022f02712720;
T_0 ;
    %pushi/vec4 0, 0, 4;
    %store/vec4 v0000022f02746b80_0, 0, 4;
    %end;
    .thread T_0, $init;
    .scope S_0000022f02712720;
T_1 ;
    %wait E_0000022f02734e50;
    %load/vec4 v0000022f026fbdf0_0;
    %ix/load 4, 3, 0;
    %ix/load 5, 0, 0;
    %flag_set/imm 4, 0;
    %assign/vec4/off/d v0000022f02746b80_0, 4, 5;
    %load/vec4 v0000022f02746b80_0;
    %parti/s 1, 3, 3;
    %ix/load 4, 2, 0;
    %ix/load 5, 0, 0;
    %flag_set/imm 4, 0;
    %assign/vec4/off/d v0000022f02746b80_0, 4, 5;
    %load/vec4 v0000022f02746b80_0;
    %parti/s 1, 2, 3;
    %ix/load 4, 1, 0;
    %ix/load 5, 0, 0;
    %flag_set/imm 4, 0;
    %assign/vec4/off/d v0000022f02746b80_0, 4, 5;
    %load/vec4 v0000022f02746b80_0;
    %parti/s 1, 1, 2;
    %ix/load 4, 0, 0;
    %ix/load 5, 0, 0;
    %flag_set/imm 4, 0;
    %assign/vec4/off/d v0000022f02746b80_0, 4, 5;
    %jmp T_1;
    .thread T_1;
    .scope S_0000022f027469f0;
T_2 ;
    %vpi_call/w 3 7 "$dumpfile", "dump.vcd" {0 0 0};
    %vpi_call/w 3 8 "$dumpvars", 32'sb00000000000000000000000000000001 {0 0 0};
    %vpi_call/w 3 9 "$monitor", $time, " d=%b, clk=%b, d0=%b", v0000022f026fb9e0_0, v0000022f02746c20_0, v0000022f026fba80_0 {0 0 0};
    %end;
    .thread T_2;
    .scope S_0000022f027469f0;
T_3 ;
    %pushi/vec4 0, 0, 1;
    %store/vec4 v0000022f02746c20_0, 0, 1;
T_3.0 ;
    %delay 5, 0;
    %load/vec4 v0000022f02746c20_0;
    %inv;
    %store/vec4 v0000022f02746c20_0, 0, 1;
    %jmp T_3.0;
    %end;
    .thread T_3;
    .scope S_0000022f027469f0;
T_4 ;
    %pushi/vec4 1, 0, 1;
    %store/vec4 v0000022f026fb9e0_0, 0, 1;
    %delay 10, 0;
    %pushi/vec4 0, 0, 1;
    %store/vec4 v0000022f026fb9e0_0, 0, 1;
    %delay 10, 0;
    %pushi/vec4 1, 0, 1;
    %store/vec4 v0000022f026fb9e0_0, 0, 1;
    %delay 10, 0;
    %pushi/vec4 1, 0, 1;
    %store/vec4 v0000022f026fb9e0_0, 0, 1;
    %delay 40, 0;
    %vpi_call/w 3 22 "$finish" {0 0 0};
    %end;
    .thread T_4;
# The file index is used to find the file name in the following table.
:file_names 5;
    "N/A";
    "<interactive>";
    "-";
    "SIPOTB.sv";
    "SIPO.sv";
