#! /c/Source/iverilog-install/bin/vvp
:ivl_version "12.0 (devel)" "(s20150603-1539-g2693dd32b)";
:ivl_delay_selection "TYPICAL";
:vpi_time_precision + 0;
:vpi_module "C:\iverilog\lib\ivl\system.vpi";
:vpi_module "C:\iverilog\lib\ivl\vhdl_sys.vpi";
:vpi_module "C:\iverilog\lib\ivl\vhdl_textio.vpi";
:vpi_module "C:\iverilog\lib\ivl\v2005_math.vpi";
:vpi_module "C:\iverilog\lib\ivl\va_math.vpi";
:vpi_module "C:\iverilog\lib\ivl\v2009.vpi";
S_00000205759aa850 .scope package, "$unit" "$unit" 2 1;
 .timescale 0 0;
S_00000205758a58b0 .scope module, "halfSubtractorTB" "halfSubtractorTB" 3 1;
 .timescale 0 0;
v00000205758a4160_0 .var "X", 0 0;
v00000205758a4200_0 .var "Y", 0 0;
v00000205758a42a0_0 .net "bout", 0 0, v00000205758a5bd0_0;  1 drivers
v00000205758a4340_0 .net "diff", 0 0, v00000205758a5c70_0;  1 drivers
S_00000205758a5a40 .scope module, "halfSubtractorTB" "myhalfSubtractor" 3 4, 4 1 0, S_00000205758a58b0;
 .timescale 0 0;
    .port_info 0 /INPUT 1 "X";
    .port_info 1 /INPUT 1 "Y";
    .port_info 2 /OUTPUT 1 "diff";
    .port_info 3 /OUTPUT 1 "bout";
v00000205759abe60_0 .net "X", 0 0, v00000205758a4160_0;  1 drivers
v0000020575872b20_0 .net "Y", 0 0, v00000205758a4200_0;  1 drivers
v00000205758a5bd0_0 .var "bout", 0 0;
v00000205758a5c70_0 .var "diff", 0 0;
E_00000205759ace30 .event anyedge, v0000020575872b20_0, v00000205759abe60_0;
    .scope S_00000205758a5a40;
T_0 ;
    %wait E_00000205759ace30;
    %load/vec4 v00000205759abe60_0;
    %load/vec4 v0000020575872b20_0;
    %xor;
    %store/vec4 v00000205758a5c70_0, 0, 1;
    %load/vec4 v00000205759abe60_0;
    %inv;
    %load/vec4 v0000020575872b20_0;
    %and;
    %store/vec4 v00000205758a5bd0_0, 0, 1;
    %jmp T_0;
    .thread T_0, $push;
    .scope S_00000205758a58b0;
T_1 ;
    %vpi_call/w 3 6 "$monitor", "X: %b, Y: %b, diff: %b, bout: %b", v00000205758a4160_0, v00000205758a4200_0, v00000205758a4340_0, v00000205758a42a0_0 {0 0 0};
    %vpi_call/w 3 7 "$dumpfile", "dump.vcd" {0 0 0};
    %vpi_call/w 3 7 "$dumpvars" {0 0 0};
    %pushi/vec4 0, 0, 1;
    %store/vec4 v00000205758a4160_0, 0, 1;
    %pushi/vec4 0, 0, 1;
    %store/vec4 v00000205758a4200_0, 0, 1;
    %delay 10, 0;
    %pushi/vec4 1, 0, 1;
    %store/vec4 v00000205758a4160_0, 0, 1;
    %pushi/vec4 0, 0, 1;
    %store/vec4 v00000205758a4200_0, 0, 1;
    %delay 10, 0;
    %pushi/vec4 0, 0, 1;
    %store/vec4 v00000205758a4160_0, 0, 1;
    %pushi/vec4 1, 0, 1;
    %store/vec4 v00000205758a4200_0, 0, 1;
    %delay 10, 0;
    %pushi/vec4 1, 0, 1;
    %store/vec4 v00000205758a4160_0, 0, 1;
    %pushi/vec4 1, 0, 1;
    %store/vec4 v00000205758a4200_0, 0, 1;
    %delay 10, 0;
    %vpi_call/w 3 12 "$finish" {0 0 0};
    %end;
    .thread T_1;
# The file index is used to find the file name in the following table.
:file_names 5;
    "N/A";
    "<interactive>";
    "-";
    "halfSubtractorTB.sv";
    "halfSubtractor.sv";
