#! /c/Source/iverilog-install/bin/vvp
:ivl_version "12.0 (devel)" "(s20150603-1539-g2693dd32b)";
:ivl_delay_selection "TYPICAL";
:vpi_time_precision + 0;
:vpi_module "C:\iverilog\lib\ivl\system.vpi";
:vpi_module "C:\iverilog\lib\ivl\vhdl_sys.vpi";
:vpi_module "C:\iverilog\lib\ivl\vhdl_textio.vpi";
:vpi_module "C:\iverilog\lib\ivl\v2005_math.vpi";
:vpi_module "C:\iverilog\lib\ivl\va_math.vpi";
:vpi_module "C:\iverilog\lib\ivl\v2009.vpi";
S_00000233b5beb110 .scope package, "$unit" "$unit" 2 1;
 .timescale 0 0;
S_00000233b5af57a0 .scope module, "test" "test" 3 1;
 .timescale 0 0;
v00000233b5beba50_0 .var "d", 0 0;
v00000233b5bebaf0_0 .var "en", 0 0;
v00000233b5bebb90_0 .net "q", 0 0, v00000233b5af5ac0_0;  1 drivers
v00000233b5bebc30_0 .var "rst", 0 0;
S_00000233b5af5930 .scope module, "uut" "dlatch" 3 4, 4 1 0, S_00000233b5af57a0;
 .timescale 0 0;
    .port_info 0 /INPUT 1 "en";
    .port_info 1 /INPUT 1 "d";
    .port_info 2 /INPUT 1 "rst";
    .port_info 3 /OUTPUT 1 "q";
v00000233b5ac2d80_0 .net "d", 0 0, v00000233b5beba50_0;  1 drivers
v00000233b5ac2b20_0 .net "en", 0 0, v00000233b5bebaf0_0;  1 drivers
v00000233b5af5ac0_0 .var "q", 0 0;
v00000233b5af5b60_0 .net "rst", 0 0, v00000233b5bebc30_0;  1 drivers
E_00000233b5bec800 .event anyedge, v00000233b5ac2b20_0;
    .scope S_00000233b5af5930;
T_0 ;
    %wait E_00000233b5bec800;
    %load/vec4 v00000233b5af5b60_0;
    %flag_set/vec4 8;
    %jmp/0xz  T_0.0, 8;
    %pushi/vec4 0, 0, 1;
    %assign/vec4 v00000233b5af5ac0_0, 0;
    %jmp T_0.1;
T_0.0 ;
    %load/vec4 v00000233b5ac2d80_0;
    %assign/vec4 v00000233b5af5ac0_0, 0;
T_0.1 ;
    %jmp T_0;
    .thread T_0, $push;
    .scope S_00000233b5af57a0;
T_1 ;
    %vpi_call/w 3 6 "$monitor", "D: %b, en: %b, rst: %b, Q: %b", v00000233b5beba50_0, v00000233b5bebaf0_0, v00000233b5bebc30_0, v00000233b5bebb90_0 {0 0 0};
    %vpi_call/w 3 7 "$dumpfile", "dump.vcd" {0 0 0};
    %vpi_call/w 3 8 "$dumpvars", 32'sb00000000000000000000000000000001 {0 0 0};
    %pushi/vec4 0, 0, 1;
    %store/vec4 v00000233b5bebaf0_0, 0, 1;
    %pushi/vec4 1, 0, 1;
    %store/vec4 v00000233b5bebc30_0, 0, 1;
    %pushi/vec4 0, 0, 1;
    %store/vec4 v00000233b5beba50_0, 0, 1;
    %delay 20, 0;
    %pushi/vec4 1, 0, 1;
    %store/vec4 v00000233b5bebaf0_0, 0, 1;
    %pushi/vec4 0, 0, 1;
    %store/vec4 v00000233b5bebc30_0, 0, 1;
    %pushi/vec4 1, 0, 1;
    %store/vec4 v00000233b5beba50_0, 0, 1;
    %delay 20, 0;
    %pushi/vec4 0, 0, 1;
    %store/vec4 v00000233b5bebaf0_0, 0, 1;
    %pushi/vec4 0, 0, 1;
    %store/vec4 v00000233b5bebc30_0, 0, 1;
    %pushi/vec4 0, 0, 1;
    %store/vec4 v00000233b5beba50_0, 0, 1;
    %delay 20, 0;
    %pushi/vec4 1, 0, 1;
    %store/vec4 v00000233b5bebaf0_0, 0, 1;
    %pushi/vec4 0, 0, 1;
    %store/vec4 v00000233b5bebc30_0, 0, 1;
    %pushi/vec4 0, 0, 1;
    %store/vec4 v00000233b5beba50_0, 0, 1;
    %delay 20, 0;
    %vpi_call/w 3 14 "$finish" {0 0 0};
    %end;
    .thread T_1;
# The file index is used to find the file name in the following table.
:file_names 5;
    "N/A";
    "<interactive>";
    "-";
    "latchTB.sv";
    "latch.sv";
