#! /c/Source/iverilog-install/bin/vvp
:ivl_version "12.0 (devel)" "(s20150603-1539-g2693dd32b)";
:ivl_delay_selection "TYPICAL";
:vpi_time_precision + 0;
:vpi_module "C:\iverilog\lib\ivl\system.vpi";
:vpi_module "C:\iverilog\lib\ivl\vhdl_sys.vpi";
:vpi_module "C:\iverilog\lib\ivl\vhdl_textio.vpi";
:vpi_module "C:\iverilog\lib\ivl\v2005_math.vpi";
:vpi_module "C:\iverilog\lib\ivl\va_math.vpi";
:vpi_module "C:\iverilog\lib\ivl\v2009.vpi";
S_000001db1b0db800 .scope package, "$unit" "$unit" 2 1;
 .timescale 0 0;
S_000001db1b375bf0 .scope module, "testbench" "testbench" 3 1;
 .timescale 0 0;
v000001db1b373d70_0 .var "clk", 0 0;
v000001db1b373e10_0 .var "d", 0 0;
v000001db1b373eb0_0 .net "d0", 0 0, v000001db1b0db990_0;  1 drivers
S_000001db1b375d80 .scope module, "a" "siso" 3 4, 4 1 0, S_000001db1b375bf0;
 .timescale 0 0;
    .port_info 0 /INPUT 1 "d";
    .port_info 1 /INPUT 1 "clk";
    .port_info 2 /OUTPUT 1 "d0";
v000001db1b0da640_0 .net "clk", 0 0, v000001db1b373d70_0;  1 drivers
v000001db1b342b20_0 .net "d", 0 0, v000001db1b373e10_0;  1 drivers
v000001db1b0db990_0 .var "d0", 0 0;
v000001db1b0dbdb0_0 .var "q1", 0 0;
v000001db1b375f10_0 .var "q2", 0 0;
v000001db1b375fb0_0 .var "q3", 0 0;
E_000001db1b0dd0c0 .event posedge, v000001db1b0da640_0;
    .scope S_000001db1b375d80;
T_0 ;
    %wait E_000001db1b0dd0c0;
    %load/vec4 v000001db1b342b20_0;
    %assign/vec4 v000001db1b0dbdb0_0, 0;
    %load/vec4 v000001db1b0dbdb0_0;
    %assign/vec4 v000001db1b375f10_0, 0;
    %load/vec4 v000001db1b375f10_0;
    %assign/vec4 v000001db1b375fb0_0, 0;
    %load/vec4 v000001db1b375fb0_0;
    %assign/vec4 v000001db1b0db990_0, 0;
    %jmp T_0;
    .thread T_0;
    .scope S_000001db1b375bf0;
T_1 ;
    %vpi_call/w 3 6 "$dumpfile", "dump.vcd" {0 0 0};
    %vpi_call/w 3 6 "$dumpvars", 32'sb00000000000000000000000000000001 {0 0 0};
    %vpi_call/w 3 7 "$monitor", $time, " d=%b,clk=%b,d0=%b", v000001db1b373e10_0, v000001db1b373d70_0, v000001db1b373eb0_0 {0 0 0};
    %end;
    .thread T_1;
    .scope S_000001db1b375bf0;
T_2 ;
    %pushi/vec4 0, 0, 1;
    %store/vec4 v000001db1b373d70_0, 0, 1;
T_2.0 ;
    %delay 5, 0;
    %load/vec4 v000001db1b373d70_0;
    %inv;
    %store/vec4 v000001db1b373d70_0, 0, 1;
    %jmp T_2.0;
    %delay 5, 0;
    %end;
    .thread T_2;
    .scope S_000001db1b375bf0;
T_3 ;
    %pushi/vec4 1, 0, 1;
    %store/vec4 v000001db1b373e10_0, 0, 1;
    %delay 10, 0;
    %pushi/vec4 0, 0, 1;
    %store/vec4 v000001db1b373e10_0, 0, 1;
    %delay 10, 0;
    %pushi/vec4 1, 0, 1;
    %store/vec4 v000001db1b373e10_0, 0, 1;
    %delay 10, 0;
    %pushi/vec4 1, 0, 1;
    %store/vec4 v000001db1b373e10_0, 0, 1;
    %delay 40, 0;
    %vpi_call/w 3 18 "$finish" {0 0 0};
    %end;
    .thread T_3;
# The file index is used to find the file name in the following table.
:file_names 5;
    "N/A";
    "<interactive>";
    "-";
    "SISOTB.sv";
    "SISO.sv";
