#! /c/Source/iverilog-install/bin/vvp
:ivl_version "12.0 (devel)" "(s20150603-1539-g2693dd32b)";
:ivl_delay_selection "TYPICAL";
:vpi_time_precision + 0;
:vpi_module "C:\iverilog\lib\ivl\system.vpi";
:vpi_module "C:\iverilog\lib\ivl\vhdl_sys.vpi";
:vpi_module "C:\iverilog\lib\ivl\vhdl_textio.vpi";
:vpi_module "C:\iverilog\lib\ivl\v2005_math.vpi";
:vpi_module "C:\iverilog\lib\ivl\va_math.vpi";
:vpi_module "C:\iverilog\lib\ivl\v2009.vpi";
S_00000186217be690 .scope package, "$unit" "$unit" 2 1;
 .timescale 0 0;
S_00000186217be820 .scope module, "nbitadder_tb" "nbitadder_tb" 3 1;
 .timescale 0 0;
v00000186219700d0_0 .var "A", 31 0;
v00000186219708f0_0 .var "B", 31 0;
v0000018621971cf0_0 .net "carry", 0 0, L_00000186219ccea0;  1 drivers
v00000186219720b0_0 .net "out", 31 0, L_00000186219ce200;  1 drivers
S_00000186218fd0a0 .scope module, "dut" "nbitadder" 3 12, 4 5 0, S_00000186217be820;
 .timescale 0 0;
    .port_info 0 /INPUT 32 "A";
    .port_info 1 /INPUT 32 "B";
    .port_info 2 /OUTPUT 32 "out";
    .port_info 3 /OUTPUT 1 "carry";
v0000018621973690_0 .net "A", 31 0, v00000186219700d0_0;  1 drivers
v0000018621973730_0 .net "B", 31 0, v00000186219708f0_0;  1 drivers
L_0000018621975a48 .functor BUFT 1, C4<0>, C4<0>, C4<0>, C4<0>;
v0000018621973870_0 .net/2u *"_ivl_228", 0 0, L_0000018621975a48;  1 drivers
v00000186219739b0_0 .net "carry", 0 0, L_00000186219ccea0;  alias, 1 drivers
v0000018621973af0_0 .net "ctemp", 32 0, L_00000186219cdd00;  1 drivers
v0000018621970e90_0 .net "out", 31 0, L_00000186219ce200;  alias, 1 drivers
L_0000018621970170 .part v00000186219700d0_0, 0, 1;
L_0000018621972150 .part v00000186219708f0_0, 0, 1;
L_00000186219721f0 .part L_00000186219cdd00, 0, 1;
L_0000018621971b10 .part v00000186219700d0_0, 1, 1;
L_00000186219702b0 .part v00000186219708f0_0, 1, 1;
L_0000018621970cb0 .part L_00000186219cdd00, 1, 1;
L_0000018621970350 .part v00000186219700d0_0, 2, 1;
L_0000018621970990 .part v00000186219708f0_0, 2, 1;
L_0000018621970530 .part L_00000186219cdd00, 2, 1;
L_0000018621971f70 .part v00000186219700d0_0, 3, 1;
L_0000018621970fd0 .part v00000186219708f0_0, 3, 1;
L_0000018621971070 .part L_00000186219cdd00, 3, 1;
L_00000186219716b0 .part v00000186219700d0_0, 4, 1;
L_0000018621971a70 .part v00000186219708f0_0, 4, 1;
L_00000186219711b0 .part L_00000186219cdd00, 4, 1;
L_0000018621971e30 .part v00000186219700d0_0, 5, 1;
L_0000018621971ed0 .part v00000186219708f0_0, 5, 1;
L_00000186219bfb40 .part L_00000186219cdd00, 5, 1;
L_00000186219c00e0 .part v00000186219700d0_0, 6, 1;
L_00000186219bfa00 .part v00000186219708f0_0, 6, 1;
L_00000186219be4c0 .part L_00000186219cdd00, 6, 1;
L_00000186219bfc80 .part v00000186219700d0_0, 7, 1;
L_00000186219bf500 .part v00000186219708f0_0, 7, 1;
L_00000186219bfd20 .part L_00000186219cdd00, 7, 1;
L_00000186219beba0 .part v00000186219700d0_0, 8, 1;
L_00000186219bdfc0 .part v00000186219708f0_0, 8, 1;
L_00000186219be060 .part L_00000186219cdd00, 8, 1;
L_00000186219be7e0 .part v00000186219700d0_0, 9, 1;
L_00000186219c0220 .part v00000186219708f0_0, 9, 1;
L_00000186219bf280 .part L_00000186219cdd00, 9, 1;
L_00000186219c0360 .part v00000186219700d0_0, 10, 1;
L_00000186219bff00 .part v00000186219708f0_0, 10, 1;
L_00000186219be1a0 .part L_00000186219cdd00, 10, 1;
L_00000186219bf3c0 .part v00000186219700d0_0, 11, 1;
L_00000186219be740 .part v00000186219708f0_0, 11, 1;
L_00000186219bf8c0 .part L_00000186219cdd00, 11, 1;
L_00000186219c1c60 .part v00000186219700d0_0, 12, 1;
L_00000186219c18a0 .part v00000186219708f0_0, 12, 1;
L_00000186219c0860 .part L_00000186219cdd00, 12, 1;
L_00000186219c0ae0 .part v00000186219700d0_0, 13, 1;
L_00000186219c16c0 .part v00000186219708f0_0, 13, 1;
L_00000186219c0900 .part L_00000186219cdd00, 13, 1;
L_00000186219c07c0 .part v00000186219700d0_0, 14, 1;
L_00000186219c0a40 .part v00000186219708f0_0, 14, 1;
L_00000186219c0ea0 .part L_00000186219cdd00, 14, 1;
L_00000186219c13a0 .part v00000186219700d0_0, 15, 1;
L_00000186219c1440 .part v00000186219708f0_0, 15, 1;
L_00000186219c1760 .part L_00000186219cdd00, 15, 1;
L_00000186219c8c60 .part v00000186219700d0_0, 16, 1;
L_00000186219c8d00 .part v00000186219708f0_0, 16, 1;
L_00000186219c88a0 .part L_00000186219cdd00, 16, 1;
L_00000186219c6be0 .part v00000186219700d0_0, 17, 1;
L_00000186219c79a0 .part v00000186219708f0_0, 17, 1;
L_00000186219c6c80 .part L_00000186219cdd00, 17, 1;
L_00000186219c8f80 .part v00000186219700d0_0, 18, 1;
L_00000186219c8080 .part v00000186219708f0_0, 18, 1;
L_00000186219c9160 .part L_00000186219cdd00, 18, 1;
L_00000186219c8300 .part v00000186219700d0_0, 19, 1;
L_00000186219c77c0 .part v00000186219708f0_0, 19, 1;
L_00000186219c6aa0 .part L_00000186219cdd00, 19, 1;
L_00000186219c7860 .part v00000186219700d0_0, 20, 1;
L_00000186219c72c0 .part v00000186219708f0_0, 20, 1;
L_00000186219c8800 .part L_00000186219cdd00, 20, 1;
L_00000186219c7e00 .part v00000186219700d0_0, 21, 1;
L_00000186219c7fe0 .part v00000186219708f0_0, 21, 1;
L_00000186219c8940 .part L_00000186219cdd00, 21, 1;
L_00000186219c9700 .part v00000186219700d0_0, 22, 1;
L_00000186219cb0a0 .part v00000186219708f0_0, 22, 1;
L_00000186219c92a0 .part L_00000186219cdd00, 22, 1;
L_00000186219c9f20 .part v00000186219700d0_0, 23, 1;
L_00000186219cace0 .part v00000186219708f0_0, 23, 1;
L_00000186219cad80 .part L_00000186219cdd00, 23, 1;
L_00000186219cb820 .part v00000186219700d0_0, 24, 1;
L_00000186219c9a20 .part v00000186219708f0_0, 24, 1;
L_00000186219caec0 .part L_00000186219cdd00, 24, 1;
L_00000186219c9d40 .part v00000186219700d0_0, 25, 1;
L_00000186219c9fc0 .part v00000186219708f0_0, 25, 1;
L_00000186219c98e0 .part L_00000186219cdd00, 25, 1;
L_00000186219cb960 .part v00000186219700d0_0, 26, 1;
L_00000186219c93e0 .part v00000186219708f0_0, 26, 1;
L_00000186219c95c0 .part L_00000186219cdd00, 26, 1;
L_00000186219ca1a0 .part v00000186219700d0_0, 27, 1;
L_00000186219ca2e0 .part v00000186219708f0_0, 27, 1;
L_00000186219ca380 .part L_00000186219cdd00, 27, 1;
L_00000186219caa60 .part v00000186219700d0_0, 28, 1;
L_00000186219cc0e0 .part v00000186219708f0_0, 28, 1;
L_00000186219ccfe0 .part L_00000186219cdd00, 28, 1;
L_00000186219cccc0 .part v00000186219700d0_0, 29, 1;
L_00000186219cd8a0 .part v00000186219708f0_0, 29, 1;
L_00000186219cdf80 .part L_00000186219cdd00, 29, 1;
L_00000186219cd800 .part v00000186219700d0_0, 30, 1;
L_00000186219ce020 .part v00000186219708f0_0, 30, 1;
L_00000186219ccc20 .part L_00000186219cdd00, 30, 1;
L_00000186219cc7c0 .part v00000186219700d0_0, 31, 1;
L_00000186219cdbc0 .part v00000186219708f0_0, 31, 1;
L_00000186219cc9a0 .part L_00000186219cdd00, 31, 1;
LS_00000186219ce200_0_0 .concat8 [ 1 1 1 1], L_0000018621970b70, L_00000186219725b0, L_0000018621970a30, L_0000018621972330;
LS_00000186219ce200_0_4 .concat8 [ 1 1 1 1], L_0000018621972510, L_0000018621971250, L_00000186219bf780, L_00000186219bf320;
LS_00000186219ce200_0_8 .concat8 [ 1 1 1 1], L_00000186219bece0, L_00000186219c0180, L_00000186219bffa0, L_00000186219beec0;
LS_00000186219ce200_0_12 .concat8 [ 1 1 1 1], L_00000186219bfaa0, L_00000186219c1260, L_00000186219c09a0, L_00000186219c0b80;
LS_00000186219ce200_0_16 .concat8 [ 1 1 1 1], L_00000186219c70e0, L_00000186219c90c0, L_00000186219c6dc0, L_00000186219c74a0;
LS_00000186219ce200_0_20 .concat8 [ 1 1 1 1], L_00000186219c6fa0, L_00000186219c7f40, L_00000186219c8260, L_00000186219c97a0;
LS_00000186219ce200_0_24 .concat8 [ 1 1 1 1], L_00000186219cb000, L_00000186219c9340, L_00000186219ca4c0, L_00000186219cb280;
LS_00000186219ce200_0_28 .concat8 [ 1 1 1 1], L_00000186219ca6a0, L_00000186219cc540, L_00000186219cc360, L_00000186219cd1c0;
LS_00000186219ce200_1_0 .concat8 [ 4 4 4 4], LS_00000186219ce200_0_0, LS_00000186219ce200_0_4, LS_00000186219ce200_0_8, LS_00000186219ce200_0_12;
LS_00000186219ce200_1_4 .concat8 [ 4 4 4 4], LS_00000186219ce200_0_16, LS_00000186219ce200_0_20, LS_00000186219ce200_0_24, LS_00000186219ce200_0_28;
L_00000186219ce200 .concat8 [ 16 16 0 0], LS_00000186219ce200_1_0, LS_00000186219ce200_1_4;
LS_00000186219cdd00_0_0 .concat8 [ 1 1 1 1], L_0000018621975a48, L_0000018621970ad0, L_0000018621971c50, L_0000018621970d50;
LS_00000186219cdd00_0_4 .concat8 [ 1 1 1 1], L_00000186219717f0, L_0000018621971930, L_0000018621970850, L_00000186219be880;
LS_00000186219cdd00_0_8 .concat8 [ 1 1 1 1], L_00000186219be6a0, L_00000186219beb00, L_00000186219be600, L_00000186219bfdc0;
LS_00000186219cdd00_0_12 .concat8 [ 1 1 1 1], L_00000186219bf6e0, L_00000186219be920, L_00000186219c11c0, L_00000186219c1080;
LS_00000186219cdd00_0_16 .concat8 [ 1 1 1 1], L_00000186219c1d00, L_00000186219c8b20, L_00000186219c8760, L_00000186219c6d20;
LS_00000186219cdd00_0_20 .concat8 [ 1 1 1 1], L_00000186219c6e60, L_00000186219c8580, L_00000186219c7360, L_00000186219c8120;
LS_00000186219cdd00_0_24 .concat8 [ 1 1 1 1], L_00000186219ca740, L_00000186219cae20, L_00000186219c9e80, L_00000186219c9ac0;
LS_00000186219cdd00_0_28 .concat8 [ 1 1 1 1], L_00000186219c9980, L_00000186219ca560, L_00000186219cdb20, L_00000186219cda80;
LS_00000186219cdd00_0_32 .concat8 [ 1 0 0 0], L_00000186219cd080;
LS_00000186219cdd00_1_0 .concat8 [ 4 4 4 4], LS_00000186219cdd00_0_0, LS_00000186219cdd00_0_4, LS_00000186219cdd00_0_8, LS_00000186219cdd00_0_12;
LS_00000186219cdd00_1_4 .concat8 [ 4 4 4 4], LS_00000186219cdd00_0_16, LS_00000186219cdd00_0_20, LS_00000186219cdd00_0_24, LS_00000186219cdd00_0_28;
LS_00000186219cdd00_1_8 .concat8 [ 1 0 0 0], LS_00000186219cdd00_0_32;
L_00000186219cdd00 .concat8 [ 16 16 1 0], LS_00000186219cdd00_1_0, LS_00000186219cdd00_1_4, LS_00000186219cdd00_1_8;
L_00000186219ccea0 .part L_00000186219cdd00, 32, 1;
S_00000186218fd230 .scope generate, "fa[0]" "fa[0]" 4 10, 4 10 0, S_00000186218fd0a0;
 .timescale 0 0;
P_00000186218ff3b0 .param/l "i" 0 4 10, +C4<00>;
S_0000018621875710 .scope module, "fa_i" "full_adder" 4 11, 4 1 0, S_00000186218fd230;
 .timescale 0 0;
    .port_info 0 /INPUT 1 "a";
    .port_info 1 /INPUT 1 "b";
    .port_info 2 /INPUT 1 "cin";
    .port_info 3 /OUTPUT 1 "sum";
    .port_info 4 /OUTPUT 1 "cout";
L_0000018621973f90 .functor BUFT 1, C4<0>, C4<0>, C4<0>, C4<0>;
v00000186218f2630_0 .net *"_ivl_10", 0 0, L_0000018621973f90;  1 drivers
v00000186218f3670_0 .net *"_ivl_11", 1 0, L_0000018621971570;  1 drivers
v00000186218f3b70_0 .net *"_ivl_13", 1 0, L_0000018621970210;  1 drivers
L_0000018621973fd8 .functor BUFT 1, C4<0>, C4<0>, C4<0>, C4<0>;
v00000186218f35d0_0 .net *"_ivl_16", 0 0, L_0000018621973fd8;  1 drivers
v00000186218f3df0_0 .net *"_ivl_17", 1 0, L_0000018621972010;  1 drivers
v00000186218f3530_0 .net *"_ivl_3", 1 0, L_0000018621970030;  1 drivers
L_0000018621973f48 .functor BUFT 1, C4<0>, C4<0>, C4<0>, C4<0>;
v00000186218f4110_0 .net *"_ivl_6", 0 0, L_0000018621973f48;  1 drivers
v00000186218f2c70_0 .net *"_ivl_7", 1 0, L_00000186219707b0;  1 drivers
v00000186218f2450_0 .net "a", 0 0, L_0000018621970170;  1 drivers
v00000186218f3170_0 .net "b", 0 0, L_0000018621972150;  1 drivers
v00000186218f26d0_0 .net "cin", 0 0, L_00000186219721f0;  1 drivers
v00000186218f2db0_0 .net "cout", 0 0, L_0000018621970ad0;  1 drivers
v00000186218f2810_0 .net "sum", 0 0, L_0000018621970b70;  1 drivers
L_0000018621970ad0 .part L_0000018621972010, 1, 1;
L_0000018621970b70 .part L_0000018621972010, 0, 1;
L_0000018621970030 .concat [ 1 1 0 0], L_0000018621970170, L_0000018621973f48;
L_00000186219707b0 .concat [ 1 1 0 0], L_0000018621972150, L_0000018621973f90;
L_0000018621971570 .arith/sum 2, L_0000018621970030, L_00000186219707b0;
L_0000018621970210 .concat [ 1 1 0 0], L_00000186219721f0, L_0000018621973fd8;
L_0000018621972010 .arith/sum 2, L_0000018621971570, L_0000018621970210;
S_00000186218758a0 .scope generate, "fa[1]" "fa[1]" 4 10, 4 10 0, S_00000186218fd0a0;
 .timescale 0 0;
P_00000186218ff830 .param/l "i" 0 4 10, +C4<01>;
S_00000186219618c0 .scope module, "fa_i" "full_adder" 4 11, 4 1 0, S_00000186218758a0;
 .timescale 0 0;
    .port_info 0 /INPUT 1 "a";
    .port_info 1 /INPUT 1 "b";
    .port_info 2 /INPUT 1 "cin";
    .port_info 3 /OUTPUT 1 "sum";
    .port_info 4 /OUTPUT 1 "cout";
L_0000018621974068 .functor BUFT 1, C4<0>, C4<0>, C4<0>, C4<0>;
v00000186218f37b0_0 .net *"_ivl_10", 0 0, L_0000018621974068;  1 drivers
v00000186218f3cb0_0 .net *"_ivl_11", 1 0, L_0000018621970f30;  1 drivers
v00000186218f3850_0 .net *"_ivl_13", 1 0, L_00000186219723d0;  1 drivers
L_00000186219740b0 .functor BUFT 1, C4<0>, C4<0>, C4<0>, C4<0>;
v00000186218f28b0_0 .net *"_ivl_16", 0 0, L_00000186219740b0;  1 drivers
v00000186218f2e50_0 .net *"_ivl_17", 1 0, L_0000018621971110;  1 drivers
v00000186218f2ef0_0 .net *"_ivl_3", 1 0, L_0000018621972290;  1 drivers
L_0000018621974020 .functor BUFT 1, C4<0>, C4<0>, C4<0>, C4<0>;
v00000186218f3d50_0 .net *"_ivl_6", 0 0, L_0000018621974020;  1 drivers
v00000186218f2f90_0 .net *"_ivl_7", 1 0, L_0000018621970c10;  1 drivers
v00000186218f3030_0 .net "a", 0 0, L_0000018621971b10;  1 drivers
v00000186218f38f0_0 .net "b", 0 0, L_00000186219702b0;  1 drivers
v00000186218f3990_0 .net "cin", 0 0, L_0000018621970cb0;  1 drivers
v00000186218f3a30_0 .net "cout", 0 0, L_0000018621971c50;  1 drivers
v00000186218f3c10_0 .net "sum", 0 0, L_00000186219725b0;  1 drivers
L_0000018621971c50 .part L_0000018621971110, 1, 1;
L_00000186219725b0 .part L_0000018621971110, 0, 1;
L_0000018621972290 .concat [ 1 1 0 0], L_0000018621971b10, L_0000018621974020;
L_0000018621970c10 .concat [ 1 1 0 0], L_00000186219702b0, L_0000018621974068;
L_0000018621970f30 .arith/sum 2, L_0000018621972290, L_0000018621970c10;
L_00000186219723d0 .concat [ 1 1 0 0], L_0000018621970cb0, L_00000186219740b0;
L_0000018621971110 .arith/sum 2, L_0000018621970f30, L_00000186219723d0;
S_0000018621961a50 .scope generate, "fa[2]" "fa[2]" 4 10, 4 10 0, S_00000186218fd0a0;
 .timescale 0 0;
P_00000186218fef70 .param/l "i" 0 4 10, +C4<010>;
S_0000018621961be0 .scope module, "fa_i" "full_adder" 4 11, 4 1 0, S_0000018621961a50;
 .timescale 0 0;
    .port_info 0 /INPUT 1 "a";
    .port_info 1 /INPUT 1 "b";
    .port_info 2 /INPUT 1 "cin";
    .port_info 3 /OUTPUT 1 "sum";
    .port_info 4 /OUTPUT 1 "cout";
L_0000018621974140 .functor BUFT 1, C4<0>, C4<0>, C4<0>, C4<0>;
v00000186218a2740_0 .net *"_ivl_10", 0 0, L_0000018621974140;  1 drivers
v00000186218a22e0_0 .net *"_ivl_11", 1 0, L_00000186219705d0;  1 drivers
v00000186218a1de0_0 .net *"_ivl_13", 1 0, L_0000018621971390;  1 drivers
L_0000018621974188 .functor BUFT 1, C4<0>, C4<0>, C4<0>, C4<0>;
v00000186218a18e0_0 .net *"_ivl_16", 0 0, L_0000018621974188;  1 drivers
v00000186218a1ac0_0 .net *"_ivl_17", 1 0, L_0000018621970df0;  1 drivers
v00000186218a2b00_0 .net *"_ivl_3", 1 0, L_0000018621970490;  1 drivers
L_00000186219740f8 .functor BUFT 1, C4<0>, C4<0>, C4<0>, C4<0>;
v00000186218a2ba0_0 .net *"_ivl_6", 0 0, L_00000186219740f8;  1 drivers
v00000186218a3280_0 .net *"_ivl_7", 1 0, L_0000018621972650;  1 drivers
v00000186218a3320_0 .net "a", 0 0, L_0000018621970350;  1 drivers
v00000186218a1520_0 .net "b", 0 0, L_0000018621970990;  1 drivers
v00000186218b0e20_0 .net "cin", 0 0, L_0000018621970530;  1 drivers
v00000186218b1d20_0 .net "cout", 0 0, L_0000018621970d50;  1 drivers
v00000186218b0c40_0 .net "sum", 0 0, L_0000018621970a30;  1 drivers
L_0000018621970d50 .part L_0000018621970df0, 1, 1;
L_0000018621970a30 .part L_0000018621970df0, 0, 1;
L_0000018621970490 .concat [ 1 1 0 0], L_0000018621970350, L_00000186219740f8;
L_0000018621972650 .concat [ 1 1 0 0], L_0000018621970990, L_0000018621974140;
L_00000186219705d0 .arith/sum 2, L_0000018621970490, L_0000018621972650;
L_0000018621971390 .concat [ 1 1 0 0], L_0000018621970530, L_0000018621974188;
L_0000018621970df0 .arith/sum 2, L_00000186219705d0, L_0000018621971390;
S_0000018621961d70 .scope generate, "fa[3]" "fa[3]" 4 10, 4 10 0, S_00000186218fd0a0;
 .timescale 0 0;
P_00000186218ff430 .param/l "i" 0 4 10, +C4<011>;
S_0000018621921290 .scope module, "fa_i" "full_adder" 4 11, 4 1 0, S_0000018621961d70;
 .timescale 0 0;
    .port_info 0 /INPUT 1 "a";
    .port_info 1 /INPUT 1 "b";
    .port_info 2 /INPUT 1 "cin";
    .port_info 3 /OUTPUT 1 "sum";
    .port_info 4 /OUTPUT 1 "cout";
L_0000018621974218 .functor BUFT 1, C4<0>, C4<0>, C4<0>, C4<0>;
v00000186218b11e0_0 .net *"_ivl_10", 0 0, L_0000018621974218;  1 drivers
v00000186218b1640_0 .net *"_ivl_11", 1 0, L_00000186219726f0;  1 drivers
v00000186218b1000_0 .net *"_ivl_13", 1 0, L_0000018621970670;  1 drivers
L_0000018621974260 .functor BUFT 1, C4<0>, C4<0>, C4<0>, C4<0>;
v00000186218b0240_0 .net *"_ivl_16", 0 0, L_0000018621974260;  1 drivers
v00000186218b1dc0_0 .net *"_ivl_17", 1 0, L_0000018621971890;  1 drivers
v00000186218b02e0_0 .net *"_ivl_3", 1 0, L_0000018621972470;  1 drivers
L_00000186219741d0 .functor BUFT 1, C4<0>, C4<0>, C4<0>, C4<0>;
v00000186218b1820_0 .net *"_ivl_6", 0 0, L_00000186219741d0;  1 drivers
v00000186218c2690_0 .net *"_ivl_7", 1 0, L_00000186219703f0;  1 drivers
v00000186218c2cd0_0 .net "a", 0 0, L_0000018621971f70;  1 drivers
v00000186218c3270_0 .net "b", 0 0, L_0000018621970fd0;  1 drivers
v00000186218c3310_0 .net "cin", 0 0, L_0000018621971070;  1 drivers
v00000186218c2d70_0 .net "cout", 0 0, L_00000186219717f0;  1 drivers
v00000186218c1790_0 .net "sum", 0 0, L_0000018621972330;  1 drivers
L_00000186219717f0 .part L_0000018621971890, 1, 1;
L_0000018621972330 .part L_0000018621971890, 0, 1;
L_0000018621972470 .concat [ 1 1 0 0], L_0000018621971f70, L_00000186219741d0;
L_00000186219703f0 .concat [ 1 1 0 0], L_0000018621970fd0, L_0000018621974218;
L_00000186219726f0 .arith/sum 2, L_0000018621972470, L_00000186219703f0;
L_0000018621970670 .concat [ 1 1 0 0], L_0000018621971070, L_0000018621974260;
L_0000018621971890 .arith/sum 2, L_00000186219726f0, L_0000018621970670;
S_0000018621921420 .scope generate, "fa[4]" "fa[4]" 4 10, 4 10 0, S_00000186218fd0a0;
 .timescale 0 0;
P_00000186218febf0 .param/l "i" 0 4 10, +C4<0100>;
S_00000186219215b0 .scope module, "fa_i" "full_adder" 4 11, 4 1 0, S_0000018621921420;
 .timescale 0 0;
    .port_info 0 /INPUT 1 "a";
    .port_info 1 /INPUT 1 "b";
    .port_info 2 /INPUT 1 "cin";
    .port_info 3 /OUTPUT 1 "sum";
    .port_info 4 /OUTPUT 1 "cout";
L_00000186219742f0 .functor BUFT 1, C4<0>, C4<0>, C4<0>, C4<0>;
v00000186218c1a10_0 .net *"_ivl_10", 0 0, L_00000186219742f0;  1 drivers
v00000186218c2f50_0 .net *"_ivl_11", 1 0, L_000001862196ff90;  1 drivers
v00000186218c2190_0 .net *"_ivl_13", 1 0, L_0000018621970710;  1 drivers
L_0000018621974338 .functor BUFT 1, C4<0>, C4<0>, C4<0>, C4<0>;
v00000186218c2730_0 .net *"_ivl_16", 0 0, L_0000018621974338;  1 drivers
v00000186218d13f0_0 .net *"_ivl_17", 1 0, L_0000018621971430;  1 drivers
v00000186218d0a90_0 .net *"_ivl_3", 1 0, L_00000186219712f0;  1 drivers
L_00000186219742a8 .functor BUFT 1, C4<0>, C4<0>, C4<0>, C4<0>;
v00000186218d0810_0 .net *"_ivl_6", 0 0, L_00000186219742a8;  1 drivers
v00000186218d0e50_0 .net *"_ivl_7", 1 0, L_00000186219719d0;  1 drivers
v00000186218d1850_0 .net "a", 0 0, L_00000186219716b0;  1 drivers
v00000186218d1c10_0 .net "b", 0 0, L_0000018621971a70;  1 drivers
v00000186218d1350_0 .net "cin", 0 0, L_00000186219711b0;  1 drivers
v00000186218d1f30_0 .net "cout", 0 0, L_0000018621971930;  1 drivers
v00000186218d18f0_0 .net "sum", 0 0, L_0000018621972510;  1 drivers
L_0000018621971930 .part L_0000018621971430, 1, 1;
L_0000018621972510 .part L_0000018621971430, 0, 1;
L_00000186219712f0 .concat [ 1 1 0 0], L_00000186219716b0, L_00000186219742a8;
L_00000186219719d0 .concat [ 1 1 0 0], L_0000018621971a70, L_00000186219742f0;
L_000001862196ff90 .arith/sum 2, L_00000186219712f0, L_00000186219719d0;
L_0000018621970710 .concat [ 1 1 0 0], L_00000186219711b0, L_0000018621974338;
L_0000018621971430 .arith/sum 2, L_000001862196ff90, L_0000018621970710;
S_0000018621921740 .scope generate, "fa[5]" "fa[5]" 4 10, 4 10 0, S_00000186218fd0a0;
 .timescale 0 0;
P_00000186218ff3f0 .param/l "i" 0 4 10, +C4<0101>;
S_00000186219218d0 .scope module, "fa_i" "full_adder" 4 11, 4 1 0, S_0000018621921740;
 .timescale 0 0;
    .port_info 0 /INPUT 1 "a";
    .port_info 1 /INPUT 1 "b";
    .port_info 2 /INPUT 1 "cin";
    .port_info 3 /OUTPUT 1 "sum";
    .port_info 4 /OUTPUT 1 "cout";
L_00000186219743c8 .functor BUFT 1, C4<0>, C4<0>, C4<0>, C4<0>;
v00000186218d1170_0 .net *"_ivl_10", 0 0, L_00000186219743c8;  1 drivers
v00000186218e8dd0_0 .net *"_ivl_11", 1 0, L_0000018621971750;  1 drivers
v00000186218e9b90_0 .net *"_ivl_13", 1 0, L_0000018621971bb0;  1 drivers
L_0000018621974410 .functor BUFT 1, C4<0>, C4<0>, C4<0>, C4<0>;
v00000186218ea3b0_0 .net *"_ivl_16", 0 0, L_0000018621974410;  1 drivers
v00000186218ea950_0 .net *"_ivl_17", 1 0, L_0000018621971d90;  1 drivers
v00000186218e9550_0 .net *"_ivl_3", 1 0, L_00000186219714d0;  1 drivers
L_0000018621974380 .functor BUFT 1, C4<0>, C4<0>, C4<0>, C4<0>;
v00000186218e9d70_0 .net *"_ivl_6", 0 0, L_0000018621974380;  1 drivers
v00000186218ea450_0 .net *"_ivl_7", 1 0, L_0000018621971610;  1 drivers
v00000186218e8bf0_0 .net "a", 0 0, L_0000018621971e30;  1 drivers
v00000186218e90f0_0 .net "b", 0 0, L_0000018621971ed0;  1 drivers
v00000186218e94b0_0 .net "cin", 0 0, L_00000186219bfb40;  1 drivers
v00000186218993d0_0 .net "cout", 0 0, L_0000018621970850;  1 drivers
v0000018621898d90_0 .net "sum", 0 0, L_0000018621971250;  1 drivers
L_0000018621970850 .part L_0000018621971d90, 1, 1;
L_0000018621971250 .part L_0000018621971d90, 0, 1;
L_00000186219714d0 .concat [ 1 1 0 0], L_0000018621971e30, L_0000018621974380;
L_0000018621971610 .concat [ 1 1 0 0], L_0000018621971ed0, L_00000186219743c8;
L_0000018621971750 .arith/sum 2, L_00000186219714d0, L_0000018621971610;
L_0000018621971bb0 .concat [ 1 1 0 0], L_00000186219bfb40, L_0000018621974410;
L_0000018621971d90 .arith/sum 2, L_0000018621971750, L_0000018621971bb0;
S_0000018621921a60 .scope generate, "fa[6]" "fa[6]" 4 10, 4 10 0, S_00000186218fd0a0;
 .timescale 0 0;
P_00000186218fedb0 .param/l "i" 0 4 10, +C4<0110>;
S_0000018621921bf0 .scope module, "fa_i" "full_adder" 4 11, 4 1 0, S_0000018621921a60;
 .timescale 0 0;
    .port_info 0 /INPUT 1 "a";
    .port_info 1 /INPUT 1 "b";
    .port_info 2 /INPUT 1 "cin";
    .port_info 3 /OUTPUT 1 "sum";
    .port_info 4 /OUTPUT 1 "cout";
L_00000186219744a0 .functor BUFT 1, C4<0>, C4<0>, C4<0>, C4<0>;
v0000018621899510_0 .net *"_ivl_10", 0 0, L_00000186219744a0;  1 drivers
v0000018621898930_0 .net *"_ivl_11", 1 0, L_00000186219bef60;  1 drivers
v0000018621898bb0_0 .net *"_ivl_13", 1 0, L_00000186219c0040;  1 drivers
L_00000186219744e8 .functor BUFT 1, C4<0>, C4<0>, C4<0>, C4<0>;
v0000018621898cf0_0 .net *"_ivl_16", 0 0, L_00000186219744e8;  1 drivers
v0000018621921e70_0 .net *"_ivl_17", 1 0, L_00000186219be420;  1 drivers
v0000018621922d70_0 .net *"_ivl_3", 1 0, L_00000186219bf460;  1 drivers
L_0000018621974458 .functor BUFT 1, C4<0>, C4<0>, C4<0>, C4<0>;
v00000186219220f0_0 .net *"_ivl_6", 0 0, L_0000018621974458;  1 drivers
v0000018621923770_0 .net *"_ivl_7", 1 0, L_00000186219bfbe0;  1 drivers
v0000018621922690_0 .net "a", 0 0, L_00000186219c00e0;  1 drivers
v0000018621922230_0 .net "b", 0 0, L_00000186219bfa00;  1 drivers
v00000186219238b0_0 .net "cin", 0 0, L_00000186219be4c0;  1 drivers
v0000018621923270_0 .net "cout", 0 0, L_00000186219be880;  1 drivers
v00000186219224b0_0 .net "sum", 0 0, L_00000186219bf780;  1 drivers
L_00000186219be880 .part L_00000186219be420, 1, 1;
L_00000186219bf780 .part L_00000186219be420, 0, 1;
L_00000186219bf460 .concat [ 1 1 0 0], L_00000186219c00e0, L_0000018621974458;
L_00000186219bfbe0 .concat [ 1 1 0 0], L_00000186219bfa00, L_00000186219744a0;
L_00000186219bef60 .arith/sum 2, L_00000186219bf460, L_00000186219bfbe0;
L_00000186219c0040 .concat [ 1 1 0 0], L_00000186219be4c0, L_00000186219744e8;
L_00000186219be420 .arith/sum 2, L_00000186219bef60, L_00000186219c0040;
S_0000018621924420 .scope generate, "fa[7]" "fa[7]" 4 10, 4 10 0, S_00000186218fd0a0;
 .timescale 0 0;
P_00000186218ff270 .param/l "i" 0 4 10, +C4<0111>;
S_0000018621923f70 .scope module, "fa_i" "full_adder" 4 11, 4 1 0, S_0000018621924420;
 .timescale 0 0;
    .port_info 0 /INPUT 1 "a";
    .port_info 1 /INPUT 1 "b";
    .port_info 2 /INPUT 1 "cin";
    .port_info 3 /OUTPUT 1 "sum";
    .port_info 4 /OUTPUT 1 "cout";
L_0000018621974578 .functor BUFT 1, C4<0>, C4<0>, C4<0>, C4<0>;
v0000018621923130_0 .net *"_ivl_10", 0 0, L_0000018621974578;  1 drivers
v0000018621923810_0 .net *"_ivl_11", 1 0, L_00000186219bf000;  1 drivers
v0000018621923b30_0 .net *"_ivl_13", 1 0, L_00000186219c0400;  1 drivers
L_00000186219745c0 .functor BUFT 1, C4<0>, C4<0>, C4<0>, C4<0>;
v0000018621923950_0 .net *"_ivl_16", 0 0, L_00000186219745c0;  1 drivers
v0000018621923630_0 .net *"_ivl_17", 1 0, L_00000186219bf140;  1 drivers
v0000018621922550_0 .net *"_ivl_3", 1 0, L_00000186219bf820;  1 drivers
L_0000018621974530 .functor BUFT 1, C4<0>, C4<0>, C4<0>, C4<0>;
v00000186219225f0_0 .net *"_ivl_6", 0 0, L_0000018621974530;  1 drivers
v0000018621922b90_0 .net *"_ivl_7", 1 0, L_00000186219c0720;  1 drivers
v00000186219239f0_0 .net "a", 0 0, L_00000186219bfc80;  1 drivers
v00000186219236d0_0 .net "b", 0 0, L_00000186219bf500;  1 drivers
v00000186219234f0_0 .net "cin", 0 0, L_00000186219bfd20;  1 drivers
v0000018621922f50_0 .net "cout", 0 0, L_00000186219be6a0;  1 drivers
v0000018621923090_0 .net "sum", 0 0, L_00000186219bf320;  1 drivers
L_00000186219be6a0 .part L_00000186219bf140, 1, 1;
L_00000186219bf320 .part L_00000186219bf140, 0, 1;
L_00000186219bf820 .concat [ 1 1 0 0], L_00000186219bfc80, L_0000018621974530;
L_00000186219c0720 .concat [ 1 1 0 0], L_00000186219bf500, L_0000018621974578;
L_00000186219bf000 .arith/sum 2, L_00000186219bf820, L_00000186219c0720;
L_00000186219c0400 .concat [ 1 1 0 0], L_00000186219bfd20, L_00000186219745c0;
L_00000186219bf140 .arith/sum 2, L_00000186219bf000, L_00000186219c0400;
S_0000018621924bf0 .scope generate, "fa[8]" "fa[8]" 4 10, 4 10 0, S_00000186218fd0a0;
 .timescale 0 0;
P_00000186218feb30 .param/l "i" 0 4 10, +C4<01000>;
S_0000018621924290 .scope module, "fa_i" "full_adder" 4 11, 4 1 0, S_0000018621924bf0;
 .timescale 0 0;
    .port_info 0 /INPUT 1 "a";
    .port_info 1 /INPUT 1 "b";
    .port_info 2 /INPUT 1 "cin";
    .port_info 3 /OUTPUT 1 "sum";
    .port_info 4 /OUTPUT 1 "cout";
L_0000018621974650 .functor BUFT 1, C4<0>, C4<0>, C4<0>, C4<0>;
v0000018621923a90_0 .net *"_ivl_10", 0 0, L_0000018621974650;  1 drivers
v0000018621923bd0_0 .net *"_ivl_11", 1 0, L_00000186219bf1e0;  1 drivers
v00000186219231d0_0 .net *"_ivl_13", 1 0, L_00000186219bf5a0;  1 drivers
L_0000018621974698 .functor BUFT 1, C4<0>, C4<0>, C4<0>, C4<0>;
v0000018621923310_0 .net *"_ivl_16", 0 0, L_0000018621974698;  1 drivers
v0000018621921dd0_0 .net *"_ivl_17", 1 0, L_00000186219be380;  1 drivers
v0000018621921f10_0 .net *"_ivl_3", 1 0, L_00000186219bea60;  1 drivers
L_0000018621974608 .functor BUFT 1, C4<0>, C4<0>, C4<0>, C4<0>;
v00000186219229b0_0 .net *"_ivl_6", 0 0, L_0000018621974608;  1 drivers
v0000018621922730_0 .net *"_ivl_7", 1 0, L_00000186219bf640;  1 drivers
v0000018621923c70_0 .net "a", 0 0, L_00000186219beba0;  1 drivers
v00000186219233b0_0 .net "b", 0 0, L_00000186219bdfc0;  1 drivers
v0000018621923450_0 .net "cin", 0 0, L_00000186219be060;  1 drivers
v0000018621922870_0 .net "cout", 0 0, L_00000186219beb00;  1 drivers
v0000018621921fb0_0 .net "sum", 0 0, L_00000186219bece0;  1 drivers
L_00000186219beb00 .part L_00000186219be380, 1, 1;
L_00000186219bece0 .part L_00000186219be380, 0, 1;
L_00000186219bea60 .concat [ 1 1 0 0], L_00000186219beba0, L_0000018621974608;
L_00000186219bf640 .concat [ 1 1 0 0], L_00000186219bdfc0, L_0000018621974650;
L_00000186219bf1e0 .arith/sum 2, L_00000186219bea60, L_00000186219bf640;
L_00000186219bf5a0 .concat [ 1 1 0 0], L_00000186219be060, L_0000018621974698;
L_00000186219be380 .arith/sum 2, L_00000186219bf1e0, L_00000186219bf5a0;
S_00000186219245b0 .scope generate, "fa[9]" "fa[9]" 4 10, 4 10 0, S_00000186218fd0a0;
 .timescale 0 0;
P_00000186218ff230 .param/l "i" 0 4 10, +C4<01001>;
S_0000018621923de0 .scope module, "fa_i" "full_adder" 4 11, 4 1 0, S_00000186219245b0;
 .timescale 0 0;
    .port_info 0 /INPUT 1 "a";
    .port_info 1 /INPUT 1 "b";
    .port_info 2 /INPUT 1 "cin";
    .port_info 3 /OUTPUT 1 "sum";
    .port_info 4 /OUTPUT 1 "cout";
L_0000018621974728 .functor BUFT 1, C4<0>, C4<0>, C4<0>, C4<0>;
v0000018621922050_0 .net *"_ivl_10", 0 0, L_0000018621974728;  1 drivers
v0000018621922190_0 .net *"_ivl_11", 1 0, L_00000186219c04a0;  1 drivers
v0000018621923590_0 .net *"_ivl_13", 1 0, L_00000186219bed80;  1 drivers
L_0000018621974770 .functor BUFT 1, C4<0>, C4<0>, C4<0>, C4<0>;
v0000018621922cd0_0 .net *"_ivl_16", 0 0, L_0000018621974770;  1 drivers
v0000018621922af0_0 .net *"_ivl_17", 1 0, L_00000186219be100;  1 drivers
v00000186219222d0_0 .net *"_ivl_3", 1 0, L_00000186219bec40;  1 drivers
L_00000186219746e0 .functor BUFT 1, C4<0>, C4<0>, C4<0>, C4<0>;
v0000018621922370_0 .net *"_ivl_6", 0 0, L_00000186219746e0;  1 drivers
v0000018621922410_0 .net *"_ivl_7", 1 0, L_00000186219c0680;  1 drivers
v0000018621922ff0_0 .net "a", 0 0, L_00000186219be7e0;  1 drivers
v00000186219227d0_0 .net "b", 0 0, L_00000186219c0220;  1 drivers
v0000018621922910_0 .net "cin", 0 0, L_00000186219bf280;  1 drivers
v0000018621922e10_0 .net "cout", 0 0, L_00000186219be600;  1 drivers
v0000018621922a50_0 .net "sum", 0 0, L_00000186219c0180;  1 drivers
L_00000186219be600 .part L_00000186219be100, 1, 1;
L_00000186219c0180 .part L_00000186219be100, 0, 1;
L_00000186219bec40 .concat [ 1 1 0 0], L_00000186219be7e0, L_00000186219746e0;
L_00000186219c0680 .concat [ 1 1 0 0], L_00000186219c0220, L_0000018621974728;
L_00000186219c04a0 .arith/sum 2, L_00000186219bec40, L_00000186219c0680;
L_00000186219bed80 .concat [ 1 1 0 0], L_00000186219bf280, L_0000018621974770;
L_00000186219be100 .arith/sum 2, L_00000186219c04a0, L_00000186219bed80;
S_0000018621924740 .scope generate, "fa[10]" "fa[10]" 4 10, 4 10 0, S_00000186218fd0a0;
 .timescale 0 0;
P_00000186218feeb0 .param/l "i" 0 4 10, +C4<01010>;
S_00000186219248d0 .scope module, "fa_i" "full_adder" 4 11, 4 1 0, S_0000018621924740;
 .timescale 0 0;
    .port_info 0 /INPUT 1 "a";
    .port_info 1 /INPUT 1 "b";
    .port_info 2 /INPUT 1 "cin";
    .port_info 3 /OUTPUT 1 "sum";
    .port_info 4 /OUTPUT 1 "cout";
L_0000018621974800 .functor BUFT 1, C4<0>, C4<0>, C4<0>, C4<0>;
v0000018621922c30_0 .net *"_ivl_10", 0 0, L_0000018621974800;  1 drivers
v0000018621922eb0_0 .net *"_ivl_11", 1 0, L_00000186219c02c0;  1 drivers
v00000186219260b0_0 .net *"_ivl_13", 1 0, L_00000186219bf960;  1 drivers
L_0000018621974848 .functor BUFT 1, C4<0>, C4<0>, C4<0>, C4<0>;
v0000018621926970_0 .net *"_ivl_16", 0 0, L_0000018621974848;  1 drivers
v00000186219256b0_0 .net *"_ivl_17", 1 0, L_00000186219c05e0;  1 drivers
v0000018621925d90_0 .net *"_ivl_3", 1 0, L_00000186219bee20;  1 drivers
L_00000186219747b8 .functor BUFT 1, C4<0>, C4<0>, C4<0>, C4<0>;
v0000018621925c50_0 .net *"_ivl_6", 0 0, L_00000186219747b8;  1 drivers
v0000018621925930_0 .net *"_ivl_7", 1 0, L_00000186219bfe60;  1 drivers
v00000186219259d0_0 .net "a", 0 0, L_00000186219c0360;  1 drivers
v0000018621926bf0_0 .net "b", 0 0, L_00000186219bff00;  1 drivers
v0000018621926c90_0 .net "cin", 0 0, L_00000186219be1a0;  1 drivers
v0000018621924f30_0 .net "cout", 0 0, L_00000186219bfdc0;  1 drivers
v0000018621926ab0_0 .net "sum", 0 0, L_00000186219bffa0;  1 drivers
L_00000186219bfdc0 .part L_00000186219c05e0, 1, 1;
L_00000186219bffa0 .part L_00000186219c05e0, 0, 1;
L_00000186219bee20 .concat [ 1 1 0 0], L_00000186219c0360, L_00000186219747b8;
L_00000186219bfe60 .concat [ 1 1 0 0], L_00000186219bff00, L_0000018621974800;
L_00000186219c02c0 .arith/sum 2, L_00000186219bee20, L_00000186219bfe60;
L_00000186219bf960 .concat [ 1 1 0 0], L_00000186219be1a0, L_0000018621974848;
L_00000186219c05e0 .arith/sum 2, L_00000186219c02c0, L_00000186219bf960;
S_0000018621924a60 .scope generate, "fa[11]" "fa[11]" 4 10, 4 10 0, S_00000186218fd0a0;
 .timescale 0 0;
P_00000186218ff470 .param/l "i" 0 4 10, +C4<01011>;
S_0000018621924100 .scope module, "fa_i" "full_adder" 4 11, 4 1 0, S_0000018621924a60;
 .timescale 0 0;
    .port_info 0 /INPUT 1 "a";
    .port_info 1 /INPUT 1 "b";
    .port_info 2 /INPUT 1 "cin";
    .port_info 3 /OUTPUT 1 "sum";
    .port_info 4 /OUTPUT 1 "cout";
L_00000186219748d8 .functor BUFT 1, C4<0>, C4<0>, C4<0>, C4<0>;
v0000018621925f70_0 .net *"_ivl_10", 0 0, L_00000186219748d8;  1 drivers
v0000018621925750_0 .net *"_ivl_11", 1 0, L_00000186219be2e0;  1 drivers
v0000018621926b50_0 .net *"_ivl_13", 1 0, L_00000186219be560;  1 drivers
L_0000018621974920 .functor BUFT 1, C4<0>, C4<0>, C4<0>, C4<0>;
v0000018621926a10_0 .net *"_ivl_16", 0 0, L_0000018621974920;  1 drivers
v0000018621925570_0 .net *"_ivl_17", 1 0, L_00000186219bf0a0;  1 drivers
v0000018621925610_0 .net *"_ivl_3", 1 0, L_00000186219c0540;  1 drivers
L_0000018621974890 .functor BUFT 1, C4<0>, C4<0>, C4<0>, C4<0>;
v0000018621926150_0 .net *"_ivl_6", 0 0, L_0000018621974890;  1 drivers
v0000018621924fd0_0 .net *"_ivl_7", 1 0, L_00000186219be240;  1 drivers
v0000018621925890_0 .net "a", 0 0, L_00000186219bf3c0;  1 drivers
v0000018621924e90_0 .net "b", 0 0, L_00000186219be740;  1 drivers
v0000018621926790_0 .net "cin", 0 0, L_00000186219bf8c0;  1 drivers
v0000018621925430_0 .net "cout", 0 0, L_00000186219bf6e0;  1 drivers
v0000018621926650_0 .net "sum", 0 0, L_00000186219beec0;  1 drivers
L_00000186219bf6e0 .part L_00000186219bf0a0, 1, 1;
L_00000186219beec0 .part L_00000186219bf0a0, 0, 1;
L_00000186219c0540 .concat [ 1 1 0 0], L_00000186219bf3c0, L_0000018621974890;
L_00000186219be240 .concat [ 1 1 0 0], L_00000186219be740, L_00000186219748d8;
L_00000186219be2e0 .arith/sum 2, L_00000186219c0540, L_00000186219be240;
L_00000186219be560 .concat [ 1 1 0 0], L_00000186219bf8c0, L_0000018621974920;
L_00000186219bf0a0 .arith/sum 2, L_00000186219be2e0, L_00000186219be560;
S_0000018621927da0 .scope generate, "fa[12]" "fa[12]" 4 10, 4 10 0, S_00000186218fd0a0;
 .timescale 0 0;
P_00000186218ff630 .param/l "i" 0 4 10, +C4<01100>;
S_0000018621928570 .scope module, "fa_i" "full_adder" 4 11, 4 1 0, S_0000018621927da0;
 .timescale 0 0;
    .port_info 0 /INPUT 1 "a";
    .port_info 1 /INPUT 1 "b";
    .port_info 2 /INPUT 1 "cin";
    .port_info 3 /OUTPUT 1 "sum";
    .port_info 4 /OUTPUT 1 "cout";
L_00000186219749b0 .functor BUFT 1, C4<0>, C4<0>, C4<0>, C4<0>;
v0000018621925070_0 .net *"_ivl_10", 0 0, L_00000186219749b0;  1 drivers
v00000186219257f0_0 .net *"_ivl_11", 1 0, L_00000186219c1b20;  1 drivers
v0000018621925a70_0 .net *"_ivl_13", 1 0, L_00000186219c1620;  1 drivers
L_00000186219749f8 .functor BUFT 1, C4<0>, C4<0>, C4<0>, C4<0>;
v0000018621924df0_0 .net *"_ivl_16", 0 0, L_00000186219749f8;  1 drivers
v0000018621926470_0 .net *"_ivl_17", 1 0, L_00000186219c1da0;  1 drivers
v0000018621925110_0 .net *"_ivl_3", 1 0, L_00000186219be9c0;  1 drivers
L_0000018621974968 .functor BUFT 1, C4<0>, C4<0>, C4<0>, C4<0>;
v00000186219251b0_0 .net *"_ivl_6", 0 0, L_0000018621974968;  1 drivers
v0000018621925b10_0 .net *"_ivl_7", 1 0, L_00000186219c1800;  1 drivers
v0000018621925bb0_0 .net "a", 0 0, L_00000186219c1c60;  1 drivers
v0000018621925cf0_0 .net "b", 0 0, L_00000186219c18a0;  1 drivers
v00000186219252f0_0 .net "cin", 0 0, L_00000186219c0860;  1 drivers
v0000018621925e30_0 .net "cout", 0 0, L_00000186219be920;  1 drivers
v0000018621925250_0 .net "sum", 0 0, L_00000186219bfaa0;  1 drivers
L_00000186219be920 .part L_00000186219c1da0, 1, 1;
L_00000186219bfaa0 .part L_00000186219c1da0, 0, 1;
L_00000186219be9c0 .concat [ 1 1 0 0], L_00000186219c1c60, L_0000018621974968;
L_00000186219c1800 .concat [ 1 1 0 0], L_00000186219c18a0, L_00000186219749b0;
L_00000186219c1b20 .arith/sum 2, L_00000186219be9c0, L_00000186219c1800;
L_00000186219c1620 .concat [ 1 1 0 0], L_00000186219c0860, L_00000186219749f8;
L_00000186219c1da0 .arith/sum 2, L_00000186219c1b20, L_00000186219c1620;
S_0000018621928700 .scope generate, "fa[13]" "fa[13]" 4 10, 4 10 0, S_00000186218fd0a0;
 .timescale 0 0;
P_00000186218fee70 .param/l "i" 0 4 10, +C4<01101>;
S_0000018621927120 .scope module, "fa_i" "full_adder" 4 11, 4 1 0, S_0000018621928700;
 .timescale 0 0;
    .port_info 0 /INPUT 1 "a";
    .port_info 1 /INPUT 1 "b";
    .port_info 2 /INPUT 1 "cin";
    .port_info 3 /OUTPUT 1 "sum";
    .port_info 4 /OUTPUT 1 "cout";
L_0000018621974a88 .functor BUFT 1, C4<0>, C4<0>, C4<0>, C4<0>;
v0000018621925ed0_0 .net *"_ivl_10", 0 0, L_0000018621974a88;  1 drivers
v0000018621926010_0 .net *"_ivl_11", 1 0, L_00000186219c14e0;  1 drivers
v0000018621925390_0 .net *"_ivl_13", 1 0, L_00000186219c1580;  1 drivers
L_0000018621974ad0 .functor BUFT 1, C4<0>, C4<0>, C4<0>, C4<0>;
v00000186219261f0_0 .net *"_ivl_16", 0 0, L_0000018621974ad0;  1 drivers
v0000018621926510_0 .net *"_ivl_17", 1 0, L_00000186219c0e00;  1 drivers
v0000018621926290_0 .net *"_ivl_3", 1 0, L_00000186219c1a80;  1 drivers
L_0000018621974a40 .functor BUFT 1, C4<0>, C4<0>, C4<0>, C4<0>;
v00000186219254d0_0 .net *"_ivl_6", 0 0, L_0000018621974a40;  1 drivers
v0000018621926330_0 .net *"_ivl_7", 1 0, L_00000186219c1bc0;  1 drivers
v00000186219265b0_0 .net "a", 0 0, L_00000186219c0ae0;  1 drivers
v00000186219263d0_0 .net "b", 0 0, L_00000186219c16c0;  1 drivers
v00000186219266f0_0 .net "cin", 0 0, L_00000186219c0900;  1 drivers
v0000018621926830_0 .net "cout", 0 0, L_00000186219c11c0;  1 drivers
v00000186219268d0_0 .net "sum", 0 0, L_00000186219c1260;  1 drivers
L_00000186219c11c0 .part L_00000186219c0e00, 1, 1;
L_00000186219c1260 .part L_00000186219c0e00, 0, 1;
L_00000186219c1a80 .concat [ 1 1 0 0], L_00000186219c0ae0, L_0000018621974a40;
L_00000186219c1bc0 .concat [ 1 1 0 0], L_00000186219c16c0, L_0000018621974a88;
L_00000186219c14e0 .arith/sum 2, L_00000186219c1a80, L_00000186219c1bc0;
L_00000186219c1580 .concat [ 1 1 0 0], L_00000186219c0900, L_0000018621974ad0;
L_00000186219c0e00 .arith/sum 2, L_00000186219c14e0, L_00000186219c1580;
S_0000018621928890 .scope generate, "fa[14]" "fa[14]" 4 10, 4 10 0, S_00000186218fd0a0;
 .timescale 0 0;
P_00000186218ff4b0 .param/l "i" 0 4 10, +C4<01110>;
S_00000186219283e0 .scope module, "fa_i" "full_adder" 4 11, 4 1 0, S_0000018621928890;
 .timescale 0 0;
    .port_info 0 /INPUT 1 "a";
    .port_info 1 /INPUT 1 "b";
    .port_info 2 /INPUT 1 "cin";
    .port_info 3 /OUTPUT 1 "sum";
    .port_info 4 /OUTPUT 1 "cout";
L_0000018621974b60 .functor BUFT 1, C4<0>, C4<0>, C4<0>, C4<0>;
v00000186219290a0_0 .net *"_ivl_10", 0 0, L_0000018621974b60;  1 drivers
v0000018621929c80_0 .net *"_ivl_11", 1 0, L_00000186219c19e0;  1 drivers
v000001862192b120_0 .net *"_ivl_13", 1 0, L_00000186219c1e40;  1 drivers
L_0000018621974ba8 .functor BUFT 1, C4<0>, C4<0>, C4<0>, C4<0>;
v0000018621929960_0 .net *"_ivl_16", 0 0, L_0000018621974ba8;  1 drivers
v0000018621929140_0 .net *"_ivl_17", 1 0, L_00000186219c0d60;  1 drivers
v000001862192b080_0 .net *"_ivl_3", 1 0, L_00000186219c0cc0;  1 drivers
L_0000018621974b18 .functor BUFT 1, C4<0>, C4<0>, C4<0>, C4<0>;
v000001862192a680_0 .net *"_ivl_6", 0 0, L_0000018621974b18;  1 drivers
v0000018621928f60_0 .net *"_ivl_7", 1 0, L_00000186219c1940;  1 drivers
v0000018621929aa0_0 .net "a", 0 0, L_00000186219c07c0;  1 drivers
v0000018621929fa0_0 .net "b", 0 0, L_00000186219c0a40;  1 drivers
v000001862192b1c0_0 .net "cin", 0 0, L_00000186219c0ea0;  1 drivers
v000001862192a2c0_0 .net "cout", 0 0, L_00000186219c1080;  1 drivers
v0000018621929dc0_0 .net "sum", 0 0, L_00000186219c09a0;  1 drivers
L_00000186219c1080 .part L_00000186219c0d60, 1, 1;
L_00000186219c09a0 .part L_00000186219c0d60, 0, 1;
L_00000186219c0cc0 .concat [ 1 1 0 0], L_00000186219c07c0, L_0000018621974b18;
L_00000186219c1940 .concat [ 1 1 0 0], L_00000186219c0a40, L_0000018621974b60;
L_00000186219c19e0 .arith/sum 2, L_00000186219c0cc0, L_00000186219c1940;
L_00000186219c1e40 .concat [ 1 1 0 0], L_00000186219c0ea0, L_0000018621974ba8;
L_00000186219c0d60 .arith/sum 2, L_00000186219c19e0, L_00000186219c1e40;
S_00000186219280c0 .scope generate, "fa[15]" "fa[15]" 4 10, 4 10 0, S_00000186218fd0a0;
 .timescale 0 0;
P_00000186218fefb0 .param/l "i" 0 4 10, +C4<01111>;
S_0000018621928bb0 .scope module, "fa_i" "full_adder" 4 11, 4 1 0, S_00000186219280c0;
 .timescale 0 0;
    .port_info 0 /INPUT 1 "a";
    .port_info 1 /INPUT 1 "b";
    .port_info 2 /INPUT 1 "cin";
    .port_info 3 /OUTPUT 1 "sum";
    .port_info 4 /OUTPUT 1 "cout";
L_0000018621974c38 .functor BUFT 1, C4<0>, C4<0>, C4<0>, C4<0>;
v000001862192b260_0 .net *"_ivl_10", 0 0, L_0000018621974c38;  1 drivers
v0000018621929000_0 .net *"_ivl_11", 1 0, L_00000186219c0f40;  1 drivers
v000001862192a720_0 .net *"_ivl_13", 1 0, L_00000186219c1300;  1 drivers
L_0000018621974c80 .functor BUFT 1, C4<0>, C4<0>, C4<0>, C4<0>;
v000001862192b440_0 .net *"_ivl_16", 0 0, L_0000018621974c80;  1 drivers
v000001862192a7c0_0 .net *"_ivl_17", 1 0, L_00000186219c0fe0;  1 drivers
v000001862192a400_0 .net *"_ivl_3", 1 0, L_00000186219c1120;  1 drivers
L_0000018621974bf0 .functor BUFT 1, C4<0>, C4<0>, C4<0>, C4<0>;
v000001862192a860_0 .net *"_ivl_6", 0 0, L_0000018621974bf0;  1 drivers
v000001862192aae0_0 .net *"_ivl_7", 1 0, L_00000186219c0c20;  1 drivers
v000001862192a360_0 .net "a", 0 0, L_00000186219c13a0;  1 drivers
v000001862192a180_0 .net "b", 0 0, L_00000186219c1440;  1 drivers
v000001862192a220_0 .net "cin", 0 0, L_00000186219c1760;  1 drivers
v000001862192a040_0 .net "cout", 0 0, L_00000186219c1d00;  1 drivers
v0000018621929280_0 .net "sum", 0 0, L_00000186219c0b80;  1 drivers
L_00000186219c1d00 .part L_00000186219c0fe0, 1, 1;
L_00000186219c0b80 .part L_00000186219c0fe0, 0, 1;
L_00000186219c1120 .concat [ 1 1 0 0], L_00000186219c13a0, L_0000018621974bf0;
L_00000186219c0c20 .concat [ 1 1 0 0], L_00000186219c1440, L_0000018621974c38;
L_00000186219c0f40 .arith/sum 2, L_00000186219c1120, L_00000186219c0c20;
L_00000186219c1300 .concat [ 1 1 0 0], L_00000186219c1760, L_0000018621974c80;
L_00000186219c0fe0 .arith/sum 2, L_00000186219c0f40, L_00000186219c1300;
S_0000018621926e00 .scope generate, "fa[16]" "fa[16]" 4 10, 4 10 0, S_00000186218fd0a0;
 .timescale 0 0;
P_00000186218feff0 .param/l "i" 0 4 10, +C4<010000>;
S_0000018621928a20 .scope module, "fa_i" "full_adder" 4 11, 4 1 0, S_0000018621926e00;
 .timescale 0 0;
    .port_info 0 /INPUT 1 "a";
    .port_info 1 /INPUT 1 "b";
    .port_info 2 /INPUT 1 "cin";
    .port_info 3 /OUTPUT 1 "sum";
    .port_info 4 /OUTPUT 1 "cout";
L_0000018621974d10 .functor BUFT 1, C4<0>, C4<0>, C4<0>, C4<0>;
v000001862192a0e0_0 .net *"_ivl_10", 0 0, L_0000018621974d10;  1 drivers
v00000186219291e0_0 .net *"_ivl_11", 1 0, L_00000186219c6b40;  1 drivers
v000001862192a4a0_0 .net *"_ivl_13", 1 0, L_00000186219c8bc0;  1 drivers
L_0000018621974d58 .functor BUFT 1, C4<0>, C4<0>, C4<0>, C4<0>;
v0000018621929d20_0 .net *"_ivl_16", 0 0, L_0000018621974d58;  1 drivers
v000001862192b300_0 .net *"_ivl_17", 1 0, L_00000186219c6f00;  1 drivers
v00000186219296e0_0 .net *"_ivl_3", 1 0, L_00000186219c7ea0;  1 drivers
L_0000018621974cc8 .functor BUFT 1, C4<0>, C4<0>, C4<0>, C4<0>;
v0000018621929a00_0 .net *"_ivl_6", 0 0, L_0000018621974cc8;  1 drivers
v0000018621929320_0 .net *"_ivl_7", 1 0, L_00000186219c8440;  1 drivers
v000001862192a540_0 .net "a", 0 0, L_00000186219c8c60;  1 drivers
v000001862192a5e0_0 .net "b", 0 0, L_00000186219c8d00;  1 drivers
v0000018621929820_0 .net "cin", 0 0, L_00000186219c88a0;  1 drivers
v0000018621929500_0 .net "cout", 0 0, L_00000186219c8b20;  1 drivers
v00000186219298c0_0 .net "sum", 0 0, L_00000186219c70e0;  1 drivers
L_00000186219c8b20 .part L_00000186219c6f00, 1, 1;
L_00000186219c70e0 .part L_00000186219c6f00, 0, 1;
L_00000186219c7ea0 .concat [ 1 1 0 0], L_00000186219c8c60, L_0000018621974cc8;
L_00000186219c8440 .concat [ 1 1 0 0], L_00000186219c8d00, L_0000018621974d10;
L_00000186219c6b40 .arith/sum 2, L_00000186219c7ea0, L_00000186219c8440;
L_00000186219c8bc0 .concat [ 1 1 0 0], L_00000186219c88a0, L_0000018621974d58;
L_00000186219c6f00 .arith/sum 2, L_00000186219c6b40, L_00000186219c8bc0;
S_0000018621927a80 .scope generate, "fa[17]" "fa[17]" 4 10, 4 10 0, S_00000186218fd0a0;
 .timescale 0 0;
P_00000186218ff930 .param/l "i" 0 4 10, +C4<010001>;
S_0000018621926f90 .scope module, "fa_i" "full_adder" 4 11, 4 1 0, S_0000018621927a80;
 .timescale 0 0;
    .port_info 0 /INPUT 1 "a";
    .port_info 1 /INPUT 1 "b";
    .port_info 2 /INPUT 1 "cin";
    .port_info 3 /OUTPUT 1 "sum";
    .port_info 4 /OUTPUT 1 "cout";
L_0000018621974de8 .functor BUFT 1, C4<0>, C4<0>, C4<0>, C4<0>;
v000001862192a900_0 .net *"_ivl_10", 0 0, L_0000018621974de8;  1 drivers
v0000018621929b40_0 .net *"_ivl_11", 1 0, L_00000186219c83a0;  1 drivers
v000001862192af40_0 .net *"_ivl_13", 1 0, L_00000186219c84e0;  1 drivers
L_0000018621974e30 .functor BUFT 1, C4<0>, C4<0>, C4<0>, C4<0>;
v000001862192ab80_0 .net *"_ivl_16", 0 0, L_0000018621974e30;  1 drivers
v00000186219293c0_0 .net *"_ivl_17", 1 0, L_00000186219c7720;  1 drivers
v0000018621929460_0 .net *"_ivl_3", 1 0, L_00000186219c8da0;  1 drivers
L_0000018621974da0 .functor BUFT 1, C4<0>, C4<0>, C4<0>, C4<0>;
v00000186219295a0_0 .net *"_ivl_6", 0 0, L_0000018621974da0;  1 drivers
v000001862192b3a0_0 .net *"_ivl_7", 1 0, L_00000186219c7680;  1 drivers
v000001862192b580_0 .net "a", 0 0, L_00000186219c6be0;  1 drivers
v000001862192b4e0_0 .net "b", 0 0, L_00000186219c79a0;  1 drivers
v000001862192a9a0_0 .net "cin", 0 0, L_00000186219c6c80;  1 drivers
v0000018621929e60_0 .net "cout", 0 0, L_00000186219c8760;  1 drivers
v000001862192aea0_0 .net "sum", 0 0, L_00000186219c90c0;  1 drivers
L_00000186219c8760 .part L_00000186219c7720, 1, 1;
L_00000186219c90c0 .part L_00000186219c7720, 0, 1;
L_00000186219c8da0 .concat [ 1 1 0 0], L_00000186219c6be0, L_0000018621974da0;
L_00000186219c7680 .concat [ 1 1 0 0], L_00000186219c79a0, L_0000018621974de8;
L_00000186219c83a0 .arith/sum 2, L_00000186219c8da0, L_00000186219c7680;
L_00000186219c84e0 .concat [ 1 1 0 0], L_00000186219c6c80, L_0000018621974e30;
L_00000186219c7720 .arith/sum 2, L_00000186219c83a0, L_00000186219c84e0;
S_00000186219272b0 .scope generate, "fa[18]" "fa[18]" 4 10, 4 10 0, S_00000186218fd0a0;
 .timescale 0 0;
P_00000186218ff130 .param/l "i" 0 4 10, +C4<010010>;
S_0000018621927440 .scope module, "fa_i" "full_adder" 4 11, 4 1 0, S_00000186219272b0;
 .timescale 0 0;
    .port_info 0 /INPUT 1 "a";
    .port_info 1 /INPUT 1 "b";
    .port_info 2 /INPUT 1 "cin";
    .port_info 3 /OUTPUT 1 "sum";
    .port_info 4 /OUTPUT 1 "cout";
L_0000018621974ec0 .functor BUFT 1, C4<0>, C4<0>, C4<0>, C4<0>;
v000001862192ac20_0 .net *"_ivl_10", 0 0, L_0000018621974ec0;  1 drivers
v0000018621929640_0 .net *"_ivl_11", 1 0, L_00000186219c8ee0;  1 drivers
v0000018621929be0_0 .net *"_ivl_13", 1 0, L_00000186219c7b80;  1 drivers
L_0000018621974f08 .functor BUFT 1, C4<0>, C4<0>, C4<0>, C4<0>;
v000001862192ad60_0 .net *"_ivl_16", 0 0, L_0000018621974f08;  1 drivers
v000001862192aa40_0 .net *"_ivl_17", 1 0, L_00000186219c9020;  1 drivers
v0000018621929f00_0 .net *"_ivl_3", 1 0, L_00000186219c7400;  1 drivers
L_0000018621974e78 .functor BUFT 1, C4<0>, C4<0>, C4<0>, C4<0>;
v0000018621929780_0 .net *"_ivl_6", 0 0, L_0000018621974e78;  1 drivers
v000001862192acc0_0 .net *"_ivl_7", 1 0, L_00000186219c8e40;  1 drivers
v000001862192ae00_0 .net "a", 0 0, L_00000186219c8f80;  1 drivers
v000001862192afe0_0 .net "b", 0 0, L_00000186219c8080;  1 drivers
v0000018621928e20_0 .net "cin", 0 0, L_00000186219c9160;  1 drivers
v0000018621928ec0_0 .net "cout", 0 0, L_00000186219c6d20;  1 drivers
v000001862192b800_0 .net "sum", 0 0, L_00000186219c6dc0;  1 drivers
L_00000186219c6d20 .part L_00000186219c9020, 1, 1;
L_00000186219c6dc0 .part L_00000186219c9020, 0, 1;
L_00000186219c7400 .concat [ 1 1 0 0], L_00000186219c8f80, L_0000018621974e78;
L_00000186219c8e40 .concat [ 1 1 0 0], L_00000186219c8080, L_0000018621974ec0;
L_00000186219c8ee0 .arith/sum 2, L_00000186219c7400, L_00000186219c8e40;
L_00000186219c7b80 .concat [ 1 1 0 0], L_00000186219c9160, L_0000018621974f08;
L_00000186219c9020 .arith/sum 2, L_00000186219c8ee0, L_00000186219c7b80;
S_00000186219275d0 .scope generate, "fa[19]" "fa[19]" 4 10, 4 10 0, S_00000186218fd0a0;
 .timescale 0 0;
P_00000186218fecf0 .param/l "i" 0 4 10, +C4<010011>;
S_0000018621927760 .scope module, "fa_i" "full_adder" 4 11, 4 1 0, S_00000186219275d0;
 .timescale 0 0;
    .port_info 0 /INPUT 1 "a";
    .port_info 1 /INPUT 1 "b";
    .port_info 2 /INPUT 1 "cin";
    .port_info 3 /OUTPUT 1 "sum";
    .port_info 4 /OUTPUT 1 "cout";
L_0000018621974f98 .functor BUFT 1, C4<0>, C4<0>, C4<0>, C4<0>;
v000001862192c7a0_0 .net *"_ivl_10", 0 0, L_0000018621974f98;  1 drivers
v000001862192c0c0_0 .net *"_ivl_11", 1 0, L_00000186219c7540;  1 drivers
v000001862192be40_0 .net *"_ivl_13", 1 0, L_00000186219c81c0;  1 drivers
L_0000018621974fe0 .functor BUFT 1, C4<0>, C4<0>, C4<0>, C4<0>;
v000001862192bc60_0 .net *"_ivl_16", 0 0, L_0000018621974fe0;  1 drivers
v000001862192c520_0 .net *"_ivl_17", 1 0, L_00000186219c75e0;  1 drivers
v000001862192bd00_0 .net *"_ivl_3", 1 0, L_00000186219c7040;  1 drivers
L_0000018621974f50 .functor BUFT 1, C4<0>, C4<0>, C4<0>, C4<0>;
v000001862192c480_0 .net *"_ivl_6", 0 0, L_0000018621974f50;  1 drivers
v000001862192bbc0_0 .net *"_ivl_7", 1 0, L_00000186219c9200;  1 drivers
v000001862192ca20_0 .net "a", 0 0, L_00000186219c8300;  1 drivers
v000001862192ba80_0 .net "b", 0 0, L_00000186219c77c0;  1 drivers
v000001862192b940_0 .net "cin", 0 0, L_00000186219c6aa0;  1 drivers
v000001862192bb20_0 .net "cout", 0 0, L_00000186219c6e60;  1 drivers
v000001862192cac0_0 .net "sum", 0 0, L_00000186219c74a0;  1 drivers
L_00000186219c6e60 .part L_00000186219c75e0, 1, 1;
L_00000186219c74a0 .part L_00000186219c75e0, 0, 1;
L_00000186219c7040 .concat [ 1 1 0 0], L_00000186219c8300, L_0000018621974f50;
L_00000186219c9200 .concat [ 1 1 0 0], L_00000186219c77c0, L_0000018621974f98;
L_00000186219c7540 .arith/sum 2, L_00000186219c7040, L_00000186219c9200;
L_00000186219c81c0 .concat [ 1 1 0 0], L_00000186219c6aa0, L_0000018621974fe0;
L_00000186219c75e0 .arith/sum 2, L_00000186219c7540, L_00000186219c81c0;
S_00000186219278f0 .scope generate, "fa[20]" "fa[20]" 4 10, 4 10 0, S_00000186218fd0a0;
 .timescale 0 0;
P_00000186218ff2f0 .param/l "i" 0 4 10, +C4<010100>;
S_0000018621927c10 .scope module, "fa_i" "full_adder" 4 11, 4 1 0, S_00000186219278f0;
 .timescale 0 0;
    .port_info 0 /INPUT 1 "a";
    .port_info 1 /INPUT 1 "b";
    .port_info 2 /INPUT 1 "cin";
    .port_info 3 /OUTPUT 1 "sum";
    .port_info 4 /OUTPUT 1 "cout";
L_0000018621975070 .functor BUFT 1, C4<0>, C4<0>, C4<0>, C4<0>;
v000001862192c660_0 .net *"_ivl_10", 0 0, L_0000018621975070;  1 drivers
v000001862192bda0_0 .net *"_ivl_11", 1 0, L_00000186219c7a40;  1 drivers
v000001862192c160_0 .net *"_ivl_13", 1 0, L_00000186219c7d60;  1 drivers
L_00000186219750b8 .functor BUFT 1, C4<0>, C4<0>, C4<0>, C4<0>;
v000001862192b8a0_0 .net *"_ivl_16", 0 0, L_00000186219750b8;  1 drivers
v000001862192cc00_0 .net *"_ivl_17", 1 0, L_00000186219c7220;  1 drivers
v000001862192bee0_0 .net *"_ivl_3", 1 0, L_00000186219c7180;  1 drivers
L_0000018621975028 .functor BUFT 1, C4<0>, C4<0>, C4<0>, C4<0>;
v000001862192cca0_0 .net *"_ivl_6", 0 0, L_0000018621975028;  1 drivers
v000001862192cb60_0 .net *"_ivl_7", 1 0, L_00000186219c8620;  1 drivers
v000001862192c700_0 .net "a", 0 0, L_00000186219c7860;  1 drivers
v000001862192c020_0 .net "b", 0 0, L_00000186219c72c0;  1 drivers
v000001862192c200_0 .net "cin", 0 0, L_00000186219c8800;  1 drivers
v000001862192c2a0_0 .net "cout", 0 0, L_00000186219c8580;  1 drivers
v000001862192c980_0 .net "sum", 0 0, L_00000186219c6fa0;  1 drivers
L_00000186219c8580 .part L_00000186219c7220, 1, 1;
L_00000186219c6fa0 .part L_00000186219c7220, 0, 1;
L_00000186219c7180 .concat [ 1 1 0 0], L_00000186219c7860, L_0000018621975028;
L_00000186219c8620 .concat [ 1 1 0 0], L_00000186219c72c0, L_0000018621975070;
L_00000186219c7a40 .arith/sum 2, L_00000186219c7180, L_00000186219c8620;
L_00000186219c7d60 .concat [ 1 1 0 0], L_00000186219c8800, L_00000186219750b8;
L_00000186219c7220 .arith/sum 2, L_00000186219c7a40, L_00000186219c7d60;
S_0000018621927f30 .scope generate, "fa[21]" "fa[21]" 4 10, 4 10 0, S_00000186218fd0a0;
 .timescale 0 0;
P_00000186218feab0 .param/l "i" 0 4 10, +C4<010101>;
S_0000018621928250 .scope module, "fa_i" "full_adder" 4 11, 4 1 0, S_0000018621927f30;
 .timescale 0 0;
    .port_info 0 /INPUT 1 "a";
    .port_info 1 /INPUT 1 "b";
    .port_info 2 /INPUT 1 "cin";
    .port_info 3 /OUTPUT 1 "sum";
    .port_info 4 /OUTPUT 1 "cout";
L_0000018621975148 .functor BUFT 1, C4<0>, C4<0>, C4<0>, C4<0>;
v000001862192b9e0_0 .net *"_ivl_10", 0 0, L_0000018621975148;  1 drivers
v000001862192c5c0_0 .net *"_ivl_11", 1 0, L_00000186219c7c20;  1 drivers
v000001862192bf80_0 .net *"_ivl_13", 1 0, L_00000186219c7cc0;  1 drivers
L_0000018621975190 .functor BUFT 1, C4<0>, C4<0>, C4<0>, C4<0>;
v000001862192c340_0 .net *"_ivl_16", 0 0, L_0000018621975190;  1 drivers
v000001862192c840_0 .net *"_ivl_17", 1 0, L_00000186219c86c0;  1 drivers
v000001862192c8e0_0 .net *"_ivl_3", 1 0, L_00000186219c7900;  1 drivers
L_0000018621975100 .functor BUFT 1, C4<0>, C4<0>, C4<0>, C4<0>;
v000001862192c3e0_0 .net *"_ivl_6", 0 0, L_0000018621975100;  1 drivers
v000001862192b620_0 .net *"_ivl_7", 1 0, L_00000186219c7ae0;  1 drivers
v000001862192b6c0_0 .net "a", 0 0, L_00000186219c7e00;  1 drivers
v000001862192b760_0 .net "b", 0 0, L_00000186219c7fe0;  1 drivers
v000001862196afb0_0 .net "cin", 0 0, L_00000186219c8940;  1 drivers
v0000018621969f70_0 .net "cout", 0 0, L_00000186219c7360;  1 drivers
v000001862196b410_0 .net "sum", 0 0, L_00000186219c7f40;  1 drivers
L_00000186219c7360 .part L_00000186219c86c0, 1, 1;
L_00000186219c7f40 .part L_00000186219c86c0, 0, 1;
L_00000186219c7900 .concat [ 1 1 0 0], L_00000186219c7e00, L_0000018621975100;
L_00000186219c7ae0 .concat [ 1 1 0 0], L_00000186219c7fe0, L_0000018621975148;
L_00000186219c7c20 .arith/sum 2, L_00000186219c7900, L_00000186219c7ae0;
L_00000186219c7cc0 .concat [ 1 1 0 0], L_00000186219c8940, L_0000018621975190;
L_00000186219c86c0 .arith/sum 2, L_00000186219c7c20, L_00000186219c7cc0;
S_000001862196fd20 .scope generate, "fa[22]" "fa[22]" 4 10, 4 10 0, S_00000186218fd0a0;
 .timescale 0 0;
P_00000186218ff730 .param/l "i" 0 4 10, +C4<010110>;
S_000001862196e740 .scope module, "fa_i" "full_adder" 4 11, 4 1 0, S_000001862196fd20;
 .timescale 0 0;
    .port_info 0 /INPUT 1 "a";
    .port_info 1 /INPUT 1 "b";
    .port_info 2 /INPUT 1 "cin";
    .port_info 3 /OUTPUT 1 "sum";
    .port_info 4 /OUTPUT 1 "cout";
L_0000018621975220 .functor BUFT 1, C4<0>, C4<0>, C4<0>, C4<0>;
v000001862196c6d0_0 .net *"_ivl_10", 0 0, L_0000018621975220;  1 drivers
v000001862196a1f0_0 .net *"_ivl_11", 1 0, L_00000186219caba0;  1 drivers
v000001862196ae70_0 .net *"_ivl_13", 1 0, L_00000186219ca060;  1 drivers
L_0000018621975268 .functor BUFT 1, C4<0>, C4<0>, C4<0>, C4<0>;
v000001862196b870_0 .net *"_ivl_16", 0 0, L_0000018621975268;  1 drivers
v000001862196c270_0 .net *"_ivl_17", 1 0, L_00000186219c9b60;  1 drivers
v000001862196abf0_0 .net *"_ivl_3", 1 0, L_00000186219c89e0;  1 drivers
L_00000186219751d8 .functor BUFT 1, C4<0>, C4<0>, C4<0>, C4<0>;
v000001862196ac90_0 .net *"_ivl_6", 0 0, L_00000186219751d8;  1 drivers
v000001862196baf0_0 .net *"_ivl_7", 1 0, L_00000186219c8a80;  1 drivers
v000001862196a010_0 .net "a", 0 0, L_00000186219c9700;  1 drivers
v000001862196aab0_0 .net "b", 0 0, L_00000186219cb0a0;  1 drivers
v000001862196a330_0 .net "cin", 0 0, L_00000186219c92a0;  1 drivers
v000001862196ad30_0 .net "cout", 0 0, L_00000186219c8120;  1 drivers
v000001862196ab50_0 .net "sum", 0 0, L_00000186219c8260;  1 drivers
L_00000186219c8120 .part L_00000186219c9b60, 1, 1;
L_00000186219c8260 .part L_00000186219c9b60, 0, 1;
L_00000186219c89e0 .concat [ 1 1 0 0], L_00000186219c9700, L_00000186219751d8;
L_00000186219c8a80 .concat [ 1 1 0 0], L_00000186219cb0a0, L_0000018621975220;
L_00000186219caba0 .arith/sum 2, L_00000186219c89e0, L_00000186219c8a80;
L_00000186219ca060 .concat [ 1 1 0 0], L_00000186219c92a0, L_0000018621975268;
L_00000186219c9b60 .arith/sum 2, L_00000186219caba0, L_00000186219ca060;
S_000001862196f870 .scope generate, "fa[23]" "fa[23]" 4 10, 4 10 0, S_00000186218fd0a0;
 .timescale 0 0;
P_00000186218feef0 .param/l "i" 0 4 10, +C4<010111>;
S_000001862196e8d0 .scope module, "fa_i" "full_adder" 4 11, 4 1 0, S_000001862196f870;
 .timescale 0 0;
    .port_info 0 /INPUT 1 "a";
    .port_info 1 /INPUT 1 "b";
    .port_info 2 /INPUT 1 "cin";
    .port_info 3 /OUTPUT 1 "sum";
    .port_info 4 /OUTPUT 1 "cout";
L_00000186219752f8 .functor BUFT 1, C4<0>, C4<0>, C4<0>, C4<0>;
v000001862196a5b0_0 .net *"_ivl_10", 0 0, L_00000186219752f8;  1 drivers
v000001862196b370_0 .net *"_ivl_11", 1 0, L_00000186219cb5a0;  1 drivers
v000001862196c4f0_0 .net *"_ivl_13", 1 0, L_00000186219ca240;  1 drivers
L_0000018621975340 .functor BUFT 1, C4<0>, C4<0>, C4<0>, C4<0>;
v000001862196bb90_0 .net *"_ivl_16", 0 0, L_0000018621975340;  1 drivers
v000001862196b550_0 .net *"_ivl_17", 1 0, L_00000186219c9c00;  1 drivers
v000001862196a290_0 .net *"_ivl_3", 1 0, L_00000186219c9de0;  1 drivers
L_00000186219752b0 .functor BUFT 1, C4<0>, C4<0>, C4<0>, C4<0>;
v000001862196b4b0_0 .net *"_ivl_6", 0 0, L_00000186219752b0;  1 drivers
v000001862196add0_0 .net *"_ivl_7", 1 0, L_00000186219c9840;  1 drivers
v000001862196aa10_0 .net "a", 0 0, L_00000186219c9f20;  1 drivers
v000001862196c450_0 .net "b", 0 0, L_00000186219cace0;  1 drivers
v000001862196b2d0_0 .net "cin", 0 0, L_00000186219cad80;  1 drivers
v000001862196c630_0 .net "cout", 0 0, L_00000186219ca740;  1 drivers
v000001862196af10_0 .net "sum", 0 0, L_00000186219c97a0;  1 drivers
L_00000186219ca740 .part L_00000186219c9c00, 1, 1;
L_00000186219c97a0 .part L_00000186219c9c00, 0, 1;
L_00000186219c9de0 .concat [ 1 1 0 0], L_00000186219c9f20, L_00000186219752b0;
L_00000186219c9840 .concat [ 1 1 0 0], L_00000186219cace0, L_00000186219752f8;
L_00000186219cb5a0 .arith/sum 2, L_00000186219c9de0, L_00000186219c9840;
L_00000186219ca240 .concat [ 1 1 0 0], L_00000186219cad80, L_0000018621975340;
L_00000186219c9c00 .arith/sum 2, L_00000186219cb5a0, L_00000186219ca240;
S_000001862196df70 .scope generate, "fa[24]" "fa[24]" 4 10, 4 10 0, S_00000186218fd0a0;
 .timescale 0 0;
P_00000186218fef30 .param/l "i" 0 4 10, +C4<011000>;
S_000001862196e100 .scope module, "fa_i" "full_adder" 4 11, 4 1 0, S_000001862196df70;
 .timescale 0 0;
    .port_info 0 /INPUT 1 "a";
    .port_info 1 /INPUT 1 "b";
    .port_info 2 /INPUT 1 "cin";
    .port_info 3 /OUTPUT 1 "sum";
    .port_info 4 /OUTPUT 1 "cout";
L_00000186219753d0 .functor BUFT 1, C4<0>, C4<0>, C4<0>, C4<0>;
v000001862196c310_0 .net *"_ivl_10", 0 0, L_00000186219753d0;  1 drivers
v000001862196bff0_0 .net *"_ivl_11", 1 0, L_00000186219c9ca0;  1 drivers
v000001862196a970_0 .net *"_ivl_13", 1 0, L_00000186219cb320;  1 drivers
L_0000018621975418 .functor BUFT 1, C4<0>, C4<0>, C4<0>, C4<0>;
v000001862196b050_0 .net *"_ivl_16", 0 0, L_0000018621975418;  1 drivers
v000001862196c130_0 .net *"_ivl_17", 1 0, L_00000186219c9480;  1 drivers
v000001862196b910_0 .net *"_ivl_3", 1 0, L_00000186219c9660;  1 drivers
L_0000018621975388 .functor BUFT 1, C4<0>, C4<0>, C4<0>, C4<0>;
v000001862196c090_0 .net *"_ivl_6", 0 0, L_0000018621975388;  1 drivers
v000001862196b9b0_0 .net *"_ivl_7", 1 0, L_00000186219cba00;  1 drivers
v000001862196c3b0_0 .net "a", 0 0, L_00000186219cb820;  1 drivers
v000001862196b0f0_0 .net "b", 0 0, L_00000186219c9a20;  1 drivers
v000001862196b190_0 .net "cin", 0 0, L_00000186219caec0;  1 drivers
v000001862196b230_0 .net "cout", 0 0, L_00000186219cae20;  1 drivers
v000001862196a0b0_0 .net "sum", 0 0, L_00000186219cb000;  1 drivers
L_00000186219cae20 .part L_00000186219c9480, 1, 1;
L_00000186219cb000 .part L_00000186219c9480, 0, 1;
L_00000186219c9660 .concat [ 1 1 0 0], L_00000186219cb820, L_0000018621975388;
L_00000186219cba00 .concat [ 1 1 0 0], L_00000186219c9a20, L_00000186219753d0;
L_00000186219c9ca0 .arith/sum 2, L_00000186219c9660, L_00000186219cba00;
L_00000186219cb320 .concat [ 1 1 0 0], L_00000186219caec0, L_0000018621975418;
L_00000186219c9480 .arith/sum 2, L_00000186219c9ca0, L_00000186219cb320;
S_000001862196e290 .scope generate, "fa[25]" "fa[25]" 4 10, 4 10 0, S_00000186218fd0a0;
 .timescale 0 0;
P_00000186218ff030 .param/l "i" 0 4 10, +C4<011001>;
S_000001862196ebf0 .scope module, "fa_i" "full_adder" 4 11, 4 1 0, S_000001862196e290;
 .timescale 0 0;
    .port_info 0 /INPUT 1 "a";
    .port_info 1 /INPUT 1 "b";
    .port_info 2 /INPUT 1 "cin";
    .port_info 3 /OUTPUT 1 "sum";
    .port_info 4 /OUTPUT 1 "cout";
L_00000186219754a8 .functor BUFT 1, C4<0>, C4<0>, C4<0>, C4<0>;
v000001862196ba50_0 .net *"_ivl_10", 0 0, L_00000186219754a8;  1 drivers
v000001862196b5f0_0 .net *"_ivl_11", 1 0, L_00000186219cb1e0;  1 drivers
v000001862196b690_0 .net *"_ivl_13", 1 0, L_00000186219cb780;  1 drivers
L_00000186219754f0 .functor BUFT 1, C4<0>, C4<0>, C4<0>, C4<0>;
v000001862196a150_0 .net *"_ivl_16", 0 0, L_00000186219754f0;  1 drivers
v000001862196b730_0 .net *"_ivl_17", 1 0, L_00000186219c9520;  1 drivers
v000001862196b7d0_0 .net *"_ivl_3", 1 0, L_00000186219ca7e0;  1 drivers
L_0000018621975460 .functor BUFT 1, C4<0>, C4<0>, C4<0>, C4<0>;
v000001862196a3d0_0 .net *"_ivl_6", 0 0, L_0000018621975460;  1 drivers
v000001862196bc30_0 .net *"_ivl_7", 1 0, L_00000186219cb140;  1 drivers
v000001862196bcd0_0 .net "a", 0 0, L_00000186219c9d40;  1 drivers
v000001862196a470_0 .net "b", 0 0, L_00000186219c9fc0;  1 drivers
v000001862196a650_0 .net "cin", 0 0, L_00000186219c98e0;  1 drivers
v000001862196bd70_0 .net "cout", 0 0, L_00000186219c9e80;  1 drivers
v000001862196c1d0_0 .net "sum", 0 0, L_00000186219c9340;  1 drivers
L_00000186219c9e80 .part L_00000186219c9520, 1, 1;
L_00000186219c9340 .part L_00000186219c9520, 0, 1;
L_00000186219ca7e0 .concat [ 1 1 0 0], L_00000186219c9d40, L_0000018621975460;
L_00000186219cb140 .concat [ 1 1 0 0], L_00000186219c9fc0, L_00000186219754a8;
L_00000186219cb1e0 .arith/sum 2, L_00000186219ca7e0, L_00000186219cb140;
L_00000186219cb780 .concat [ 1 1 0 0], L_00000186219c98e0, L_00000186219754f0;
L_00000186219c9520 .arith/sum 2, L_00000186219cb1e0, L_00000186219cb780;
S_000001862196e420 .scope generate, "fa[26]" "fa[26]" 4 10, 4 10 0, S_00000186218fd0a0;
 .timescale 0 0;
P_00000186218ff9b0 .param/l "i" 0 4 10, +C4<011010>;
S_000001862196f6e0 .scope module, "fa_i" "full_adder" 4 11, 4 1 0, S_000001862196e420;
 .timescale 0 0;
    .port_info 0 /INPUT 1 "a";
    .port_info 1 /INPUT 1 "b";
    .port_info 2 /INPUT 1 "cin";
    .port_info 3 /OUTPUT 1 "sum";
    .port_info 4 /OUTPUT 1 "cout";
L_0000018621975580 .functor BUFT 1, C4<0>, C4<0>, C4<0>, C4<0>;
v000001862196be10_0 .net *"_ivl_10", 0 0, L_0000018621975580;  1 drivers
v000001862196beb0_0 .net *"_ivl_11", 1 0, L_00000186219caf60;  1 drivers
v000001862196c590_0 .net *"_ivl_13", 1 0, L_00000186219ca600;  1 drivers
L_00000186219755c8 .functor BUFT 1, C4<0>, C4<0>, C4<0>, C4<0>;
v000001862196bf50_0 .net *"_ivl_16", 0 0, L_00000186219755c8;  1 drivers
v000001862196a510_0 .net *"_ivl_17", 1 0, L_00000186219cac40;  1 drivers
v000001862196a6f0_0 .net *"_ivl_3", 1 0, L_00000186219cb8c0;  1 drivers
L_0000018621975538 .functor BUFT 1, C4<0>, C4<0>, C4<0>, C4<0>;
v000001862196a790_0 .net *"_ivl_6", 0 0, L_0000018621975538;  1 drivers
v000001862196a830_0 .net *"_ivl_7", 1 0, L_00000186219ca100;  1 drivers
v000001862196a8d0_0 .net "a", 0 0, L_00000186219cb960;  1 drivers
v000001862196c810_0 .net "b", 0 0, L_00000186219c93e0;  1 drivers
v000001862196c8b0_0 .net "cin", 0 0, L_00000186219c95c0;  1 drivers
v000001862196d530_0 .net "cout", 0 0, L_00000186219c9ac0;  1 drivers
v000001862196d170_0 .net "sum", 0 0, L_00000186219ca4c0;  1 drivers
L_00000186219c9ac0 .part L_00000186219cac40, 1, 1;
L_00000186219ca4c0 .part L_00000186219cac40, 0, 1;
L_00000186219cb8c0 .concat [ 1 1 0 0], L_00000186219cb960, L_0000018621975538;
L_00000186219ca100 .concat [ 1 1 0 0], L_00000186219c93e0, L_0000018621975580;
L_00000186219caf60 .arith/sum 2, L_00000186219cb8c0, L_00000186219ca100;
L_00000186219ca600 .concat [ 1 1 0 0], L_00000186219c95c0, L_00000186219755c8;
L_00000186219cac40 .arith/sum 2, L_00000186219caf60, L_00000186219ca600;
S_000001862196e5b0 .scope generate, "fa[27]" "fa[27]" 4 10, 4 10 0, S_00000186218fd0a0;
 .timescale 0 0;
P_00000186218ff1b0 .param/l "i" 0 4 10, +C4<011011>;
S_000001862196f550 .scope module, "fa_i" "full_adder" 4 11, 4 1 0, S_000001862196e5b0;
 .timescale 0 0;
    .port_info 0 /INPUT 1 "a";
    .port_info 1 /INPUT 1 "b";
    .port_info 2 /INPUT 1 "cin";
    .port_info 3 /OUTPUT 1 "sum";
    .port_info 4 /OUTPUT 1 "cout";
L_0000018621975658 .functor BUFT 1, C4<0>, C4<0>, C4<0>, C4<0>;
v000001862196cc70_0 .net *"_ivl_10", 0 0, L_0000018621975658;  1 drivers
v000001862196cef0_0 .net *"_ivl_11", 1 0, L_00000186219cb460;  1 drivers
v000001862196d7b0_0 .net *"_ivl_13", 1 0, L_00000186219cb500;  1 drivers
L_00000186219756a0 .functor BUFT 1, C4<0>, C4<0>, C4<0>, C4<0>;
v000001862196d210_0 .net *"_ivl_16", 0 0, L_00000186219756a0;  1 drivers
v000001862196d3f0_0 .net *"_ivl_17", 1 0, L_00000186219cb640;  1 drivers
v000001862196d490_0 .net *"_ivl_3", 1 0, L_00000186219ca420;  1 drivers
L_0000018621975610 .functor BUFT 1, C4<0>, C4<0>, C4<0>, C4<0>;
v000001862196d5d0_0 .net *"_ivl_6", 0 0, L_0000018621975610;  1 drivers
v000001862196cf90_0 .net *"_ivl_7", 1 0, L_00000186219cb3c0;  1 drivers
v000001862196db70_0 .net "a", 0 0, L_00000186219ca1a0;  1 drivers
v000001862196d670_0 .net "b", 0 0, L_00000186219ca2e0;  1 drivers
v000001862196ce50_0 .net "cin", 0 0, L_00000186219ca380;  1 drivers
v000001862196cdb0_0 .net "cout", 0 0, L_00000186219c9980;  1 drivers
v000001862196c950_0 .net "sum", 0 0, L_00000186219cb280;  1 drivers
L_00000186219c9980 .part L_00000186219cb640, 1, 1;
L_00000186219cb280 .part L_00000186219cb640, 0, 1;
L_00000186219ca420 .concat [ 1 1 0 0], L_00000186219ca1a0, L_0000018621975610;
L_00000186219cb3c0 .concat [ 1 1 0 0], L_00000186219ca2e0, L_0000018621975658;
L_00000186219cb460 .arith/sum 2, L_00000186219ca420, L_00000186219cb3c0;
L_00000186219cb500 .concat [ 1 1 0 0], L_00000186219ca380, L_00000186219756a0;
L_00000186219cb640 .arith/sum 2, L_00000186219cb460, L_00000186219cb500;
S_000001862196ea60 .scope generate, "fa[28]" "fa[28]" 4 10, 4 10 0, S_00000186218fd0a0;
 .timescale 0 0;
P_00000186218fed30 .param/l "i" 0 4 10, +C4<011100>;
S_000001862196f0a0 .scope module, "fa_i" "full_adder" 4 11, 4 1 0, S_000001862196ea60;
 .timescale 0 0;
    .port_info 0 /INPUT 1 "a";
    .port_info 1 /INPUT 1 "b";
    .port_info 2 /INPUT 1 "cin";
    .port_info 3 /OUTPUT 1 "sum";
    .port_info 4 /OUTPUT 1 "cout";
L_0000018621975730 .functor BUFT 1, C4<0>, C4<0>, C4<0>, C4<0>;
v000001862196da30_0 .net *"_ivl_10", 0 0, L_0000018621975730;  1 drivers
v000001862196dcb0_0 .net *"_ivl_11", 1 0, L_00000186219ca920;  1 drivers
v000001862196dc10_0 .net *"_ivl_13", 1 0, L_00000186219ca9c0;  1 drivers
L_0000018621975778 .functor BUFT 1, C4<0>, C4<0>, C4<0>, C4<0>;
v000001862196c770_0 .net *"_ivl_16", 0 0, L_0000018621975778;  1 drivers
v000001862196cb30_0 .net *"_ivl_17", 1 0, L_00000186219cab00;  1 drivers
v000001862196dd50_0 .net *"_ivl_3", 1 0, L_00000186219cb6e0;  1 drivers
L_00000186219756e8 .functor BUFT 1, C4<0>, C4<0>, C4<0>, C4<0>;
v000001862196d8f0_0 .net *"_ivl_6", 0 0, L_00000186219756e8;  1 drivers
v000001862196dad0_0 .net *"_ivl_7", 1 0, L_00000186219ca880;  1 drivers
v000001862196d030_0 .net "a", 0 0, L_00000186219caa60;  1 drivers
v000001862196d710_0 .net "b", 0 0, L_00000186219cc0e0;  1 drivers
v000001862196d0d0_0 .net "cin", 0 0, L_00000186219ccfe0;  1 drivers
v000001862196d2b0_0 .net "cout", 0 0, L_00000186219ca560;  1 drivers
v000001862196cd10_0 .net "sum", 0 0, L_00000186219ca6a0;  1 drivers
L_00000186219ca560 .part L_00000186219cab00, 1, 1;
L_00000186219ca6a0 .part L_00000186219cab00, 0, 1;
L_00000186219cb6e0 .concat [ 1 1 0 0], L_00000186219caa60, L_00000186219756e8;
L_00000186219ca880 .concat [ 1 1 0 0], L_00000186219cc0e0, L_0000018621975730;
L_00000186219ca920 .arith/sum 2, L_00000186219cb6e0, L_00000186219ca880;
L_00000186219ca9c0 .concat [ 1 1 0 0], L_00000186219ccfe0, L_0000018621975778;
L_00000186219cab00 .arith/sum 2, L_00000186219ca920, L_00000186219ca9c0;
S_000001862196ed80 .scope generate, "fa[29]" "fa[29]" 4 10, 4 10 0, S_00000186218fd0a0;
 .timescale 0 0;
P_00000186218ff770 .param/l "i" 0 4 10, +C4<011101>;
S_000001862196ef10 .scope module, "fa_i" "full_adder" 4 11, 4 1 0, S_000001862196ed80;
 .timescale 0 0;
    .port_info 0 /INPUT 1 "a";
    .port_info 1 /INPUT 1 "b";
    .port_info 2 /INPUT 1 "cin";
    .port_info 3 /OUTPUT 1 "sum";
    .port_info 4 /OUTPUT 1 "cout";
L_0000018621975808 .functor BUFT 1, C4<0>, C4<0>, C4<0>, C4<0>;
v000001862196d850_0 .net *"_ivl_10", 0 0, L_0000018621975808;  1 drivers
v000001862196d990_0 .net *"_ivl_11", 1 0, L_00000186219cc720;  1 drivers
v000001862196ca90_0 .net *"_ivl_13", 1 0, L_00000186219ce160;  1 drivers
L_0000018621975850 .functor BUFT 1, C4<0>, C4<0>, C4<0>, C4<0>;
v000001862196ddf0_0 .net *"_ivl_16", 0 0, L_0000018621975850;  1 drivers
v000001862196c9f0_0 .net *"_ivl_17", 1 0, L_00000186219cd300;  1 drivers
v000001862196cbd0_0 .net *"_ivl_3", 1 0, L_00000186219ce0c0;  1 drivers
L_00000186219757c0 .functor BUFT 1, C4<0>, C4<0>, C4<0>, C4<0>;
v000001862196d350_0 .net *"_ivl_6", 0 0, L_00000186219757c0;  1 drivers
v0000018621972dd0_0 .net *"_ivl_7", 1 0, L_00000186219cd260;  1 drivers
v0000018621972f10_0 .net "a", 0 0, L_00000186219cccc0;  1 drivers
v0000018621973910_0 .net "b", 0 0, L_00000186219cd8a0;  1 drivers
v0000018621973190_0 .net "cin", 0 0, L_00000186219cdf80;  1 drivers
v0000018621973b90_0 .net "cout", 0 0, L_00000186219cdb20;  1 drivers
v0000018621973370_0 .net "sum", 0 0, L_00000186219cc540;  1 drivers
L_00000186219cdb20 .part L_00000186219cd300, 1, 1;
L_00000186219cc540 .part L_00000186219cd300, 0, 1;
L_00000186219ce0c0 .concat [ 1 1 0 0], L_00000186219cccc0, L_00000186219757c0;
L_00000186219cd260 .concat [ 1 1 0 0], L_00000186219cd8a0, L_0000018621975808;
L_00000186219cc720 .arith/sum 2, L_00000186219ce0c0, L_00000186219cd260;
L_00000186219ce160 .concat [ 1 1 0 0], L_00000186219cdf80, L_0000018621975850;
L_00000186219cd300 .arith/sum 2, L_00000186219cc720, L_00000186219ce160;
S_000001862196f230 .scope generate, "fa[30]" "fa[30]" 4 10, 4 10 0, S_00000186218fd0a0;
 .timescale 0 0;
P_00000186218ff070 .param/l "i" 0 4 10, +C4<011110>;
S_000001862196f3c0 .scope module, "fa_i" "full_adder" 4 11, 4 1 0, S_000001862196f230;
 .timescale 0 0;
    .port_info 0 /INPUT 1 "a";
    .port_info 1 /INPUT 1 "b";
    .port_info 2 /INPUT 1 "cin";
    .port_info 3 /OUTPUT 1 "sum";
    .port_info 4 /OUTPUT 1 "cout";
L_00000186219758e0 .functor BUFT 1, C4<0>, C4<0>, C4<0>, C4<0>;
v0000018621972fb0_0 .net *"_ivl_10", 0 0, L_00000186219758e0;  1 drivers
v00000186219737d0_0 .net *"_ivl_11", 1 0, L_00000186219ccd60;  1 drivers
v0000018621973230_0 .net *"_ivl_13", 1 0, L_00000186219cc860;  1 drivers
L_0000018621975928 .functor BUFT 1, C4<0>, C4<0>, C4<0>, C4<0>;
v00000186219732d0_0 .net *"_ivl_16", 0 0, L_0000018621975928;  1 drivers
v00000186219734b0_0 .net *"_ivl_17", 1 0, L_00000186219cc900;  1 drivers
v0000018621972e70_0 .net *"_ivl_3", 1 0, L_00000186219cc180;  1 drivers
L_0000018621975898 .functor BUFT 1, C4<0>, C4<0>, C4<0>, C4<0>;
v0000018621972ab0_0 .net *"_ivl_6", 0 0, L_0000018621975898;  1 drivers
v0000018621972830_0 .net *"_ivl_7", 1 0, L_00000186219ccf40;  1 drivers
v0000018621972c90_0 .net "a", 0 0, L_00000186219cd800;  1 drivers
v0000018621973050_0 .net "b", 0 0, L_00000186219ce020;  1 drivers
v00000186219728d0_0 .net "cin", 0 0, L_00000186219ccc20;  1 drivers
v0000018621973cd0_0 .net "cout", 0 0, L_00000186219cda80;  1 drivers
v0000018621973410_0 .net "sum", 0 0, L_00000186219cc360;  1 drivers
L_00000186219cda80 .part L_00000186219cc900, 1, 1;
L_00000186219cc360 .part L_00000186219cc900, 0, 1;
L_00000186219cc180 .concat [ 1 1 0 0], L_00000186219cd800, L_0000018621975898;
L_00000186219ccf40 .concat [ 1 1 0 0], L_00000186219ce020, L_00000186219758e0;
L_00000186219ccd60 .arith/sum 2, L_00000186219cc180, L_00000186219ccf40;
L_00000186219cc860 .concat [ 1 1 0 0], L_00000186219ccc20, L_0000018621975928;
L_00000186219cc900 .arith/sum 2, L_00000186219ccd60, L_00000186219cc860;
S_000001862196fa00 .scope generate, "fa[31]" "fa[31]" 4 10, 4 10 0, S_00000186218fd0a0;
 .timescale 0 0;
P_00000186218fec70 .param/l "i" 0 4 10, +C4<011111>;
S_000001862196fb90 .scope module, "fa_i" "full_adder" 4 11, 4 1 0, S_000001862196fa00;
 .timescale 0 0;
    .port_info 0 /INPUT 1 "a";
    .port_info 1 /INPUT 1 "b";
    .port_info 2 /INPUT 1 "cin";
    .port_info 3 /OUTPUT 1 "sum";
    .port_info 4 /OUTPUT 1 "cout";
L_00000186219759b8 .functor BUFT 1, C4<0>, C4<0>, C4<0>, C4<0>;
v0000018621973d70_0 .net *"_ivl_10", 0 0, L_00000186219759b8;  1 drivers
v0000018621973c30_0 .net *"_ivl_11", 1 0, L_00000186219cbd20;  1 drivers
v0000018621972790_0 .net *"_ivl_13", 1 0, L_00000186219cdda0;  1 drivers
L_0000018621975a00 .functor BUFT 1, C4<0>, C4<0>, C4<0>, C4<0>;
v0000018621973550_0 .net *"_ivl_16", 0 0, L_0000018621975a00;  1 drivers
v0000018621973e10_0 .net *"_ivl_17", 1 0, L_00000186219cc4a0;  1 drivers
v0000018621973a50_0 .net *"_ivl_3", 1 0, L_00000186219cc5e0;  1 drivers
L_0000018621975970 .functor BUFT 1, C4<0>, C4<0>, C4<0>, C4<0>;
v0000018621972d30_0 .net *"_ivl_6", 0 0, L_0000018621975970;  1 drivers
v0000018621972970_0 .net *"_ivl_7", 1 0, L_00000186219cbb40;  1 drivers
v0000018621972a10_0 .net "a", 0 0, L_00000186219cc7c0;  1 drivers
v00000186219730f0_0 .net "b", 0 0, L_00000186219cdbc0;  1 drivers
v00000186219735f0_0 .net "cin", 0 0, L_00000186219cc9a0;  1 drivers
v0000018621972b50_0 .net "cout", 0 0, L_00000186219cd080;  1 drivers
v0000018621972bf0_0 .net "sum", 0 0, L_00000186219cd1c0;  1 drivers
L_00000186219cd080 .part L_00000186219cc4a0, 1, 1;
L_00000186219cd1c0 .part L_00000186219cc4a0, 0, 1;
L_00000186219cc5e0 .concat [ 1 1 0 0], L_00000186219cc7c0, L_0000018621975970;
L_00000186219cbb40 .concat [ 1 1 0 0], L_00000186219cdbc0, L_00000186219759b8;
L_00000186219cbd20 .arith/sum 2, L_00000186219cc5e0, L_00000186219cbb40;
L_00000186219cdda0 .concat [ 1 1 0 0], L_00000186219cc9a0, L_0000018621975a00;
L_00000186219cc4a0 .arith/sum 2, L_00000186219cbd20, L_00000186219cdda0;
    .scope S_00000186217be820;
T_0 ;
    %vpi_call/w 3 21 "$monitor", "A = %d, B = %d, out = %d, carry = %d", v00000186219700d0_0, v00000186219708f0_0, v00000186219720b0_0, v0000018621971cf0_0 {0 0 0};
    %pushi/vec4 10, 0, 32;
    %store/vec4 v00000186219700d0_0, 0, 32;
    %pushi/vec4 20, 0, 32;
    %store/vec4 v00000186219708f0_0, 0, 32;
    %delay 10, 0;
    %pushi/vec4 100, 0, 32;
    %store/vec4 v00000186219700d0_0, 0, 32;
    %pushi/vec4 200, 0, 32;
    %store/vec4 v00000186219708f0_0, 0, 32;
    %delay 10, 0;
    %pushi/vec4 1291, 0, 32;
    %store/vec4 v00000186219700d0_0, 0, 32;
    %pushi/vec4 21412, 0, 32;
    %store/vec4 v00000186219708f0_0, 0, 32;
    %delay 10, 0;
    %pushi/vec4 69, 0, 32;
    %store/vec4 v00000186219700d0_0, 0, 32;
    %pushi/vec4 69, 0, 32;
    %store/vec4 v00000186219708f0_0, 0, 32;
    %delay 10, 0;
    %vpi_call/w 3 33 "$finish" {0 0 0};
    %end;
    .thread T_0;
# The file index is used to find the file name in the following table.
:file_names 5;
    "N/A";
    "<interactive>";
    "-";
    "nbitadderTB.sv";
    "nbitadder.sv";
