#! /c/Source/iverilog-install/bin/vvp
:ivl_version "12.0 (devel)" "(s20150603-1539-g2693dd32b)";
:ivl_delay_selection "TYPICAL";
:vpi_time_precision + 0;
:vpi_module "C:\iverilog\lib\ivl\system.vpi";
:vpi_module "C:\iverilog\lib\ivl\vhdl_sys.vpi";
:vpi_module "C:\iverilog\lib\ivl\vhdl_textio.vpi";
:vpi_module "C:\iverilog\lib\ivl\v2005_math.vpi";
:vpi_module "C:\iverilog\lib\ivl\va_math.vpi";
S_000001dc849f6870 .scope module, "NotTB" "NotTB" 2 1;
 .timescale 0 0;
v000001dc849feed0_0 .var "in", 0 0;
v000001dc849fbcd0_0 .net "out", 0 0, v000001dc849fee30_0;  1 drivers
S_000001dc849f6a00 .scope module, "myNot_inst" "myNot" 2 5, 3 1 0, S_000001dc849f6870;
 .timescale 0 0;
    .port_info 0 /INPUT 1 "in";
    .port_info 1 /OUTPUT 1 "out";
v000001dc849053b0_0 .net "in", 0 0, v000001dc849feed0_0;  1 drivers
v000001dc849fee30_0 .var "out", 0 0;
E_000001dc849fc700 .event anyedge, v000001dc849053b0_0;
    .scope S_000001dc849f6a00;
T_0 ;
    %wait E_000001dc849fc700;
    %load/vec4 v000001dc849053b0_0;
    %pad/u 32;
    %cmpi/e 1, 0, 32;
    %jmp/0xz  T_0.0, 4;
    %pushi/vec4 0, 0, 1;
    %store/vec4 v000001dc849fee30_0, 0, 1;
    %jmp T_0.1;
T_0.0 ;
    %pushi/vec4 1, 0, 1;
    %store/vec4 v000001dc849fee30_0, 0, 1;
T_0.1 ;
    %jmp T_0;
    .thread T_0, $push;
    .scope S_000001dc849f6870;
T_1 ;
    %vpi_call 2 7 "$monitor", v000001dc849feed0_0, v000001dc849fbcd0_0 {0 0 0};
    %pushi/vec4 0, 0, 1;
    %store/vec4 v000001dc849feed0_0, 0, 1;
    %delay 1, 0;
    %vpi_call 2 10 "$display", "Input: %b, Output: %b", v000001dc849feed0_0, v000001dc849fbcd0_0 {0 0 0};
    %pushi/vec4 1, 0, 1;
    %store/vec4 v000001dc849feed0_0, 0, 1;
    %delay 1, 0;
    %vpi_call 2 13 "$display", "Input: %b, Output: %b", v000001dc849feed0_0, v000001dc849fbcd0_0 {0 0 0};
    %end;
    .thread T_1;
# The file index is used to find the file name in the following table.
:file_names 4;
    "N/A";
    "<interactive>";
    "NotTB.sv";
    "myNotBeh.sv";
