#! /c/Source/iverilog-install/bin/vvp
:ivl_version "12.0 (devel)" "(s20150603-1539-g2693dd32b)";
:ivl_delay_selection "TYPICAL";
:vpi_time_precision + 0;
:vpi_module "C:\iverilog\lib\ivl\system.vpi";
:vpi_module "C:\iverilog\lib\ivl\vhdl_sys.vpi";
:vpi_module "C:\iverilog\lib\ivl\vhdl_textio.vpi";
:vpi_module "C:\iverilog\lib\ivl\v2005_math.vpi";
:vpi_module "C:\iverilog\lib\ivl\va_math.vpi";
:vpi_module "C:\iverilog\lib\ivl\v2009.vpi";
S_0000022a72803540 .scope package, "$unit" "$unit" 2 1;
 .timescale 0 0;
S_0000022a728036d0 .scope module, "testbench" "testbench" 3 1;
 .timescale 0 0;
v0000022a72863c40_0 .var "X", 3 0;
v0000022a72864320_0 .var "Y", 3 0;
v0000022a72863ec0_0 .net "cout", 0 0, L_0000022a72801fe0;  1 drivers
v0000022a72863f60_0 .net "sum", 3 0, L_0000022a728ae7a0;  1 drivers
S_0000022a7274e3b0 .scope module, "dut" "fourbit_adder" 3 9, 4 1 0, S_0000022a728036d0;
 .timescale 0 0;
    .port_info 0 /OUTPUT 4 "sum";
    .port_info 1 /OUTPUT 1 "cout";
    .port_info 2 /INPUT 4 "X";
    .port_info 3 /INPUT 4 "Y";
v0000022a72863240_0 .net "C1", 0 0, L_0000022a728020c0;  1 drivers
v0000022a72863380_0 .net "C2", 0 0, L_0000022a72802750;  1 drivers
v0000022a72863420_0 .net "C3", 0 0, L_0000022a72802280;  1 drivers
v0000022a72863560_0 .net "X", 3 0, v0000022a72863c40_0;  1 drivers
v0000022a72864140_0 .net "Y", 3 0, v0000022a72864320_0;  1 drivers
v0000022a72863600_0 .net "cout", 0 0, L_0000022a72801fe0;  alias, 1 drivers
v0000022a72863b00_0 .net "sum", 3 0, L_0000022a728ae7a0;  alias, 1 drivers
L_0000022a72864000 .part v0000022a72863c40_0, 0, 1;
L_0000022a728641e0 .part v0000022a72864320_0, 0, 1;
L_0000022a728ad1c0 .part v0000022a72863c40_0, 1, 1;
L_0000022a728ad260 .part v0000022a72864320_0, 1, 1;
L_0000022a728acc20 .part v0000022a72863c40_0, 2, 1;
L_0000022a728ae520 .part v0000022a72864320_0, 2, 1;
L_0000022a728ac9a0 .part v0000022a72863c40_0, 3, 1;
L_0000022a728ae700 .part v0000022a72864320_0, 3, 1;
L_0000022a728ae7a0 .concat8 [ 1 1 1 1], L_0000022a72802050, L_0000022a72802910, L_0000022a72802830, L_0000022a72801db0;
S_0000022a7274e540 .scope module, "fa1" "full_adder" 4 4, 4 10 0, S_0000022a7274e3b0;
 .timescale 0 0;
    .port_info 0 /INPUT 1 "a";
    .port_info 1 /INPUT 1 "b";
    .port_info 2 /INPUT 1 "cin";
    .port_info 3 /OUTPUT 1 "sum";
    .port_info 4 /OUTPUT 1 "cout";
L_0000022a72801cd0 .functor XOR 1, L_0000022a72864000, L_0000022a728641e0, C4<0>, C4<0>;
L_0000022a728648a8 .functor BUFT 1, C4<0>, C4<0>, C4<0>, C4<0>;
L_0000022a72802050 .functor XOR 1, L_0000022a72801cd0, L_0000022a728648a8, C4<0>, C4<0>;
L_0000022a728026e0 .functor AND 1, L_0000022a72864000, L_0000022a728641e0, C4<1>, C4<1>;
L_0000022a728028a0 .functor AND 1, L_0000022a72864000, L_0000022a728648a8, C4<1>, C4<1>;
L_0000022a72801bf0 .functor OR 1, L_0000022a728026e0, L_0000022a728028a0, C4<0>, C4<0>;
L_0000022a728024b0 .functor AND 1, L_0000022a728641e0, L_0000022a728648a8, C4<1>, C4<1>;
L_0000022a728020c0 .functor OR 1, L_0000022a72801bf0, L_0000022a728024b0, C4<0>, C4<0>;
v0000022a727fceb0_0 .net *"_ivl_0", 0 0, L_0000022a72801cd0;  1 drivers
v0000022a727fd270_0 .net *"_ivl_10", 0 0, L_0000022a728024b0;  1 drivers
v0000022a727fd8b0_0 .net *"_ivl_4", 0 0, L_0000022a728026e0;  1 drivers
v0000022a72863ce0_0 .net *"_ivl_6", 0 0, L_0000022a728028a0;  1 drivers
v0000022a72863740_0 .net *"_ivl_8", 0 0, L_0000022a72801bf0;  1 drivers
v0000022a728637e0_0 .net "a", 0 0, L_0000022a72864000;  1 drivers
v0000022a72862d40_0 .net "b", 0 0, L_0000022a728641e0;  1 drivers
v0000022a72862de0_0 .net "cin", 0 0, L_0000022a728648a8;  1 drivers
v0000022a728632e0_0 .net "cout", 0 0, L_0000022a728020c0;  alias, 1 drivers
v0000022a72862e80_0 .net "sum", 0 0, L_0000022a72802050;  1 drivers
S_0000022a72804530 .scope module, "fa2" "full_adder" 4 5, 4 10 0, S_0000022a7274e3b0;
 .timescale 0 0;
    .port_info 0 /INPUT 1 "a";
    .port_info 1 /INPUT 1 "b";
    .port_info 2 /INPUT 1 "cin";
    .port_info 3 /OUTPUT 1 "sum";
    .port_info 4 /OUTPUT 1 "cout";
L_0000022a72802670 .functor XOR 1, L_0000022a728ad1c0, L_0000022a728ad260, C4<0>, C4<0>;
L_0000022a72802910 .functor XOR 1, L_0000022a72802670, L_0000022a728020c0, C4<0>, C4<0>;
L_0000022a72802360 .functor AND 1, L_0000022a728ad1c0, L_0000022a728ad260, C4<1>, C4<1>;
L_0000022a72801c60 .functor AND 1, L_0000022a728ad1c0, L_0000022a728020c0, C4<1>, C4<1>;
L_0000022a72802980 .functor OR 1, L_0000022a72802360, L_0000022a72801c60, C4<0>, C4<0>;
L_0000022a728027c0 .functor AND 1, L_0000022a728ad260, L_0000022a728020c0, C4<1>, C4<1>;
L_0000022a72802750 .functor OR 1, L_0000022a72802980, L_0000022a728027c0, C4<0>, C4<0>;
v0000022a72864460_0 .net *"_ivl_0", 0 0, L_0000022a72802670;  1 drivers
v0000022a728628e0_0 .net *"_ivl_10", 0 0, L_0000022a728027c0;  1 drivers
v0000022a72863880_0 .net *"_ivl_4", 0 0, L_0000022a72802360;  1 drivers
v0000022a72864500_0 .net *"_ivl_6", 0 0, L_0000022a72801c60;  1 drivers
v0000022a72862ac0_0 .net *"_ivl_8", 0 0, L_0000022a72802980;  1 drivers
v0000022a728636a0_0 .net "a", 0 0, L_0000022a728ad1c0;  1 drivers
v0000022a72864780_0 .net "b", 0 0, L_0000022a728ad260;  1 drivers
v0000022a728643c0_0 .net "cin", 0 0, L_0000022a728020c0;  alias, 1 drivers
v0000022a72864280_0 .net "cout", 0 0, L_0000022a72802750;  alias, 1 drivers
v0000022a72863060_0 .net "sum", 0 0, L_0000022a72802910;  1 drivers
S_0000022a727d2720 .scope module, "fa3" "full_adder" 4 6, 4 10 0, S_0000022a7274e3b0;
 .timescale 0 0;
    .port_info 0 /INPUT 1 "a";
    .port_info 1 /INPUT 1 "b";
    .port_info 2 /INPUT 1 "cin";
    .port_info 3 /OUTPUT 1 "sum";
    .port_info 4 /OUTPUT 1 "cout";
L_0000022a72801b10 .functor XOR 1, L_0000022a728acc20, L_0000022a728ae520, C4<0>, C4<0>;
L_0000022a72802830 .functor XOR 1, L_0000022a72801b10, L_0000022a72802750, C4<0>, C4<0>;
L_0000022a72801d40 .functor AND 1, L_0000022a728acc20, L_0000022a728ae520, C4<1>, C4<1>;
L_0000022a72802440 .functor AND 1, L_0000022a728acc20, L_0000022a72802750, C4<1>, C4<1>;
L_0000022a72802520 .functor OR 1, L_0000022a72801d40, L_0000022a72802440, C4<0>, C4<0>;
L_0000022a72802590 .functor AND 1, L_0000022a728ae520, L_0000022a72802750, C4<1>, C4<1>;
L_0000022a72802280 .functor OR 1, L_0000022a72802520, L_0000022a72802590, C4<0>, C4<0>;
v0000022a728634c0_0 .net *"_ivl_0", 0 0, L_0000022a72801b10;  1 drivers
v0000022a72862980_0 .net *"_ivl_10", 0 0, L_0000022a72802590;  1 drivers
v0000022a72863920_0 .net *"_ivl_4", 0 0, L_0000022a72801d40;  1 drivers
v0000022a72862b60_0 .net *"_ivl_6", 0 0, L_0000022a72802440;  1 drivers
v0000022a72862f20_0 .net *"_ivl_8", 0 0, L_0000022a72802520;  1 drivers
v0000022a72863d80_0 .net "a", 0 0, L_0000022a728acc20;  1 drivers
v0000022a728631a0_0 .net "b", 0 0, L_0000022a728ae520;  1 drivers
v0000022a728639c0_0 .net "cin", 0 0, L_0000022a72802750;  alias, 1 drivers
v0000022a72862a20_0 .net "cout", 0 0, L_0000022a72802280;  alias, 1 drivers
v0000022a72862c00_0 .net "sum", 0 0, L_0000022a72802830;  1 drivers
S_0000022a727d28b0 .scope module, "fa4" "full_adder" 4 7, 4 10 0, S_0000022a7274e3b0;
 .timescale 0 0;
    .port_info 0 /INPUT 1 "a";
    .port_info 1 /INPUT 1 "b";
    .port_info 2 /INPUT 1 "cin";
    .port_info 3 /OUTPUT 1 "sum";
    .port_info 4 /OUTPUT 1 "cout";
L_0000022a72802130 .functor XOR 1, L_0000022a728ac9a0, L_0000022a728ae700, C4<0>, C4<0>;
L_0000022a72801db0 .functor XOR 1, L_0000022a72802130, L_0000022a72802280, C4<0>, C4<0>;
L_0000022a72801e90 .functor AND 1, L_0000022a728ac9a0, L_0000022a728ae700, C4<1>, C4<1>;
L_0000022a72801f00 .functor AND 1, L_0000022a728ac9a0, L_0000022a72802280, C4<1>, C4<1>;
L_0000022a72801f70 .functor OR 1, L_0000022a72801e90, L_0000022a72801f00, C4<0>, C4<0>;
L_0000022a728021a0 .functor AND 1, L_0000022a728ae700, L_0000022a72802280, C4<1>, C4<1>;
L_0000022a72801fe0 .functor OR 1, L_0000022a72801f70, L_0000022a728021a0, C4<0>, C4<0>;
v0000022a72863e20_0 .net *"_ivl_0", 0 0, L_0000022a72802130;  1 drivers
v0000022a72862ca0_0 .net *"_ivl_10", 0 0, L_0000022a728021a0;  1 drivers
v0000022a72864640_0 .net *"_ivl_4", 0 0, L_0000022a72801e90;  1 drivers
v0000022a72862fc0_0 .net *"_ivl_6", 0 0, L_0000022a72801f00;  1 drivers
v0000022a72863ba0_0 .net *"_ivl_8", 0 0, L_0000022a72801f70;  1 drivers
v0000022a728645a0_0 .net "a", 0 0, L_0000022a728ac9a0;  1 drivers
v0000022a72863a60_0 .net "b", 0 0, L_0000022a728ae700;  1 drivers
v0000022a72863100_0 .net "cin", 0 0, L_0000022a72802280;  alias, 1 drivers
v0000022a728640a0_0 .net "cout", 0 0, L_0000022a72801fe0;  alias, 1 drivers
v0000022a728646e0_0 .net "sum", 0 0, L_0000022a72801db0;  1 drivers
    .scope S_0000022a728036d0;
T_0 ;
    %vpi_call/w 3 17 "$dumpfile", "dump.vcd" {0 0 0};
    %vpi_call/w 3 18 "$dumpvars", 32'sb00000000000000000000000000000001 {0 0 0};
    %vpi_call/w 3 20 "$monitor", "X: %b, Y: %b, sum: %b, cout: %b", v0000022a72863c40_0, v0000022a72864320_0, v0000022a72863f60_0, v0000022a72863ec0_0 {0 0 0};
    %pushi/vec4 0, 0, 4;
    %store/vec4 v0000022a72863c40_0, 0, 4;
    %pushi/vec4 0, 0, 4;
    %store/vec4 v0000022a72864320_0, 0, 4;
    %delay 10, 0;
    %pushi/vec4 5, 0, 4;
    %store/vec4 v0000022a72863c40_0, 0, 4;
    %pushi/vec4 3, 0, 4;
    %store/vec4 v0000022a72864320_0, 0, 4;
    %delay 10, 0;
    %pushi/vec4 15, 0, 4;
    %store/vec4 v0000022a72863c40_0, 0, 4;
    %pushi/vec4 1, 0, 4;
    %store/vec4 v0000022a72864320_0, 0, 4;
    %delay 10, 0;
    %pushi/vec4 8, 0, 4;
    %store/vec4 v0000022a72863c40_0, 0, 4;
    %pushi/vec4 7, 0, 4;
    %store/vec4 v0000022a72864320_0, 0, 4;
    %delay 10, 0;
    %pushi/vec4 15, 0, 4;
    %store/vec4 v0000022a72863c40_0, 0, 4;
    %pushi/vec4 15, 0, 4;
    %store/vec4 v0000022a72864320_0, 0, 4;
    %delay 10, 0;
    %vpi_call/w 3 42 "$finish" {0 0 0};
    %end;
    .thread T_0;
# The file index is used to find the file name in the following table.
:file_names 5;
    "N/A";
    "<interactive>";
    "-";
    "4BitAdderTB.sv";
    "4BitAdder.sv";
