#! /c/Source/iverilog-install/bin/vvp
:ivl_version "12.0 (devel)" "(s20150603-1539-g2693dd32b)";
:ivl_delay_selection "TYPICAL";
:vpi_time_precision + 0;
:vpi_module "C:\iverilog\lib\ivl\system.vpi";
:vpi_module "C:\iverilog\lib\ivl\vhdl_sys.vpi";
:vpi_module "C:\iverilog\lib\ivl\vhdl_textio.vpi";
:vpi_module "C:\iverilog\lib\ivl\v2005_math.vpi";
:vpi_module "C:\iverilog\lib\ivl\va_math.vpi";
S_0000026ebbde5bb0 .scope module, "fullAdderTB" "fullAdderTB" 2 1;
 .timescale 0 0;
v0000026ebbde2ec0_0 .var "X", 0 0;
v0000026ebbde2f60_0 .var "Y", 0 0;
v0000026ebbde3000_0 .var "cin", 0 0;
v0000026ebbde30a0_0 .net "cout", 0 0, L_0000026ebbe2e910;  1 drivers
v0000026ebbde3550_0 .net "sum", 0 0, L_0000026ebbe2eb40;  1 drivers
S_0000026ebbde5d40 .scope module, "fullAdderTB" "myFullAdder" 2 4, 3 1 0, S_0000026ebbde5bb0;
 .timescale 0 0;
    .port_info 0 /INPUT 1 "X";
    .port_info 1 /INPUT 1 "Y";
    .port_info 2 /INPUT 1 "cin";
    .port_info 3 /OUTPUT 1 "sum";
    .port_info 4 /OUTPUT 1 "cout";
L_0000026ebbd99210 .functor XOR 1, v0000026ebbde2ec0_0, v0000026ebbde2f60_0, C4<0>, C4<0>;
L_0000026ebbe2eb40 .functor XOR 1, L_0000026ebbd99210, v0000026ebbde3000_0, C4<0>, C4<0>;
L_0000026ebbe2ead0 .functor AND 1, v0000026ebbde2ec0_0, v0000026ebbde2f60_0, C4<1>, C4<1>;
L_0000026ebbe2ee50 .functor AND 1, L_0000026ebbd99210, v0000026ebbde3000_0, C4<1>, C4<1>;
L_0000026ebbe2e910 .functor OR 1, L_0000026ebbe2ead0, L_0000026ebbe2ee50, C4<0>, C4<0>;
v0000026ebbd9aa50_0 .net "X", 0 0, v0000026ebbde2ec0_0;  1 drivers
v0000026ebbd96f00_0 .net "Y", 0 0, v0000026ebbde2f60_0;  1 drivers
v0000026ebbd99b60_0 .net *"_ivl_4", 0 0, L_0000026ebbe2ead0;  1 drivers
v0000026ebbd99170_0 .net *"_ivl_6", 0 0, L_0000026ebbe2ee50;  1 drivers
v0000026ebbd9beb0_0 .net "cin", 0 0, v0000026ebbde3000_0;  1 drivers
v0000026ebbde5ed0_0 .net "cout", 0 0, L_0000026ebbe2e910;  alias, 1 drivers
v0000026ebbde5f70_0 .net "sum", 0 0, L_0000026ebbe2eb40;  alias, 1 drivers
v0000026ebbde2e20_0 .net "xor12", 0 0, L_0000026ebbd99210;  1 drivers
    .scope S_0000026ebbde5bb0;
T_0 ;
    %vpi_call 2 6 "$monitor", "X: %b, Y: %b, cin: %b, sum: %b, cout: %b", v0000026ebbde2ec0_0, v0000026ebbde2f60_0, v0000026ebbde3000_0, v0000026ebbde3550_0, v0000026ebbde30a0_0 {0 0 0};
    %pushi/vec4 0, 0, 1;
    %store/vec4 v0000026ebbde2ec0_0, 0, 1;
    %pushi/vec4 0, 0, 1;
    %store/vec4 v0000026ebbde2f60_0, 0, 1;
    %pushi/vec4 0, 0, 1;
    %store/vec4 v0000026ebbde3000_0, 0, 1;
    %delay 10, 0;
    %pushi/vec4 0, 0, 1;
    %store/vec4 v0000026ebbde2ec0_0, 0, 1;
    %pushi/vec4 0, 0, 1;
    %store/vec4 v0000026ebbde2f60_0, 0, 1;
    %pushi/vec4 1, 0, 1;
    %store/vec4 v0000026ebbde3000_0, 0, 1;
    %delay 10, 0;
    %pushi/vec4 0, 0, 1;
    %store/vec4 v0000026ebbde2ec0_0, 0, 1;
    %pushi/vec4 1, 0, 1;
    %store/vec4 v0000026ebbde2f60_0, 0, 1;
    %pushi/vec4 0, 0, 1;
    %store/vec4 v0000026ebbde3000_0, 0, 1;
    %delay 10, 0;
    %pushi/vec4 0, 0, 1;
    %store/vec4 v0000026ebbde2ec0_0, 0, 1;
    %pushi/vec4 1, 0, 1;
    %store/vec4 v0000026ebbde2f60_0, 0, 1;
    %pushi/vec4 1, 0, 1;
    %store/vec4 v0000026ebbde3000_0, 0, 1;
    %delay 10, 0;
    %pushi/vec4 1, 0, 1;
    %store/vec4 v0000026ebbde2ec0_0, 0, 1;
    %pushi/vec4 0, 0, 1;
    %store/vec4 v0000026ebbde2f60_0, 0, 1;
    %pushi/vec4 0, 0, 1;
    %store/vec4 v0000026ebbde3000_0, 0, 1;
    %delay 10, 0;
    %pushi/vec4 1, 0, 1;
    %store/vec4 v0000026ebbde2ec0_0, 0, 1;
    %pushi/vec4 0, 0, 1;
    %store/vec4 v0000026ebbde2f60_0, 0, 1;
    %pushi/vec4 1, 0, 1;
    %store/vec4 v0000026ebbde3000_0, 0, 1;
    %delay 10, 0;
    %pushi/vec4 1, 0, 1;
    %store/vec4 v0000026ebbde2ec0_0, 0, 1;
    %pushi/vec4 1, 0, 1;
    %store/vec4 v0000026ebbde2f60_0, 0, 1;
    %pushi/vec4 0, 0, 1;
    %store/vec4 v0000026ebbde3000_0, 0, 1;
    %delay 10, 0;
    %pushi/vec4 1, 0, 1;
    %store/vec4 v0000026ebbde2ec0_0, 0, 1;
    %pushi/vec4 1, 0, 1;
    %store/vec4 v0000026ebbde2f60_0, 0, 1;
    %pushi/vec4 1, 0, 1;
    %store/vec4 v0000026ebbde3000_0, 0, 1;
    %delay 10, 0;
    %vpi_call 2 48 "$finish" {0 0 0};
    %end;
    .thread T_0;
# The file index is used to find the file name in the following table.
:file_names 4;
    "N/A";
    "<interactive>";
    "fullAdderTB.sv";
    "fullAdder.sv";
