#! /c/Source/iverilog-install/bin/vvp
:ivl_version "12.0 (devel)" "(s20150603-1539-g2693dd32b)";
:ivl_delay_selection "TYPICAL";
:vpi_time_precision + 0;
:vpi_module "C:\iverilog\lib\ivl\system.vpi";
:vpi_module "C:\iverilog\lib\ivl\vhdl_sys.vpi";
:vpi_module "C:\iverilog\lib\ivl\vhdl_textio.vpi";
:vpi_module "C:\iverilog\lib\ivl\v2005_math.vpi";
:vpi_module "C:\iverilog\lib\ivl\va_math.vpi";
:vpi_module "C:\iverilog\lib\ivl\v2009.vpi";
S_00000212036c5190 .scope package, "$unit" "$unit" 2 1;
 .timescale 0 0;
S_00000212036c5320 .scope module, "myXnorTB" "myXnorTB" 3 1;
 .timescale 0 0;
v00000212036c5550_0 .var "input1", 0 0;
v00000212036928b0_0 .var "input2", 0 0;
v0000021203692950_0 .net "op", 0 0, L_0000021203692f00;  1 drivers
S_0000021203692720 .scope module, "myXnorTB" "myXnor" 3 4, 4 1 0, S_00000212036c5320;
 .timescale 0 0;
    .port_info 0 /INPUT 1 "input1";
    .port_info 1 /INPUT 1 "input2";
    .port_info 2 /OUTPUT 1 "op";
L_0000021203692f00 .functor XNOR 1, v00000212036c5550_0, v00000212036928b0_0, C4<0>, C4<0>;
v00000212036080f0_0 .net "input1", 0 0, v00000212036c5550_0;  1 drivers
v00000212036083d0_0 .net "input2", 0 0, v00000212036928b0_0;  1 drivers
v00000212036c54b0_0 .net "op", 0 0, L_0000021203692f00;  alias, 1 drivers
    .scope S_00000212036c5320;
T_0 ;
    %vpi_call/w 3 6 "$monitor", "Input1: %b, Input2: %b, Output: %b", v00000212036c5550_0, v00000212036928b0_0, v0000021203692950_0 {0 0 0};
    %vpi_call/w 3 7 "$dumpfile", "dump.vcd" {0 0 0};
    %vpi_call/w 3 7 "$dumpvars" {0 0 0};
    %pushi/vec4 0, 0, 1;
    %store/vec4 v00000212036c5550_0, 0, 1;
    %pushi/vec4 0, 0, 1;
    %store/vec4 v00000212036928b0_0, 0, 1;
    %delay 5, 0;
    %pushi/vec4 1, 0, 1;
    %store/vec4 v00000212036c5550_0, 0, 1;
    %pushi/vec4 0, 0, 1;
    %store/vec4 v00000212036928b0_0, 0, 1;
    %delay 5, 0;
    %pushi/vec4 0, 0, 1;
    %store/vec4 v00000212036c5550_0, 0, 1;
    %pushi/vec4 1, 0, 1;
    %store/vec4 v00000212036928b0_0, 0, 1;
    %delay 5, 0;
    %pushi/vec4 1, 0, 1;
    %store/vec4 v00000212036c5550_0, 0, 1;
    %pushi/vec4 1, 0, 1;
    %store/vec4 v00000212036928b0_0, 0, 1;
    %delay 5, 0;
    %end;
    .thread T_0;
# The file index is used to find the file name in the following table.
:file_names 5;
    "N/A";
    "<interactive>";
    "-";
    "myXnorTB.sv";
    "myXnorGateLevelModel.sv";
