#! /c/Source/iverilog-install/bin/vvp
:ivl_version "12.0 (devel)" "(s20150603-1539-g2693dd32b)";
:ivl_delay_selection "TYPICAL";
:vpi_time_precision + 0;
:vpi_module "C:\iverilog\lib\ivl\system.vpi";
:vpi_module "C:\iverilog\lib\ivl\vhdl_sys.vpi";
:vpi_module "C:\iverilog\lib\ivl\vhdl_textio.vpi";
:vpi_module "C:\iverilog\lib\ivl\v2005_math.vpi";
:vpi_module "C:\iverilog\lib\ivl\va_math.vpi";
:vpi_module "C:\iverilog\lib\ivl\v2009.vpi";
S_0000015a00b43670 .scope package, "$unit" "$unit" 2 1;
 .timescale 0 0;
S_0000015a00b43800 .scope module, "testbench" "testbench" 3 1;
 .timescale 0 0;
v0000015a00ba3300_0 .var "X", 3 0;
v0000015a00ba45c0_0 .var "Y", 3 0;
v0000015a00ba2d60_0 .net "cout", 0 0, L_0000015a00b42810;  1 drivers
v0000015a00ba33a0_0 .net "sum", 3 0, L_0000015a00becb00;  1 drivers
S_0000015a00afe430 .scope module, "dut" "fourbit_adder" 3 7, 4 1 0, S_0000015a00b43800;
 .timescale 0 0;
    .port_info 0 /OUTPUT 4 "sum";
    .port_info 1 /OUTPUT 1 "cout";
    .port_info 2 /INPUT 4 "X";
    .port_info 3 /INPUT 4 "Y";
v0000015a00ba2f40_0 .net "C1", 0 0, L_0000015a00b42340;  1 drivers
v0000015a00ba2e00_0 .net "C2", 0 0, L_0000015a00b423b0;  1 drivers
v0000015a00ba2ea0_0 .net "C3", 0 0, L_0000015a00b41cb0;  1 drivers
v0000015a00ba2fe0_0 .net "X", 3 0, v0000015a00ba3300_0;  1 drivers
v0000015a00ba3ee0_0 .net "Y", 3 0, v0000015a00ba45c0_0;  1 drivers
v0000015a00ba4520_0 .net "cout", 0 0, L_0000015a00b42810;  alias, 1 drivers
v0000015a00ba31c0_0 .net "sum", 3 0, L_0000015a00becb00;  alias, 1 drivers
L_0000015a00ba3440 .part v0000015a00ba3300_0, 0, 1;
L_0000015a00ba4020 .part v0000015a00ba45c0_0, 0, 1;
L_0000015a00becd80 .part v0000015a00ba3300_0, 1, 1;
L_0000015a00bed280 .part v0000015a00ba45c0_0, 1, 1;
L_0000015a00bee040 .part v0000015a00ba3300_0, 2, 1;
L_0000015a00bed1e0 .part v0000015a00ba45c0_0, 2, 1;
L_0000015a00bed320 .part v0000015a00ba3300_0, 3, 1;
L_0000015a00bed780 .part v0000015a00ba45c0_0, 3, 1;
L_0000015a00becb00 .concat8 [ 1 1 1 1], L_0000015a00b42490, L_0000015a00b41e00, L_0000015a00b42260, L_0000015a00b42500;
S_0000015a00afe5c0 .scope module, "fa1" "full_adder" 4 4, 4 10 0, S_0000015a00afe430;
 .timescale 0 0;
    .port_info 0 /INPUT 1 "a";
    .port_info 1 /INPUT 1 "b";
    .port_info 2 /INPUT 1 "cin";
    .port_info 3 /OUTPUT 1 "sum";
    .port_info 4 /OUTPUT 1 "cout";
L_0000015a00b42180 .functor XOR 1, L_0000015a00ba3440, L_0000015a00ba4020, C4<0>, C4<0>;
L_0000015a00ba48c8 .functor BUFT 1, C4<0>, C4<0>, C4<0>, C4<0>;
L_0000015a00b42490 .functor XOR 1, L_0000015a00b42180, L_0000015a00ba48c8, C4<0>, C4<0>;
L_0000015a00b41fc0 .functor AND 1, L_0000015a00ba3440, L_0000015a00ba4020, C4<1>, C4<1>;
L_0000015a00b426c0 .functor AND 1, L_0000015a00ba3440, L_0000015a00ba48c8, C4<1>, C4<1>;
L_0000015a00b42030 .functor OR 1, L_0000015a00b41fc0, L_0000015a00b426c0, C4<0>, C4<0>;
L_0000015a00b420a0 .functor AND 1, L_0000015a00ba4020, L_0000015a00ba48c8, C4<1>, C4<1>;
L_0000015a00b42340 .functor OR 1, L_0000015a00b42030, L_0000015a00b420a0, C4<0>, C4<0>;
v0000015a00b3d6c0_0 .net *"_ivl_0", 0 0, L_0000015a00b42180;  1 drivers
v0000015a00b3d760_0 .net *"_ivl_10", 0 0, L_0000015a00b420a0;  1 drivers
v0000015a00b3d080_0 .net *"_ivl_4", 0 0, L_0000015a00b41fc0;  1 drivers
v0000015a00ba3da0_0 .net *"_ivl_6", 0 0, L_0000015a00b426c0;  1 drivers
v0000015a00ba3f80_0 .net *"_ivl_8", 0 0, L_0000015a00b42030;  1 drivers
v0000015a00ba4700_0 .net "a", 0 0, L_0000015a00ba3440;  1 drivers
v0000015a00ba3c60_0 .net "b", 0 0, L_0000015a00ba4020;  1 drivers
v0000015a00ba47a0_0 .net "cin", 0 0, L_0000015a00ba48c8;  1 drivers
v0000015a00ba4200_0 .net "cout", 0 0, L_0000015a00b42340;  alias, 1 drivers
v0000015a00ba2ae0_0 .net "sum", 0 0, L_0000015a00b42490;  1 drivers
S_0000015a00b44660 .scope module, "fa2" "full_adder" 4 5, 4 10 0, S_0000015a00afe430;
 .timescale 0 0;
    .port_info 0 /INPUT 1 "a";
    .port_info 1 /INPUT 1 "b";
    .port_info 2 /INPUT 1 "cin";
    .port_info 3 /OUTPUT 1 "sum";
    .port_info 4 /OUTPUT 1 "cout";
L_0000015a00b41bd0 .functor XOR 1, L_0000015a00becd80, L_0000015a00bed280, C4<0>, C4<0>;
L_0000015a00b41e00 .functor XOR 1, L_0000015a00b41bd0, L_0000015a00b42340, C4<0>, C4<0>;
L_0000015a00b42420 .functor AND 1, L_0000015a00becd80, L_0000015a00bed280, C4<1>, C4<1>;
L_0000015a00b41d90 .functor AND 1, L_0000015a00becd80, L_0000015a00b42340, C4<1>, C4<1>;
L_0000015a00b42960 .functor OR 1, L_0000015a00b42420, L_0000015a00b41d90, C4<0>, C4<0>;
L_0000015a00b429d0 .functor AND 1, L_0000015a00bed280, L_0000015a00b42340, C4<1>, C4<1>;
L_0000015a00b423b0 .functor OR 1, L_0000015a00b42960, L_0000015a00b429d0, C4<0>, C4<0>;
v0000015a00ba4660_0 .net *"_ivl_0", 0 0, L_0000015a00b41bd0;  1 drivers
v0000015a00ba2b80_0 .net *"_ivl_10", 0 0, L_0000015a00b429d0;  1 drivers
v0000015a00ba3a80_0 .net *"_ivl_4", 0 0, L_0000015a00b42420;  1 drivers
v0000015a00ba4340_0 .net *"_ivl_6", 0 0, L_0000015a00b41d90;  1 drivers
v0000015a00ba34e0_0 .net *"_ivl_8", 0 0, L_0000015a00b42960;  1 drivers
v0000015a00ba2900_0 .net "a", 0 0, L_0000015a00becd80;  1 drivers
v0000015a00ba3620_0 .net "b", 0 0, L_0000015a00bed280;  1 drivers
v0000015a00ba43e0_0 .net "cin", 0 0, L_0000015a00b42340;  alias, 1 drivers
v0000015a00ba3b20_0 .net "cout", 0 0, L_0000015a00b423b0;  alias, 1 drivers
v0000015a00ba2c20_0 .net "sum", 0 0, L_0000015a00b41e00;  1 drivers
S_0000015a00b12720 .scope module, "fa3" "full_adder" 4 6, 4 10 0, S_0000015a00afe430;
 .timescale 0 0;
    .port_info 0 /INPUT 1 "a";
    .port_info 1 /INPUT 1 "b";
    .port_info 2 /INPUT 1 "cin";
    .port_info 3 /OUTPUT 1 "sum";
    .port_info 4 /OUTPUT 1 "cout";
L_0000015a00b421f0 .functor XOR 1, L_0000015a00bee040, L_0000015a00bed1e0, C4<0>, C4<0>;
L_0000015a00b42260 .functor XOR 1, L_0000015a00b421f0, L_0000015a00b423b0, C4<0>, C4<0>;
L_0000015a00b428f0 .functor AND 1, L_0000015a00bee040, L_0000015a00bed1e0, C4<1>, C4<1>;
L_0000015a00b42880 .functor AND 1, L_0000015a00bee040, L_0000015a00b423b0, C4<1>, C4<1>;
L_0000015a00b42a40 .functor OR 1, L_0000015a00b428f0, L_0000015a00b42880, C4<0>, C4<0>;
L_0000015a00b41c40 .functor AND 1, L_0000015a00bed1e0, L_0000015a00b423b0, C4<1>, C4<1>;
L_0000015a00b41cb0 .functor OR 1, L_0000015a00b42a40, L_0000015a00b41c40, C4<0>, C4<0>;
v0000015a00ba3260_0 .net *"_ivl_0", 0 0, L_0000015a00b421f0;  1 drivers
v0000015a00ba3e40_0 .net *"_ivl_10", 0 0, L_0000015a00b41c40;  1 drivers
v0000015a00ba42a0_0 .net *"_ivl_4", 0 0, L_0000015a00b428f0;  1 drivers
v0000015a00ba3940_0 .net *"_ivl_6", 0 0, L_0000015a00b42880;  1 drivers
v0000015a00ba3580_0 .net *"_ivl_8", 0 0, L_0000015a00b42a40;  1 drivers
v0000015a00ba36c0_0 .net "a", 0 0, L_0000015a00bee040;  1 drivers
v0000015a00ba38a0_0 .net "b", 0 0, L_0000015a00bed1e0;  1 drivers
v0000015a00ba3d00_0 .net "cin", 0 0, L_0000015a00b423b0;  alias, 1 drivers
v0000015a00ba40c0_0 .net "cout", 0 0, L_0000015a00b41cb0;  alias, 1 drivers
v0000015a00ba2a40_0 .net "sum", 0 0, L_0000015a00b42260;  1 drivers
S_0000015a00b128b0 .scope module, "fa4" "full_adder" 4 7, 4 10 0, S_0000015a00afe430;
 .timescale 0 0;
    .port_info 0 /INPUT 1 "a";
    .port_info 1 /INPUT 1 "b";
    .port_info 2 /INPUT 1 "cin";
    .port_info 3 /OUTPUT 1 "sum";
    .port_info 4 /OUTPUT 1 "cout";
L_0000015a00b42730 .functor XOR 1, L_0000015a00bed320, L_0000015a00bed780, C4<0>, C4<0>;
L_0000015a00b42500 .functor XOR 1, L_0000015a00b42730, L_0000015a00b41cb0, C4<0>, C4<0>;
L_0000015a00b42ab0 .functor AND 1, L_0000015a00bed320, L_0000015a00bed780, C4<1>, C4<1>;
L_0000015a00b425e0 .functor AND 1, L_0000015a00bed320, L_0000015a00b41cb0, C4<1>, C4<1>;
L_0000015a00b42650 .functor OR 1, L_0000015a00b42ab0, L_0000015a00b425e0, C4<0>, C4<0>;
L_0000015a00b427a0 .functor AND 1, L_0000015a00bed780, L_0000015a00b41cb0, C4<1>, C4<1>;
L_0000015a00b42810 .functor OR 1, L_0000015a00b42650, L_0000015a00b427a0, C4<0>, C4<0>;
v0000015a00ba3800_0 .net *"_ivl_0", 0 0, L_0000015a00b42730;  1 drivers
v0000015a00ba4480_0 .net *"_ivl_10", 0 0, L_0000015a00b427a0;  1 drivers
v0000015a00ba29a0_0 .net *"_ivl_4", 0 0, L_0000015a00b42ab0;  1 drivers
v0000015a00ba39e0_0 .net *"_ivl_6", 0 0, L_0000015a00b425e0;  1 drivers
v0000015a00ba3080_0 .net *"_ivl_8", 0 0, L_0000015a00b42650;  1 drivers
v0000015a00ba2cc0_0 .net "a", 0 0, L_0000015a00bed320;  1 drivers
v0000015a00ba3bc0_0 .net "b", 0 0, L_0000015a00bed780;  1 drivers
v0000015a00ba4160_0 .net "cin", 0 0, L_0000015a00b41cb0;  alias, 1 drivers
v0000015a00ba3760_0 .net "cout", 0 0, L_0000015a00b42810;  alias, 1 drivers
v0000015a00ba3120_0 .net "sum", 0 0, L_0000015a00b42500;  1 drivers
    .scope S_0000015a00b43800;
T_0 ;
    %vpi_call/w 3 9 "$dumpfile", "dump.vcd" {0 0 0};
    %vpi_call/w 3 9 "$dumpvars", 32'sb00000000000000000000000000000001 {0 0 0};
    %vpi_call/w 3 10 "$monitor", "X: %b, Y: %b, sum: %b, cout: %b", v0000015a00ba3300_0, v0000015a00ba45c0_0, v0000015a00ba33a0_0, v0000015a00ba2d60_0 {0 0 0};
    %pushi/vec4 0, 0, 4;
    %store/vec4 v0000015a00ba3300_0, 0, 4;
    %pushi/vec4 0, 0, 4;
    %store/vec4 v0000015a00ba45c0_0, 0, 4;
    %delay 10, 0;
    %pushi/vec4 5, 0, 4;
    %store/vec4 v0000015a00ba3300_0, 0, 4;
    %pushi/vec4 3, 0, 4;
    %store/vec4 v0000015a00ba45c0_0, 0, 4;
    %delay 10, 0;
    %pushi/vec4 15, 0, 4;
    %store/vec4 v0000015a00ba3300_0, 0, 4;
    %pushi/vec4 1, 0, 4;
    %store/vec4 v0000015a00ba45c0_0, 0, 4;
    %delay 10, 0;
    %pushi/vec4 8, 0, 4;
    %store/vec4 v0000015a00ba3300_0, 0, 4;
    %pushi/vec4 7, 0, 4;
    %store/vec4 v0000015a00ba45c0_0, 0, 4;
    %delay 10, 0;
    %pushi/vec4 15, 0, 4;
    %store/vec4 v0000015a00ba3300_0, 0, 4;
    %pushi/vec4 15, 0, 4;
    %store/vec4 v0000015a00ba45c0_0, 0, 4;
    %delay 10, 0;
    %vpi_call/w 3 16 "$finish" {0 0 0};
    %end;
    .thread T_0;
# The file index is used to find the file name in the following table.
:file_names 5;
    "N/A";
    "<interactive>";
    "-";
    "4BitAdderTB.sv";
    "4BitAdder.sv";
