#! /c/Source/iverilog-install/bin/vvp
:ivl_version "12.0 (devel)" "(s20150603-1539-g2693dd32b)";
:ivl_delay_selection "TYPICAL";
:vpi_time_precision + 0;
:vpi_module "C:\iverilog\lib\ivl\system.vpi";
:vpi_module "C:\iverilog\lib\ivl\vhdl_sys.vpi";
:vpi_module "C:\iverilog\lib\ivl\vhdl_textio.vpi";
:vpi_module "C:\iverilog\lib\ivl\v2005_math.vpi";
:vpi_module "C:\iverilog\lib\ivl\va_math.vpi";
S_000001ec55da6830 .scope module, "myNorTB" "myNorTB" 2 1;
 .timescale 0 0;
v000001ec55d6b4e0_0 .var "input1", 0 0;
v000001ec55d826e0_0 .var "input2", 0 0;
v000001ec55d82780_0 .net "op", 0 0, v000001ec55d6b440_0;  1 drivers
S_000001ec55da69c0 .scope module, "myNorTB" "myNor" 2 4, 3 1 0, S_000001ec55da6830;
 .timescale 0 0;
    .port_info 0 /INPUT 1 "input1";
    .port_info 1 /INPUT 1 "input2";
    .port_info 2 /OUTPUT 1 "op";
v000001ec55d6be40_0 .net "input1", 0 0, v000001ec55d6b4e0_0;  1 drivers
v000001ec55da6b50_0 .net "input2", 0 0, v000001ec55d826e0_0;  1 drivers
v000001ec55d6b440_0 .var "op", 0 0;
E_000001ec55da4860 .event anyedge, v000001ec55da6b50_0, v000001ec55d6be40_0;
    .scope S_000001ec55da69c0;
T_0 ;
    %wait E_000001ec55da4860;
    %load/vec4 v000001ec55d6be40_0;
    %pad/u 32;
    %pushi/vec4 1, 0, 32;
    %cmp/e;
    %flag_get/vec4 4;
    %load/vec4 v000001ec55da6b50_0;
    %pad/u 32;
    %pushi/vec4 1, 0, 32;
    %cmp/e;
    %flag_get/vec4 4;
    %or;
    %flag_set/vec4 8;
    %jmp/0xz  T_0.0, 8;
    %pushi/vec4 0, 0, 1;
    %store/vec4 v000001ec55d6b440_0, 0, 1;
    %jmp T_0.1;
T_0.0 ;
    %pushi/vec4 1, 0, 1;
    %store/vec4 v000001ec55d6b440_0, 0, 1;
T_0.1 ;
    %jmp T_0;
    .thread T_0, $push;
    .scope S_000001ec55da6830;
T_1 ;
    %vpi_call 2 6 "$monitor", v000001ec55d6b4e0_0, v000001ec55d826e0_0, v000001ec55d82780_0 {0 0 0};
    %pushi/vec4 0, 0, 1;
    %store/vec4 v000001ec55d6b4e0_0, 0, 1;
    %pushi/vec4 0, 0, 1;
    %store/vec4 v000001ec55d826e0_0, 0, 1;
    %delay 1, 0;
    %vpi_call 2 10 "$display", "Input1: %b, Input2: %b, Output: %b", v000001ec55d6b4e0_0, v000001ec55d826e0_0, v000001ec55d82780_0 {0 0 0};
    %pushi/vec4 1, 0, 1;
    %store/vec4 v000001ec55d6b4e0_0, 0, 1;
    %pushi/vec4 0, 0, 1;
    %store/vec4 v000001ec55d826e0_0, 0, 1;
    %delay 1, 0;
    %vpi_call 2 14 "$display", "Input1: %b, Input2: %b, Output: %b", v000001ec55d6b4e0_0, v000001ec55d826e0_0, v000001ec55d82780_0 {0 0 0};
    %pushi/vec4 0, 0, 1;
    %store/vec4 v000001ec55d6b4e0_0, 0, 1;
    %pushi/vec4 1, 0, 1;
    %store/vec4 v000001ec55d826e0_0, 0, 1;
    %delay 1, 0;
    %vpi_call 2 18 "$display", "Input1: %b, Input2: %b, Output: %b", v000001ec55d6b4e0_0, v000001ec55d826e0_0, v000001ec55d82780_0 {0 0 0};
    %pushi/vec4 1, 0, 1;
    %store/vec4 v000001ec55d6b4e0_0, 0, 1;
    %pushi/vec4 1, 0, 1;
    %store/vec4 v000001ec55d826e0_0, 0, 1;
    %delay 1, 0;
    %vpi_call 2 22 "$display", "Input1: %b, Input2: %b, Output: %b", v000001ec55d6b4e0_0, v000001ec55d826e0_0, v000001ec55d82780_0 {0 0 0};
    %end;
    .thread T_1;
# The file index is used to find the file name in the following table.
:file_names 4;
    "N/A";
    "<interactive>";
    "myNorTB.sv";
    "myNorBehaviNoralModel.sv";
