#! /c/Source/iverilog-install/bin/vvp
:ivl_version "12.0 (devel)" "(s20150603-1539-g2693dd32b)";
:ivl_delay_selection "TYPICAL";
:vpi_time_precision + 0;
:vpi_module "C:\iverilog\lib\ivl\system.vpi";
:vpi_module "C:\iverilog\lib\ivl\vhdl_sys.vpi";
:vpi_module "C:\iverilog\lib\ivl\vhdl_textio.vpi";
:vpi_module "C:\iverilog\lib\ivl\v2005_math.vpi";
:vpi_module "C:\iverilog\lib\ivl\va_math.vpi";
:vpi_module "C:\iverilog\lib\ivl\v2009.vpi";
S_000001b10c4d9280 .scope package, "$unit" "$unit" 2 1;
 .timescale 0 0;
S_000001b10c3c50e0 .scope module, "myNorTB" "myNorTB" 3 1;
 .timescale 0 0;
v000001b10c3c54a0_0 .var "input1", 0 0;
v000001b10c4db930_0 .var "input2", 0 0;
v000001b10c4db9d0_0 .net "op", 0 0, L_000001b10c392f00;  1 drivers
S_000001b10c3c5270 .scope module, "myNorTB" "myNor" 3 4, 4 1 0, S_000001b10c3c50e0;
 .timescale 0 0;
    .port_info 0 /INPUT 1 "input1";
    .port_info 1 /INPUT 1 "input2";
    .port_info 2 /OUTPUT 1 "op";
L_000001b10c4d8230 .functor OR 1, v000001b10c3c54a0_0, v000001b10c4db930_0, C4<0>, C4<0>;
L_000001b10c392f00 .functor NOT 1, L_000001b10c4d8230, C4<0>, C4<0>, C4<0>;
v000001b10c4d9410_0 .net *"_ivl_0", 0 0, L_000001b10c4d8230;  1 drivers
v000001b10c392b20_0 .net "input1", 0 0, v000001b10c3c54a0_0;  1 drivers
v000001b10c4d8190_0 .net "input2", 0 0, v000001b10c4db930_0;  1 drivers
v000001b10c3c5400_0 .net "op", 0 0, L_000001b10c392f00;  alias, 1 drivers
    .scope S_000001b10c3c50e0;
T_0 ;
    %vpi_call/w 3 6 "$monitor", "Input1: %b, Input2: %b, Output: %b", v000001b10c3c54a0_0, v000001b10c4db930_0, v000001b10c4db9d0_0 {0 0 0};
    %vpi_call/w 3 7 "$dumpfile", "dump.vcd" {0 0 0};
    %vpi_call/w 3 7 "$dumpvars" {0 0 0};
    %pushi/vec4 0, 0, 1;
    %store/vec4 v000001b10c3c54a0_0, 0, 1;
    %pushi/vec4 0, 0, 1;
    %store/vec4 v000001b10c4db930_0, 0, 1;
    %delay 5, 0;
    %pushi/vec4 1, 0, 1;
    %store/vec4 v000001b10c3c54a0_0, 0, 1;
    %pushi/vec4 0, 0, 1;
    %store/vec4 v000001b10c4db930_0, 0, 1;
    %delay 5, 0;
    %pushi/vec4 0, 0, 1;
    %store/vec4 v000001b10c3c54a0_0, 0, 1;
    %pushi/vec4 1, 0, 1;
    %store/vec4 v000001b10c4db930_0, 0, 1;
    %delay 5, 0;
    %pushi/vec4 1, 0, 1;
    %store/vec4 v000001b10c3c54a0_0, 0, 1;
    %pushi/vec4 1, 0, 1;
    %store/vec4 v000001b10c4db930_0, 0, 1;
    %delay 5, 0;
    %end;
    .thread T_0;
# The file index is used to find the file name in the following table.
:file_names 5;
    "N/A";
    "<interactive>";
    "-";
    "myNorTB.sv";
    "myNorDataFlowModel.sv";
