#! /c/Source/iverilog-install/bin/vvp
:ivl_version "12.0 (devel)" "(s20150603-1539-g2693dd32b)";
:ivl_delay_selection "TYPICAL";
:vpi_time_precision + 0;
:vpi_module "C:\iverilog\lib\ivl\system.vpi";
:vpi_module "C:\iverilog\lib\ivl\vhdl_sys.vpi";
:vpi_module "C:\iverilog\lib\ivl\vhdl_textio.vpi";
:vpi_module "C:\iverilog\lib\ivl\v2005_math.vpi";
:vpi_module "C:\iverilog\lib\ivl\va_math.vpi";
:vpi_module "C:\iverilog\lib\ivl\v2009.vpi";
S_000001f0dbfabd60 .scope package, "$unit" "$unit" 2 1;
 .timescale 0 0;
S_000001f0dbea5e60 .scope module, "testbench" "testbench" 3 1;
 .timescale 0 0;
v000001f0dbea2c80_0 .var "A", 3 0;
v000001f0dbea3900_0 .var "B", 3 0;
v000001f0dbea3ae0_0 .net "eq", 0 0, L_000001f0dbea3180;  1 drivers
v000001f0dbea3540_0 .net "isG", 0 0, L_000001f0dbea3680;  1 drivers
v000001f0dbea2e60_0 .net "isS", 0 0, L_000001f0dbf40800;  1 drivers
S_000001f0dbea5ff0 .scope module, "mag" "magComparator" 3 3, 4 1 0, S_000001f0dbea5e60;
 .timescale 0 0;
    .port_info 0 /INPUT 4 "A";
    .port_info 1 /INPUT 4 "B";
    .port_info 2 /OUTPUT 1 "eq";
    .port_info 3 /OUTPUT 1 "isG";
    .port_info 4 /OUTPUT 1 "isS";
v000001f0dbe72f10_0 .net "A", 3 0, v000001f0dbea2c80_0;  1 drivers
v000001f0dbe72b20_0 .net "B", 3 0, v000001f0dbea3900_0;  1 drivers
v000001f0dbfa9090_0 .net *"_ivl_0", 0 0, L_000001f0dbea35e0;  1 drivers
v000001f0dbea6180_0 .net *"_ivl_10", 0 0, L_000001f0dbea2f00;  1 drivers
L_000001f0dbef70a8 .functor BUFT 1, C4<01>, C4<0>, C4<0>, C4<0>;
v000001f0dbea6220_0 .net/2s *"_ivl_12", 1 0, L_000001f0dbef70a8;  1 drivers
L_000001f0dbef70f0 .functor BUFT 1, C4<00>, C4<0>, C4<0>, C4<0>;
v000001f0dbea3860_0 .net/2s *"_ivl_14", 1 0, L_000001f0dbef70f0;  1 drivers
v000001f0dbea3220_0 .net *"_ivl_16", 1 0, L_000001f0dbea2fa0;  1 drivers
L_000001f0dbef7018 .functor BUFT 1, C4<01>, C4<0>, C4<0>, C4<0>;
v000001f0dbea32c0_0 .net/2s *"_ivl_2", 1 0, L_000001f0dbef7018;  1 drivers
v000001f0dbea3b80_0 .net *"_ivl_20", 0 0, L_000001f0dbea3720;  1 drivers
L_000001f0dbef7138 .functor BUFT 1, C4<01>, C4<0>, C4<0>, C4<0>;
v000001f0dbea30e0_0 .net/2s *"_ivl_22", 1 0, L_000001f0dbef7138;  1 drivers
L_000001f0dbef7180 .functor BUFT 1, C4<00>, C4<0>, C4<0>, C4<0>;
v000001f0dbea3360_0 .net/2s *"_ivl_24", 1 0, L_000001f0dbef7180;  1 drivers
v000001f0dbea39a0_0 .net *"_ivl_26", 1 0, L_000001f0dbea37c0;  1 drivers
L_000001f0dbef7060 .functor BUFT 1, C4<00>, C4<0>, C4<0>, C4<0>;
v000001f0dbea34a0_0 .net/2s *"_ivl_4", 1 0, L_000001f0dbef7060;  1 drivers
v000001f0dbea3a40_0 .net *"_ivl_6", 1 0, L_000001f0dbea3040;  1 drivers
v000001f0dbea3400_0 .net "eq", 0 0, L_000001f0dbea3180;  alias, 1 drivers
v000001f0dbea2d20_0 .net "isG", 0 0, L_000001f0dbea3680;  alias, 1 drivers
v000001f0dbea2dc0_0 .net "isS", 0 0, L_000001f0dbf40800;  alias, 1 drivers
L_000001f0dbea35e0 .cmp/eq 4, v000001f0dbea2c80_0, v000001f0dbea3900_0;
L_000001f0dbea3040 .functor MUXZ 2, L_000001f0dbef7060, L_000001f0dbef7018, L_000001f0dbea35e0, C4<>;
L_000001f0dbea3180 .part L_000001f0dbea3040, 0, 1;
L_000001f0dbea2f00 .cmp/gt 4, v000001f0dbea2c80_0, v000001f0dbea3900_0;
L_000001f0dbea2fa0 .functor MUXZ 2, L_000001f0dbef70f0, L_000001f0dbef70a8, L_000001f0dbea2f00, C4<>;
L_000001f0dbea3680 .part L_000001f0dbea2fa0, 0, 1;
L_000001f0dbea3720 .cmp/gt 4, v000001f0dbea3900_0, v000001f0dbea2c80_0;
L_000001f0dbea37c0 .functor MUXZ 2, L_000001f0dbef7180, L_000001f0dbef7138, L_000001f0dbea3720, C4<>;
L_000001f0dbf40800 .part L_000001f0dbea37c0, 0, 1;
    .scope S_000001f0dbea5e60;
T_0 ;
    %vpi_call/w 3 13 "$monitor", "A = %d, B = %d, eq = %d, isG = %d, isS = %d", v000001f0dbea2c80_0, v000001f0dbea3900_0, v000001f0dbea3ae0_0, v000001f0dbea3540_0, v000001f0dbea2e60_0 {0 0 0};
    %vpi_call/w 3 14 "$dumpfile", "dump.vcd" {0 0 0};
    %vpi_call/w 3 14 "$dumpvars" {0 0 0};
    %pushi/vec4 0, 0, 4;
    %store/vec4 v000001f0dbea2c80_0, 0, 4;
    %pushi/vec4 0, 0, 4;
    %store/vec4 v000001f0dbea3900_0, 0, 4;
    %delay 10, 0;
    %pushi/vec4 1, 0, 4;
    %store/vec4 v000001f0dbea2c80_0, 0, 4;
    %pushi/vec4 0, 0, 4;
    %store/vec4 v000001f0dbea3900_0, 0, 4;
    %delay 10, 0;
    %pushi/vec4 7, 0, 4;
    %store/vec4 v000001f0dbea2c80_0, 0, 4;
    %pushi/vec4 8, 0, 4;
    %store/vec4 v000001f0dbea3900_0, 0, 4;
    %delay 10, 0;
    %pushi/vec4 7, 0, 4;
    %store/vec4 v000001f0dbea2c80_0, 0, 4;
    %pushi/vec4 2, 0, 4;
    %store/vec4 v000001f0dbea3900_0, 0, 4;
    %delay 10, 0;
    %pushi/vec4 7, 0, 4;
    %store/vec4 v000001f0dbea2c80_0, 0, 4;
    %pushi/vec4 4, 0, 4;
    %store/vec4 v000001f0dbea3900_0, 0, 4;
    %delay 10, 0;
    %pushi/vec4 4, 0, 4;
    %store/vec4 v000001f0dbea2c80_0, 0, 4;
    %pushi/vec4 4, 0, 4;
    %store/vec4 v000001f0dbea3900_0, 0, 4;
    %delay 10, 0;
    %pushi/vec4 13, 0, 4;
    %store/vec4 v000001f0dbea2c80_0, 0, 4;
    %pushi/vec4 15, 0, 4;
    %store/vec4 v000001f0dbea3900_0, 0, 4;
    %delay 10, 0;
    %end;
    .thread T_0;
# The file index is used to find the file name in the following table.
:file_names 5;
    "N/A";
    "<interactive>";
    "-";
    "magTB.sv";
    "magComparator.sv";
