#! /c/Source/iverilog-install/bin/vvp
:ivl_version "12.0 (devel)" "(s20150603-1539-g2693dd32b)";
:ivl_delay_selection "TYPICAL";
:vpi_time_precision + 0;
:vpi_module "C:\iverilog\lib\ivl\system.vpi";
:vpi_module "C:\iverilog\lib\ivl\vhdl_sys.vpi";
:vpi_module "C:\iverilog\lib\ivl\vhdl_textio.vpi";
:vpi_module "C:\iverilog\lib\ivl\v2005_math.vpi";
:vpi_module "C:\iverilog\lib\ivl\va_math.vpi";
:vpi_module "C:\iverilog\lib\ivl\v2009.vpi";
S_0000021d44e2a080 .scope package, "$unit" "$unit" 2 1;
 .timescale 0 0;
S_0000021d44e75870 .scope module, "halfAdderTB" "halfAdderTB" 3 1;
 .timescale 0 0;
v0000021d44e42720_0 .var "X", 0 0;
v0000021d44e427c0_0 .var "Y", 0 0;
v0000021d44e42860_0 .net "cout", 0 0, L_0000021d44e28cb0;  1 drivers
v0000021d44e42900_0 .net "sum", 0 0, L_0000021d44e28620;  1 drivers
S_0000021d44e75a00 .scope module, "halfAdderTB" "myHalfAdder" 3 4, 4 1 0, S_0000021d44e75870;
 .timescale 0 0;
    .port_info 0 /INPUT 1 "X";
    .port_info 1 /INPUT 1 "Y";
    .port_info 2 /OUTPUT 1 "sum";
    .port_info 3 /OUTPUT 1 "cout";
L_0000021d44e28620 .functor XOR 1, v0000021d44e42720_0, v0000021d44e427c0_0, C4<0>, C4<0>;
L_0000021d44e28cb0 .functor AND 1, v0000021d44e42720_0, v0000021d44e427c0_0, C4<1>, C4<1>;
v0000021d44e28c10_0 .net "X", 0 0, v0000021d44e42720_0;  1 drivers
v0000021d44e28580_0 .net "Y", 0 0, v0000021d44e427c0_0;  1 drivers
v0000021d44e75b90_0 .net "cout", 0 0, L_0000021d44e28cb0;  alias, 1 drivers
v0000021d44e75c30_0 .net "sum", 0 0, L_0000021d44e28620;  alias, 1 drivers
    .scope S_0000021d44e75870;
T_0 ;
    %vpi_call/w 3 6 "$monitor", "X: %b, Y: %b, sum: %b, cout: %b", v0000021d44e42720_0, v0000021d44e427c0_0, v0000021d44e42900_0, v0000021d44e42860_0 {0 0 0};
    %vpi_call/w 3 7 "$dumpfile", "dump.vcd" {0 0 0};
    %vpi_call/w 3 7 "$dumpvars" {0 0 0};
    %pushi/vec4 0, 0, 1;
    %store/vec4 v0000021d44e42720_0, 0, 1;
    %pushi/vec4 0, 0, 1;
    %store/vec4 v0000021d44e427c0_0, 0, 1;
    %delay 10, 0;
    %pushi/vec4 1, 0, 1;
    %store/vec4 v0000021d44e42720_0, 0, 1;
    %pushi/vec4 0, 0, 1;
    %store/vec4 v0000021d44e427c0_0, 0, 1;
    %delay 10, 0;
    %pushi/vec4 0, 0, 1;
    %store/vec4 v0000021d44e42720_0, 0, 1;
    %pushi/vec4 1, 0, 1;
    %store/vec4 v0000021d44e427c0_0, 0, 1;
    %delay 10, 0;
    %pushi/vec4 1, 0, 1;
    %store/vec4 v0000021d44e42720_0, 0, 1;
    %pushi/vec4 1, 0, 1;
    %store/vec4 v0000021d44e427c0_0, 0, 1;
    %delay 10, 0;
    %vpi_call/w 3 12 "$finish" {0 0 0};
    %end;
    .thread T_0;
# The file index is used to find the file name in the following table.
:file_names 5;
    "N/A";
    "<interactive>";
    "-";
    "halfAdderTB.sv";
    "halfAdder.sv";
