#! /c/Source/iverilog-install/bin/vvp
:ivl_version "12.0 (devel)" "(s20150603-1539-g2693dd32b)";
:ivl_delay_selection "TYPICAL";
:vpi_time_precision + 0;
:vpi_module "C:\iverilog\lib\ivl\system.vpi";
:vpi_module "C:\iverilog\lib\ivl\vhdl_sys.vpi";
:vpi_module "C:\iverilog\lib\ivl\vhdl_textio.vpi";
:vpi_module "C:\iverilog\lib\ivl\v2005_math.vpi";
:vpi_module "C:\iverilog\lib\ivl\va_math.vpi";
S_0000020a51ffaae0 .scope module, "mux4X1_tb" "mux4X1_tb" 2 1;
 .timescale 0 0;
v0000020a51ffc240_0 .var "in", 3 0;
v0000020a51ffc2e0_0 .net "out", 0 0, v0000020a52013240_0;  1 drivers
v0000020a5208c840_0 .var "sel", 1 0;
S_0000020a51ffac70 .scope module, "uut" "mux4X1" 2 6, 3 1 0, S_0000020a51ffaae0;
 .timescale 0 0;
    .port_info 0 /INPUT 4 "in";
    .port_info 1 /INPUT 2 "sel";
    .port_info 2 /OUTPUT 1 "out";
v0000020a52012ed0_0 .net "in", 3 0, v0000020a51ffc240_0;  1 drivers
v0000020a52013240_0 .var "out", 0 0;
v0000020a51ffc1a0_0 .net "sel", 1 0, v0000020a5208c840_0;  1 drivers
E_0000020a51ff8e00 .event anyedge, v0000020a51ffc1a0_0, v0000020a52012ed0_0;
    .scope S_0000020a51ffac70;
T_0 ;
    %wait E_0000020a51ff8e00;
    %load/vec4 v0000020a51ffc1a0_0;
    %cmpi/e 0, 0, 2;
    %jmp/0xz  T_0.0, 6;
    %load/vec4 v0000020a52012ed0_0;
    %parti/s 1, 0, 2;
    %store/vec4 v0000020a52013240_0, 0, 1;
    %jmp T_0.1;
T_0.0 ;
    %load/vec4 v0000020a51ffc1a0_0;
    %cmpi/e 1, 0, 2;
    %jmp/0xz  T_0.2, 6;
    %load/vec4 v0000020a52012ed0_0;
    %parti/s 1, 1, 2;
    %store/vec4 v0000020a52013240_0, 0, 1;
    %jmp T_0.3;
T_0.2 ;
    %load/vec4 v0000020a51ffc1a0_0;
    %cmpi/e 2, 0, 2;
    %jmp/0xz  T_0.4, 6;
    %load/vec4 v0000020a52012ed0_0;
    %parti/s 1, 2, 3;
    %store/vec4 v0000020a52013240_0, 0, 1;
    %jmp T_0.5;
T_0.4 ;
    %load/vec4 v0000020a51ffc1a0_0;
    %cmpi/e 3, 0, 2;
    %jmp/0xz  T_0.6, 6;
    %load/vec4 v0000020a52012ed0_0;
    %parti/s 1, 3, 3;
    %store/vec4 v0000020a52013240_0, 0, 1;
T_0.6 ;
T_0.5 ;
T_0.3 ;
T_0.1 ;
    %jmp T_0;
    .thread T_0, $push;
    .scope S_0000020a51ffaae0;
T_1 ;
    %vpi_call 2 9 "$monitor", "in: %b | sel: %b | out: %b", v0000020a51ffc240_0, v0000020a5208c840_0, v0000020a51ffc2e0_0 {0 0 0};
    %pushi/vec4 1, 0, 4;
    %store/vec4 v0000020a51ffc240_0, 0, 4;
    %pushi/vec4 0, 0, 2;
    %store/vec4 v0000020a5208c840_0, 0, 2;
    %delay 10, 0;
    %pushi/vec4 0, 0, 4;
    %store/vec4 v0000020a51ffc240_0, 0, 4;
    %pushi/vec4 0, 0, 2;
    %store/vec4 v0000020a5208c840_0, 0, 2;
    %delay 10, 0;
    %pushi/vec4 2, 0, 4;
    %store/vec4 v0000020a51ffc240_0, 0, 4;
    %pushi/vec4 1, 0, 2;
    %store/vec4 v0000020a5208c840_0, 0, 2;
    %delay 10, 0;
    %pushi/vec4 4, 0, 4;
    %store/vec4 v0000020a51ffc240_0, 0, 4;
    %pushi/vec4 2, 0, 2;
    %store/vec4 v0000020a5208c840_0, 0, 2;
    %delay 10, 0;
    %pushi/vec4 0, 0, 4;
    %store/vec4 v0000020a51ffc240_0, 0, 4;
    %pushi/vec4 2, 0, 2;
    %store/vec4 v0000020a5208c840_0, 0, 2;
    %delay 10, 0;
    %pushi/vec4 8, 0, 4;
    %store/vec4 v0000020a51ffc240_0, 0, 4;
    %pushi/vec4 3, 0, 2;
    %store/vec4 v0000020a5208c840_0, 0, 2;
    %delay 10, 0;
    %vpi_call 2 16 "$finish" {0 0 0};
    %end;
    .thread T_1;
# The file index is used to find the file name in the following table.
:file_names 4;
    "N/A";
    "<interactive>";
    "multiplexerTB.sv";
    "multiplexer.sv";
