#! /c/Source/iverilog-install/bin/vvp
:ivl_version "12.0 (devel)" "(s20150603-1539-g2693dd32b)";
:ivl_delay_selection "TYPICAL";
:vpi_time_precision + 0;
:vpi_module "C:\iverilog\lib\ivl\system.vpi";
:vpi_module "C:\iverilog\lib\ivl\vhdl_sys.vpi";
:vpi_module "C:\iverilog\lib\ivl\vhdl_textio.vpi";
:vpi_module "C:\iverilog\lib\ivl\v2005_math.vpi";
:vpi_module "C:\iverilog\lib\ivl\va_math.vpi";
S_0000012d456bb220 .scope module, "myXorTB" "myXorTB" 2 1;
 .timescale 0 0;
v0000012d456f6cb0_0 .var "input1", 0 0;
v0000012d456f6d50_0 .var "input2", 0 0;
v0000012d456f6df0_0 .net "op", 0 0, v0000012d456f6c10_0;  1 drivers
S_0000012d456f6a80 .scope module, "myXorTB" "myXor" 2 4, 3 1 0, S_0000012d456bb220;
 .timescale 0 0;
    .port_info 0 /INPUT 1 "input1";
    .port_info 1 /INPUT 1 "input2";
    .port_info 2 /OUTPUT 1 "op";
v0000012d456bb3b0_0 .net "input1", 0 0, v0000012d456f6cb0_0;  1 drivers
v0000012d456bbe40_0 .net "input2", 0 0, v0000012d456f6d50_0;  1 drivers
v0000012d456f6c10_0 .var "op", 0 0;
E_0000012d456f6640 .event anyedge, v0000012d456bbe40_0, v0000012d456bb3b0_0;
    .scope S_0000012d456f6a80;
T_0 ;
    %wait E_0000012d456f6640;
    %load/vec4 v0000012d456bb3b0_0;
    %load/vec4 v0000012d456bbe40_0;
    %cmp/ne;
    %jmp/0xz  T_0.0, 4;
    %pushi/vec4 1, 0, 1;
    %store/vec4 v0000012d456f6c10_0, 0, 1;
    %jmp T_0.1;
T_0.0 ;
    %pushi/vec4 0, 0, 1;
    %store/vec4 v0000012d456f6c10_0, 0, 1;
T_0.1 ;
    %jmp T_0;
    .thread T_0, $push;
    .scope S_0000012d456bb220;
T_1 ;
    %vpi_call 2 6 "$monitor", v0000012d456f6cb0_0, v0000012d456f6d50_0, v0000012d456f6df0_0 {0 0 0};
    %pushi/vec4 0, 0, 1;
    %store/vec4 v0000012d456f6cb0_0, 0, 1;
    %pushi/vec4 0, 0, 1;
    %store/vec4 v0000012d456f6d50_0, 0, 1;
    %delay 1, 0;
    %vpi_call 2 10 "$display", "Input1: %b, Input2: %b, Output: %b", v0000012d456f6cb0_0, v0000012d456f6d50_0, v0000012d456f6df0_0 {0 0 0};
    %pushi/vec4 1, 0, 1;
    %store/vec4 v0000012d456f6cb0_0, 0, 1;
    %pushi/vec4 0, 0, 1;
    %store/vec4 v0000012d456f6d50_0, 0, 1;
    %delay 1, 0;
    %vpi_call 2 14 "$display", "Input1: %b, Input2: %b, Output: %b", v0000012d456f6cb0_0, v0000012d456f6d50_0, v0000012d456f6df0_0 {0 0 0};
    %pushi/vec4 0, 0, 1;
    %store/vec4 v0000012d456f6cb0_0, 0, 1;
    %pushi/vec4 1, 0, 1;
    %store/vec4 v0000012d456f6d50_0, 0, 1;
    %delay 1, 0;
    %vpi_call 2 18 "$display", "Input1: %b, Input2: %b, Output: %b", v0000012d456f6cb0_0, v0000012d456f6d50_0, v0000012d456f6df0_0 {0 0 0};
    %pushi/vec4 1, 0, 1;
    %store/vec4 v0000012d456f6cb0_0, 0, 1;
    %pushi/vec4 1, 0, 1;
    %store/vec4 v0000012d456f6d50_0, 0, 1;
    %delay 1, 0;
    %vpi_call 2 22 "$display", "Input1: %b, Input2: %b, Output: %b", v0000012d456f6cb0_0, v0000012d456f6d50_0, v0000012d456f6df0_0 {0 0 0};
    %end;
    .thread T_1;
# The file index is used to find the file name in the following table.
:file_names 4;
    "N/A";
    "<interactive>";
    "myXorTB.sv";
    "myXorBehavioralModel.sv";
