#! /c/Source/iverilog-install/bin/vvp
:ivl_version "12.0 (devel)" "(s20150603-1539-g2693dd32b)";
:ivl_delay_selection "TYPICAL";
:vpi_time_precision + 0;
:vpi_module "C:\iverilog\lib\ivl\system.vpi";
:vpi_module "C:\iverilog\lib\ivl\vhdl_sys.vpi";
:vpi_module "C:\iverilog\lib\ivl\vhdl_textio.vpi";
:vpi_module "C:\iverilog\lib\ivl\v2005_math.vpi";
:vpi_module "C:\iverilog\lib\ivl\va_math.vpi";
:vpi_module "C:\iverilog\lib\ivl\v2009.vpi";
S_0000014a861f7de0 .scope package, "$unit" "$unit" 2 1;
 .timescale 0 0;
S_0000014a861f7580 .scope module, "decoder_tb" "decoder_tb" 3 1;
 .timescale 0 0;
v0000014a8623cc60_0 .var "A0", 0 0;
v0000014a8623ba40_0 .var "A1", 0 0;
v0000014a8623cda0_0 .var "A2", 0 0;
v0000014a8623ce40_0 .net "D0", 0 0, L_0000014a861d8b80;  1 drivers
v0000014a8623c760_0 .net "D1", 0 0, L_0000014a86245a00;  1 drivers
v0000014a8623b5e0_0 .net "D2", 0 0, L_0000014a86245d80;  1 drivers
v0000014a8623cbc0_0 .net "D3", 0 0, L_0000014a862453e0;  1 drivers
v0000014a8623bae0_0 .net "D4", 0 0, L_0000014a86245610;  1 drivers
v0000014a8623c580_0 .net "D5", 0 0, L_0000014a86245370;  1 drivers
v0000014a8623b360_0 .net "D6", 0 0, L_0000014a86245530;  1 drivers
v0000014a8623ca80_0 .net "D7", 0 0, L_0000014a862454c0;  1 drivers
S_0000014a861f7710 .scope module, "dut" "decoder" 3 4, 4 1 0, S_0000014a861f7580;
 .timescale 0 0;
    .port_info 0 /INPUT 1 "A0";
    .port_info 1 /INPUT 1 "A1";
    .port_info 2 /INPUT 1 "A2";
    .port_info 3 /OUTPUT 1 "D0";
    .port_info 4 /OUTPUT 1 "D1";
    .port_info 5 /OUTPUT 1 "D2";
    .port_info 6 /OUTPUT 1 "D3";
    .port_info 7 /OUTPUT 1 "D4";
    .port_info 8 /OUTPUT 1 "D5";
    .port_info 9 /OUTPUT 1 "D6";
    .port_info 10 /OUTPUT 1 "D7";
L_0000014a861d86b0 .functor NOT 1, v0000014a8623cc60_0, C4<0>, C4<0>, C4<0>;
L_0000014a861d8720 .functor NOT 1, v0000014a8623ba40_0, C4<0>, C4<0>, C4<0>;
L_0000014a861d89c0 .functor AND 1, L_0000014a861d86b0, L_0000014a861d8720, C4<1>, C4<1>;
L_0000014a861d8a30 .functor NOT 1, v0000014a8623cda0_0, C4<0>, C4<0>, C4<0>;
L_0000014a861d8b80 .functor AND 1, L_0000014a861d89c0, L_0000014a861d8a30, C4<1>, C4<1>;
L_0000014a861d8560 .functor NOT 1, v0000014a8623cc60_0, C4<0>, C4<0>, C4<0>;
L_0000014a861d85d0 .functor NOT 1, v0000014a8623ba40_0, C4<0>, C4<0>, C4<0>;
L_0000014a861d8640 .functor AND 1, L_0000014a861d8560, L_0000014a861d85d0, C4<1>, C4<1>;
L_0000014a86245a00 .functor AND 1, L_0000014a861d8640, v0000014a8623cda0_0, C4<1>, C4<1>;
L_0000014a86245680 .functor NOT 1, v0000014a8623cc60_0, C4<0>, C4<0>, C4<0>;
L_0000014a862451b0 .functor AND 1, L_0000014a86245680, v0000014a8623ba40_0, C4<1>, C4<1>;
L_0000014a86245450 .functor NOT 1, v0000014a8623cda0_0, C4<0>, C4<0>, C4<0>;
L_0000014a86245d80 .functor AND 1, L_0000014a862451b0, L_0000014a86245450, C4<1>, C4<1>;
L_0000014a86245140 .functor NOT 1, v0000014a8623cc60_0, C4<0>, C4<0>, C4<0>;
L_0000014a86245a70 .functor AND 1, L_0000014a86245140, v0000014a8623ba40_0, C4<1>, C4<1>;
L_0000014a862453e0 .functor AND 1, L_0000014a86245a70, v0000014a8623cda0_0, C4<1>, C4<1>;
L_0000014a86245290 .functor NOT 1, v0000014a8623ba40_0, C4<0>, C4<0>, C4<0>;
L_0000014a86245ae0 .functor AND 1, v0000014a8623cc60_0, L_0000014a86245290, C4<1>, C4<1>;
L_0000014a86245220 .functor NOT 1, v0000014a8623cda0_0, C4<0>, C4<0>, C4<0>;
L_0000014a86245610 .functor AND 1, L_0000014a86245ae0, L_0000014a86245220, C4<1>, C4<1>;
L_0000014a86245b50 .functor NOT 1, v0000014a8623ba40_0, C4<0>, C4<0>, C4<0>;
L_0000014a862450d0 .functor AND 1, v0000014a8623cc60_0, L_0000014a86245b50, C4<1>, C4<1>;
L_0000014a86245370 .functor AND 1, L_0000014a862450d0, v0000014a8623cda0_0, C4<1>, C4<1>;
L_0000014a862456f0 .functor AND 1, v0000014a8623cc60_0, v0000014a8623ba40_0, C4<1>, C4<1>;
L_0000014a86245840 .functor NOT 1, v0000014a8623cda0_0, C4<0>, C4<0>, C4<0>;
L_0000014a86245530 .functor AND 1, L_0000014a862456f0, L_0000014a86245840, C4<1>, C4<1>;
L_0000014a86245bc0 .functor AND 1, v0000014a8623cc60_0, v0000014a8623ba40_0, C4<1>, C4<1>;
L_0000014a862454c0 .functor AND 1, L_0000014a86245bc0, v0000014a8623cda0_0, C4<1>, C4<1>;
v0000014a861d90f0_0 .net "A0", 0 0, v0000014a8623cc60_0;  1 drivers
v0000014a861d9410_0 .net "A1", 0 0, v0000014a8623ba40_0;  1 drivers
v0000014a861d8d30_0 .net "A2", 0 0, v0000014a8623cda0_0;  1 drivers
v0000014a861d9230_0 .net "D0", 0 0, L_0000014a861d8b80;  alias, 1 drivers
v0000014a861d9c30_0 .net "D1", 0 0, L_0000014a86245a00;  alias, 1 drivers
v0000014a861d8f10_0 .net "D2", 0 0, L_0000014a86245d80;  alias, 1 drivers
v0000014a861d9190_0 .net "D3", 0 0, L_0000014a862453e0;  alias, 1 drivers
v0000014a861d9af0_0 .net "D4", 0 0, L_0000014a86245610;  alias, 1 drivers
v0000014a861d9730_0 .net "D5", 0 0, L_0000014a86245370;  alias, 1 drivers
v0000014a861d97d0_0 .net "D6", 0 0, L_0000014a86245530;  alias, 1 drivers
v0000014a861d9870_0 .net "D7", 0 0, L_0000014a862454c0;  alias, 1 drivers
v0000014a861d9a50_0 .net *"_ivl_0", 0 0, L_0000014a861d86b0;  1 drivers
v0000014a861d9b90_0 .net *"_ivl_10", 0 0, L_0000014a861d8560;  1 drivers
v0000014a861d8dd0_0 .net *"_ivl_12", 0 0, L_0000014a861d85d0;  1 drivers
v0000014a8623c8a0_0 .net *"_ivl_14", 0 0, L_0000014a861d8640;  1 drivers
v0000014a8623c260_0 .net *"_ivl_18", 0 0, L_0000014a86245680;  1 drivers
v0000014a8623b9a0_0 .net *"_ivl_2", 0 0, L_0000014a861d8720;  1 drivers
v0000014a8623c440_0 .net *"_ivl_20", 0 0, L_0000014a862451b0;  1 drivers
v0000014a8623bd60_0 .net *"_ivl_22", 0 0, L_0000014a86245450;  1 drivers
v0000014a8623cd00_0 .net *"_ivl_26", 0 0, L_0000014a86245140;  1 drivers
v0000014a8623b900_0 .net *"_ivl_28", 0 0, L_0000014a86245a70;  1 drivers
v0000014a8623b7c0_0 .net *"_ivl_32", 0 0, L_0000014a86245290;  1 drivers
v0000014a8623bea0_0 .net *"_ivl_34", 0 0, L_0000014a86245ae0;  1 drivers
v0000014a8623b860_0 .net *"_ivl_36", 0 0, L_0000014a86245220;  1 drivers
v0000014a8623bb80_0 .net *"_ivl_4", 0 0, L_0000014a861d89c0;  1 drivers
v0000014a8623b040_0 .net *"_ivl_40", 0 0, L_0000014a86245b50;  1 drivers
v0000014a8623c940_0 .net *"_ivl_42", 0 0, L_0000014a862450d0;  1 drivers
v0000014a8623b180_0 .net *"_ivl_46", 0 0, L_0000014a862456f0;  1 drivers
v0000014a8623c9e0_0 .net *"_ivl_48", 0 0, L_0000014a86245840;  1 drivers
v0000014a8623b2c0_0 .net *"_ivl_52", 0 0, L_0000014a86245bc0;  1 drivers
v0000014a8623b220_0 .net *"_ivl_6", 0 0, L_0000014a861d8a30;  1 drivers
    .scope S_0000014a861f7580;
T_0 ;
    %vpi_call/w 3 7 "$monitor", "A0: %b, A1: %b, A2: %b", v0000014a8623cc60_0, v0000014a8623ba40_0, v0000014a8623cda0_0, "\012D0: %b, D1: %b, D2: %b, D3: %b", v0000014a8623ce40_0, v0000014a8623c760_0, v0000014a8623b5e0_0, v0000014a8623cbc0_0, "\012D4: %b, D5: %b, D6: %b, D7: %b\012", v0000014a8623bae0_0, v0000014a8623c580_0, v0000014a8623b360_0, v0000014a8623ca80_0 {0 0 0};
    %vpi_call/w 3 10 "$dumpfile", "dump.vcd" {0 0 0};
    %vpi_call/w 3 10 "$dumpvars", 32'sb00000000000000000000000000000001 {0 0 0};
    %pushi/vec4 0, 0, 1;
    %store/vec4 v0000014a8623cc60_0, 0, 1;
    %pushi/vec4 0, 0, 1;
    %store/vec4 v0000014a8623ba40_0, 0, 1;
    %pushi/vec4 0, 0, 1;
    %store/vec4 v0000014a8623cda0_0, 0, 1;
    %delay 20, 0;
    %pushi/vec4 0, 0, 1;
    %store/vec4 v0000014a8623cc60_0, 0, 1;
    %pushi/vec4 0, 0, 1;
    %store/vec4 v0000014a8623ba40_0, 0, 1;
    %pushi/vec4 1, 0, 1;
    %store/vec4 v0000014a8623cda0_0, 0, 1;
    %delay 20, 0;
    %pushi/vec4 0, 0, 1;
    %store/vec4 v0000014a8623cc60_0, 0, 1;
    %pushi/vec4 1, 0, 1;
    %store/vec4 v0000014a8623ba40_0, 0, 1;
    %pushi/vec4 0, 0, 1;
    %store/vec4 v0000014a8623cda0_0, 0, 1;
    %delay 20, 0;
    %pushi/vec4 0, 0, 1;
    %store/vec4 v0000014a8623cc60_0, 0, 1;
    %pushi/vec4 1, 0, 1;
    %store/vec4 v0000014a8623ba40_0, 0, 1;
    %pushi/vec4 1, 0, 1;
    %store/vec4 v0000014a8623cda0_0, 0, 1;
    %delay 20, 0;
    %pushi/vec4 1, 0, 1;
    %store/vec4 v0000014a8623cc60_0, 0, 1;
    %pushi/vec4 0, 0, 1;
    %store/vec4 v0000014a8623ba40_0, 0, 1;
    %pushi/vec4 0, 0, 1;
    %store/vec4 v0000014a8623cda0_0, 0, 1;
    %delay 20, 0;
    %pushi/vec4 1, 0, 1;
    %store/vec4 v0000014a8623cc60_0, 0, 1;
    %pushi/vec4 0, 0, 1;
    %store/vec4 v0000014a8623ba40_0, 0, 1;
    %pushi/vec4 1, 0, 1;
    %store/vec4 v0000014a8623cda0_0, 0, 1;
    %delay 20, 0;
    %pushi/vec4 1, 0, 1;
    %store/vec4 v0000014a8623cc60_0, 0, 1;
    %pushi/vec4 1, 0, 1;
    %store/vec4 v0000014a8623ba40_0, 0, 1;
    %pushi/vec4 0, 0, 1;
    %store/vec4 v0000014a8623cda0_0, 0, 1;
    %delay 20, 0;
    %pushi/vec4 1, 0, 1;
    %store/vec4 v0000014a8623cc60_0, 0, 1;
    %pushi/vec4 1, 0, 1;
    %store/vec4 v0000014a8623ba40_0, 0, 1;
    %pushi/vec4 1, 0, 1;
    %store/vec4 v0000014a8623cda0_0, 0, 1;
    %delay 20, 0;
    %vpi_call/w 3 20 "$finish" {0 0 0};
    %end;
    .thread T_0;
# The file index is used to find the file name in the following table.
:file_names 5;
    "N/A";
    "<interactive>";
    "-";
    "decoderTB.sv";
    "decoder.sv";
