#! /c/Source/iverilog-install/bin/vvp
:ivl_version "12.0 (devel)" "(s20150603-1539-g2693dd32b)";
:ivl_delay_selection "TYPICAL";
:vpi_time_precision + 0;
:vpi_module "C:\iverilog\lib\ivl\system.vpi";
:vpi_module "C:\iverilog\lib\ivl\vhdl_sys.vpi";
:vpi_module "C:\iverilog\lib\ivl\vhdl_textio.vpi";
:vpi_module "C:\iverilog\lib\ivl\v2005_math.vpi";
:vpi_module "C:\iverilog\lib\ivl\va_math.vpi";
:vpi_module "C:\iverilog\lib\ivl\v2009.vpi";
S_000001609a9ea720 .scope package, "$unit" "$unit" 2 1;
 .timescale 0 0;
S_000001609a9ebcc0 .scope module, "mux8X1_tb" "mux8X1_tb" 3 1;
 .timescale 0 0;
v000001609a9ebe50_0 .var "in", 7 0;
v000001609aa38160_0 .net "out", 0 0, v000001609aa02b20_0;  1 drivers
v000001609aa38200_0 .var "sel", 2 0;
S_000001609aa37fd0 .scope module, "uut" "mux8X1" 3 6, 4 1 0, S_000001609a9ebcc0;
 .timescale 0 0;
    .port_info 0 /INPUT 8 "in";
    .port_info 1 /INPUT 3 "sel";
    .port_info 2 /OUTPUT 1 "out";
v000001609a9ea8b0_0 .net "in", 7 0, v000001609a9ebe50_0;  1 drivers
v000001609aa02b20_0 .var "out", 0 0;
v000001609aa02ef0_0 .net "sel", 2 0, v000001609aa38200_0;  1 drivers
E_000001609aa24990 .event anyedge, v000001609aa02ef0_0, v000001609a9ea8b0_0;
    .scope S_000001609aa37fd0;
T_0 ;
    %wait E_000001609aa24990;
    %load/vec4 v000001609aa02ef0_0;
    %cmpi/e 0, 0, 3;
    %jmp/0xz  T_0.0, 6;
    %load/vec4 v000001609a9ea8b0_0;
    %parti/s 1, 0, 2;
    %store/vec4 v000001609aa02b20_0, 0, 1;
    %jmp T_0.1;
T_0.0 ;
    %load/vec4 v000001609aa02ef0_0;
    %pad/u 32;
    %cmpi/e 1, 0, 32;
    %jmp/0xz  T_0.2, 6;
    %load/vec4 v000001609a9ea8b0_0;
    %parti/s 1, 1, 2;
    %store/vec4 v000001609aa02b20_0, 0, 1;
    %jmp T_0.3;
T_0.2 ;
    %load/vec4 v000001609aa02ef0_0;
    %pad/u 32;
    %cmpi/e 2, 0, 32;
    %jmp/0xz  T_0.4, 6;
    %load/vec4 v000001609a9ea8b0_0;
    %parti/s 1, 2, 3;
    %store/vec4 v000001609aa02b20_0, 0, 1;
    %jmp T_0.5;
T_0.4 ;
    %load/vec4 v000001609aa02ef0_0;
    %pad/u 32;
    %cmpi/e 3, 0, 32;
    %jmp/0xz  T_0.6, 6;
    %load/vec4 v000001609a9ea8b0_0;
    %parti/s 1, 3, 3;
    %store/vec4 v000001609aa02b20_0, 0, 1;
    %jmp T_0.7;
T_0.6 ;
    %load/vec4 v000001609aa02ef0_0;
    %pad/u 32;
    %cmpi/e 4, 0, 32;
    %jmp/0xz  T_0.8, 6;
    %load/vec4 v000001609a9ea8b0_0;
    %parti/s 1, 4, 4;
    %store/vec4 v000001609aa02b20_0, 0, 1;
    %jmp T_0.9;
T_0.8 ;
    %load/vec4 v000001609aa02ef0_0;
    %pad/u 32;
    %cmpi/e 5, 0, 32;
    %jmp/0xz  T_0.10, 6;
    %load/vec4 v000001609a9ea8b0_0;
    %parti/s 1, 5, 4;
    %store/vec4 v000001609aa02b20_0, 0, 1;
    %jmp T_0.11;
T_0.10 ;
    %load/vec4 v000001609aa02ef0_0;
    %pad/u 32;
    %cmpi/e 6, 0, 32;
    %jmp/0xz  T_0.12, 6;
    %load/vec4 v000001609a9ea8b0_0;
    %parti/s 1, 6, 4;
    %store/vec4 v000001609aa02b20_0, 0, 1;
    %jmp T_0.13;
T_0.12 ;
    %load/vec4 v000001609aa02ef0_0;
    %pad/u 32;
    %cmpi/e 7, 0, 32;
    %jmp/0xz  T_0.14, 6;
    %load/vec4 v000001609a9ea8b0_0;
    %parti/s 1, 7, 4;
    %store/vec4 v000001609aa02b20_0, 0, 1;
T_0.14 ;
T_0.13 ;
T_0.11 ;
T_0.9 ;
T_0.7 ;
T_0.5 ;
T_0.3 ;
T_0.1 ;
    %jmp T_0;
    .thread T_0, $push;
    .scope S_000001609a9ebcc0;
T_1 ;
    %vpi_call/w 3 9 "$monitor", "in: %b | sel: %b | out: %b", v000001609a9ebe50_0, v000001609aa38200_0, v000001609aa38160_0 {0 0 0};
    %vpi_call/w 3 10 "$dumpfile", "dump.vcd" {0 0 0};
    %vpi_call/w 3 10 "$dumpvars", 32'sb00000000000000000000000000000001 {0 0 0};
    %pushi/vec4 1, 0, 8;
    %store/vec4 v000001609a9ebe50_0, 0, 8;
    %pushi/vec4 0, 0, 3;
    %store/vec4 v000001609aa38200_0, 0, 3;
    %delay 10, 0;
    %pushi/vec4 0, 0, 8;
    %store/vec4 v000001609a9ebe50_0, 0, 8;
    %pushi/vec4 0, 0, 3;
    %store/vec4 v000001609aa38200_0, 0, 3;
    %delay 10, 0;
    %pushi/vec4 2, 0, 8;
    %store/vec4 v000001609a9ebe50_0, 0, 8;
    %pushi/vec4 1, 0, 3;
    %store/vec4 v000001609aa38200_0, 0, 3;
    %delay 10, 0;
    %pushi/vec4 0, 0, 8;
    %store/vec4 v000001609a9ebe50_0, 0, 8;
    %pushi/vec4 1, 0, 3;
    %store/vec4 v000001609aa38200_0, 0, 3;
    %delay 10, 0;
    %pushi/vec4 4, 0, 8;
    %store/vec4 v000001609a9ebe50_0, 0, 8;
    %pushi/vec4 2, 0, 3;
    %store/vec4 v000001609aa38200_0, 0, 3;
    %delay 10, 0;
    %pushi/vec4 0, 0, 8;
    %store/vec4 v000001609a9ebe50_0, 0, 8;
    %pushi/vec4 2, 0, 3;
    %store/vec4 v000001609aa38200_0, 0, 3;
    %delay 10, 0;
    %pushi/vec4 8, 0, 8;
    %store/vec4 v000001609a9ebe50_0, 0, 8;
    %pushi/vec4 3, 0, 3;
    %store/vec4 v000001609aa38200_0, 0, 3;
    %delay 10, 0;
    %pushi/vec4 0, 0, 8;
    %store/vec4 v000001609a9ebe50_0, 0, 8;
    %pushi/vec4 3, 0, 3;
    %store/vec4 v000001609aa38200_0, 0, 3;
    %delay 10, 0;
    %pushi/vec4 16, 0, 8;
    %store/vec4 v000001609a9ebe50_0, 0, 8;
    %pushi/vec4 4, 0, 3;
    %store/vec4 v000001609aa38200_0, 0, 3;
    %delay 10, 0;
    %pushi/vec4 0, 0, 8;
    %store/vec4 v000001609a9ebe50_0, 0, 8;
    %pushi/vec4 4, 0, 3;
    %store/vec4 v000001609aa38200_0, 0, 3;
    %delay 10, 0;
    %pushi/vec4 32, 0, 8;
    %store/vec4 v000001609a9ebe50_0, 0, 8;
    %pushi/vec4 5, 0, 3;
    %store/vec4 v000001609aa38200_0, 0, 3;
    %delay 10, 0;
    %pushi/vec4 0, 0, 8;
    %store/vec4 v000001609a9ebe50_0, 0, 8;
    %pushi/vec4 5, 0, 3;
    %store/vec4 v000001609aa38200_0, 0, 3;
    %delay 10, 0;
    %pushi/vec4 64, 0, 8;
    %store/vec4 v000001609a9ebe50_0, 0, 8;
    %pushi/vec4 6, 0, 3;
    %store/vec4 v000001609aa38200_0, 0, 3;
    %delay 10, 0;
    %pushi/vec4 0, 0, 8;
    %store/vec4 v000001609a9ebe50_0, 0, 8;
    %pushi/vec4 6, 0, 3;
    %store/vec4 v000001609aa38200_0, 0, 3;
    %delay 10, 0;
    %pushi/vec4 128, 0, 8;
    %store/vec4 v000001609a9ebe50_0, 0, 8;
    %pushi/vec4 7, 0, 3;
    %store/vec4 v000001609aa38200_0, 0, 3;
    %delay 10, 0;
    %pushi/vec4 0, 0, 8;
    %store/vec4 v000001609a9ebe50_0, 0, 8;
    %pushi/vec4 7, 0, 3;
    %store/vec4 v000001609aa38200_0, 0, 3;
    %delay 10, 0;
    %vpi_call/w 3 27 "$finish" {0 0 0};
    %end;
    .thread T_1;
# The file index is used to find the file name in the following table.
:file_names 5;
    "N/A";
    "<interactive>";
    "-";
    "8x1muxTB.sv";
    "8x1mux.sv";
