#! /c/Source/iverilog-install/bin/vvp
:ivl_version "12.0 (devel)" "(s20150603-1539-g2693dd32b)";
:ivl_delay_selection "TYPICAL";
:vpi_time_precision + 0;
:vpi_module "C:\iverilog\lib\ivl\system.vpi";
:vpi_module "C:\iverilog\lib\ivl\vhdl_sys.vpi";
:vpi_module "C:\iverilog\lib\ivl\vhdl_textio.vpi";
:vpi_module "C:\iverilog\lib\ivl\v2005_math.vpi";
:vpi_module "C:\iverilog\lib\ivl\va_math.vpi";
:vpi_module "C:\iverilog\lib\ivl\v2009.vpi";
S_00000238901a6520 .scope package, "$unit" "$unit" 2 1;
 .timescale 0 0;
S_00000238901a66b0 .scope module, "tb_ringcounter" "tb_ringcounter" 3 1;
 .timescale 0 0;
v00000238901728b0_0 .net "Count_out", 3 0, L_00000238902d9b40;  1 drivers
v0000023890172950_0 .var "Reset", 0 0;
v00000238901729f0_0 .var "clk", 0 0;
E_00000238902dcd70 .event posedge, v00000238901a6840_0;
S_0000023890172720 .scope module, "dut" "ringcounter" 3 6, 4 1 0, S_00000238901a66b0;
 .timescale 0 0;
    .port_info 0 /INPUT 1 "clk";
    .port_info 1 /INPUT 1 "reset";
    .port_info 2 /OUTPUT 4 "Count_out";
L_00000238902d9b40 .functor BUFZ 4, v00000238901958d0_0, C4<0000>, C4<0000>, C4<0000>;
v00000238902d9aa0_0 .net "Count_out", 3 0, L_00000238902d9b40;  alias, 1 drivers
v00000238901958d0_0 .var "Count_temp", 3 0;
v00000238901a6840_0 .net "clk", 0 0, v00000238901729f0_0;  1 drivers
v00000238901a68e0_0 .net "reset", 0 0, v0000023890172950_0;  1 drivers
E_00000238902dc2b0/0 .event anyedge, v00000238901a68e0_0;
E_00000238902dc2b0/1 .event posedge, v00000238901a6840_0;
E_00000238902dc2b0 .event/or E_00000238902dc2b0/0, E_00000238902dc2b0/1;
    .scope S_0000023890172720;
T_0 ;
    %wait E_00000238902dc2b0;
    %load/vec4 v00000238901a68e0_0;
    %flag_set/vec4 8;
    %jmp/0xz  T_0.0, 8;
    %pushi/vec4 1, 0, 4;
    %assign/vec4 v00000238901958d0_0, 0;
    %jmp T_0.1;
T_0.0 ;
    %load/vec4 v00000238901a6840_0;
    %flag_set/vec4 8;
    %jmp/0xz  T_0.2, 8;
    %load/vec4 v00000238901958d0_0;
    %parti/s 3, 0, 2;
    %load/vec4 v00000238901958d0_0;
    %parti/s 1, 3, 3;
    %concat/vec4; draw_concat_vec4
    %assign/vec4 v00000238901958d0_0, 0;
T_0.2 ;
T_0.1 ;
    %jmp T_0;
    .thread T_0;
    .scope S_00000238901a66b0;
T_1 ;
    %delay 5, 0;
    %load/vec4 v00000238901729f0_0;
    %inv;
    %store/vec4 v00000238901729f0_0, 0, 1;
    %jmp T_1;
    .thread T_1;
    .scope S_00000238901a66b0;
T_2 ;
    %vpi_call/w 3 15 "$dumpfile", "dump.vcd" {0 0 0};
    %vpi_call/w 3 15 "$dumpvars", 32'sb00000000000000000000000000000001 {0 0 0};
    %pushi/vec4 0, 0, 1;
    %store/vec4 v00000238901729f0_0, 0, 1;
    %pushi/vec4 1, 0, 1;
    %store/vec4 v0000023890172950_0, 0, 1;
    %delay 10, 0;
    %pushi/vec4 0, 0, 1;
    %store/vec4 v0000023890172950_0, 0, 1;
    %delay 60, 0;
    %vpi_call/w 3 19 "$finish" {0 0 0};
    %end;
    .thread T_2;
    .scope S_00000238901a66b0;
T_3 ;
    %wait E_00000238902dcd70;
    %vpi_call/w 3 23 "$display", "count: %d", v00000238901728b0_0 {0 0 0};
    %jmp T_3;
    .thread T_3;
# The file index is used to find the file name in the following table.
:file_names 5;
    "N/A";
    "<interactive>";
    "-";
    "rcTB.sv";
    "ringcounter.sv";
