#! /c/Source/iverilog-install/bin/vvp
:ivl_version "12.0 (devel)" "(s20150603-1539-g2693dd32b)";
:ivl_delay_selection "TYPICAL";
:vpi_time_precision + 0;
:vpi_module "C:\iverilog\lib\ivl\system.vpi";
:vpi_module "C:\iverilog\lib\ivl\vhdl_sys.vpi";
:vpi_module "C:\iverilog\lib\ivl\vhdl_textio.vpi";
:vpi_module "C:\iverilog\lib\ivl\v2005_math.vpi";
:vpi_module "C:\iverilog\lib\ivl\va_math.vpi";
:vpi_module "C:\iverilog\lib\ivl\v2009.vpi";
S_00000153fab465f0 .scope package, "$unit" "$unit" 2 1;
 .timescale 0 0;
S_00000153fab46780 .scope module, "testbench" "testbench" 3 1;
 .timescale 0 0;
v00000153fab13110_0 .var "clk", 0 0;
v00000153faafb300_0 .var "d", 3 0;
v00000153fab46910_0 .net "q", 3 0, v00000153fab12b20_0;  1 drivers
S_00000153faafba50 .scope module, "a" "pipo" 3 5, 4 1 0, S_00000153fab46780;
 .timescale 0 0;
    .port_info 0 /INPUT 1 "clk";
    .port_info 1 /INPUT 4 "D";
    .port_info 2 /OUTPUT 4 "Q";
v00000153fab12d80_0 .net "D", 3 0, v00000153faafb300_0;  1 drivers
v00000153fab12b20_0 .var "Q", 3 0;
v00000153faafa030_0 .net "clk", 0 0, v00000153fab13110_0;  1 drivers
E_00000153fab35de0 .event posedge, v00000153faafa030_0;
    .scope S_00000153faafba50;
T_0 ;
    %wait E_00000153fab35de0;
    %load/vec4 v00000153fab12d80_0;
    %parti/s 1, 3, 3;
    %ix/load 4, 3, 0;
    %ix/load 5, 0, 0;
    %flag_set/imm 4, 0;
    %assign/vec4/off/d v00000153fab12b20_0, 4, 5;
    %load/vec4 v00000153fab12d80_0;
    %parti/s 1, 2, 3;
    %ix/load 4, 2, 0;
    %ix/load 5, 0, 0;
    %flag_set/imm 4, 0;
    %assign/vec4/off/d v00000153fab12b20_0, 4, 5;
    %load/vec4 v00000153fab12d80_0;
    %parti/s 1, 1, 2;
    %ix/load 4, 1, 0;
    %ix/load 5, 0, 0;
    %flag_set/imm 4, 0;
    %assign/vec4/off/d v00000153fab12b20_0, 4, 5;
    %load/vec4 v00000153fab12d80_0;
    %parti/s 1, 0, 2;
    %ix/load 4, 0, 0;
    %ix/load 5, 0, 0;
    %flag_set/imm 4, 0;
    %assign/vec4/off/d v00000153fab12b20_0, 4, 5;
    %jmp T_0;
    .thread T_0;
    .scope S_00000153fab46780;
T_1 ;
    %vpi_call/w 3 7 "$dumpfile", "dump.vcd" {0 0 0};
    %vpi_call/w 3 7 "$dumpvars", 32'sb00000000000000000000000000000001 {0 0 0};
    %vpi_call/w 3 8 "$monitor", $time, " d=%b,clk=%b,q=%b", v00000153faafb300_0, v00000153fab13110_0, v00000153fab46910_0 {0 0 0};
    %end;
    .thread T_1;
    .scope S_00000153fab46780;
T_2 ;
    %pushi/vec4 0, 0, 1;
    %store/vec4 v00000153fab13110_0, 0, 1;
T_2.0 ;
    %delay 5, 0;
    %load/vec4 v00000153fab13110_0;
    %inv;
    %store/vec4 v00000153fab13110_0, 0, 1;
    %jmp T_2.0;
    %end;
    .thread T_2;
    .scope S_00000153fab46780;
T_3 ;
    %pushi/vec4 9, 0, 4;
    %store/vec4 v00000153faafb300_0, 0, 4;
    %delay 10, 0;
    %pushi/vec4 11, 0, 4;
    %store/vec4 v00000153faafb300_0, 0, 4;
    %delay 10, 0;
    %pushi/vec4 15, 0, 4;
    %store/vec4 v00000153faafb300_0, 0, 4;
    %delay 40, 0;
    %vpi_call/w 3 18 "$finish" {0 0 0};
    %end;
    .thread T_3;
# The file index is used to find the file name in the following table.
:file_names 5;
    "N/A";
    "<interactive>";
    "-";
    "PIPOTB.sv";
    "PIPO.sv";
