#! /c/Source/iverilog-install/bin/vvp
:ivl_version "12.0 (devel)" "(s20150603-1539-g2693dd32b)";
:ivl_delay_selection "TYPICAL";
:vpi_time_precision + 0;
:vpi_module "C:\iverilog\lib\ivl\system.vpi";
:vpi_module "C:\iverilog\lib\ivl\vhdl_sys.vpi";
:vpi_module "C:\iverilog\lib\ivl\vhdl_textio.vpi";
:vpi_module "C:\iverilog\lib\ivl\v2005_math.vpi";
:vpi_module "C:\iverilog\lib\ivl\va_math.vpi";
S_000001ab904570d0 .scope module, "myXnorTB" "myXnorTB" 2 1;
 .timescale 0 0;
v000001ab9054b460_0 .var "input1", 0 0;
v000001ab904326e0_0 .var "input2", 0 0;
v000001ab90432780_0 .net "op", 0 0, v000001ab9054b3c0_0;  1 drivers
S_000001ab90457260 .scope module, "myXnorTB" "myXnor" 2 4, 3 1 0, S_000001ab904570d0;
 .timescale 0 0;
    .port_info 0 /INPUT 1 "input1";
    .port_info 1 /INPUT 1 "input2";
    .port_info 2 /OUTPUT 1 "op";
v000001ab904573f0_0 .net "input1", 0 0, v000001ab9054b460_0;  1 drivers
v000001ab90465a30_0 .net "input2", 0 0, v000001ab904326e0_0;  1 drivers
v000001ab9054b3c0_0 .var "op", 0 0;
E_000001ab904567d0 .event anyedge, v000001ab90465a30_0, v000001ab904573f0_0;
    .scope S_000001ab90457260;
T_0 ;
    %wait E_000001ab904567d0;
    %load/vec4 v000001ab904573f0_0;
    %load/vec4 v000001ab90465a30_0;
    %cmp/ne;
    %jmp/0xz  T_0.0, 4;
    %pushi/vec4 0, 0, 1;
    %store/vec4 v000001ab9054b3c0_0, 0, 1;
    %jmp T_0.1;
T_0.0 ;
    %pushi/vec4 1, 0, 1;
    %store/vec4 v000001ab9054b3c0_0, 0, 1;
T_0.1 ;
    %jmp T_0;
    .thread T_0, $push;
    .scope S_000001ab904570d0;
T_1 ;
    %vpi_call 2 6 "$monitor", v000001ab9054b460_0, v000001ab904326e0_0, v000001ab90432780_0 {0 0 0};
    %pushi/vec4 0, 0, 1;
    %store/vec4 v000001ab9054b460_0, 0, 1;
    %pushi/vec4 0, 0, 1;
    %store/vec4 v000001ab904326e0_0, 0, 1;
    %delay 1, 0;
    %vpi_call 2 10 "$display", "Input1: %b, Input2: %b, Output: %b", v000001ab9054b460_0, v000001ab904326e0_0, v000001ab90432780_0 {0 0 0};
    %pushi/vec4 1, 0, 1;
    %store/vec4 v000001ab9054b460_0, 0, 1;
    %pushi/vec4 0, 0, 1;
    %store/vec4 v000001ab904326e0_0, 0, 1;
    %delay 1, 0;
    %vpi_call 2 14 "$display", "Input1: %b, Input2: %b, Output: %b", v000001ab9054b460_0, v000001ab904326e0_0, v000001ab90432780_0 {0 0 0};
    %pushi/vec4 0, 0, 1;
    %store/vec4 v000001ab9054b460_0, 0, 1;
    %pushi/vec4 1, 0, 1;
    %store/vec4 v000001ab904326e0_0, 0, 1;
    %delay 1, 0;
    %vpi_call 2 18 "$display", "Input1: %b, Input2: %b, Output: %b", v000001ab9054b460_0, v000001ab904326e0_0, v000001ab90432780_0 {0 0 0};
    %pushi/vec4 1, 0, 1;
    %store/vec4 v000001ab9054b460_0, 0, 1;
    %pushi/vec4 1, 0, 1;
    %store/vec4 v000001ab904326e0_0, 0, 1;
    %delay 1, 0;
    %vpi_call 2 22 "$display", "Input1: %b, Input2: %b, Output: %b", v000001ab9054b460_0, v000001ab904326e0_0, v000001ab90432780_0 {0 0 0};
    %end;
    .thread T_1;
# The file index is used to find the file name in the following table.
:file_names 4;
    "N/A";
    "<interactive>";
    "myXnorTB.sv";
    "myXnorBehaviXnoralModel.sv";
