#! /c/Source/iverilog-install/bin/vvp
:ivl_version "12.0 (devel)" "(s20150603-1539-g2693dd32b)";
:ivl_delay_selection "TYPICAL";
:vpi_time_precision + 0;
:vpi_module "C:\iverilog\lib\ivl\system.vpi";
:vpi_module "C:\iverilog\lib\ivl\vhdl_sys.vpi";
:vpi_module "C:\iverilog\lib\ivl\vhdl_textio.vpi";
:vpi_module "C:\iverilog\lib\ivl\v2005_math.vpi";
:vpi_module "C:\iverilog\lib\ivl\va_math.vpi";
S_00000248fe9da890 .scope module, "myXnorTB" "myXnorTB" 2 1;
 .timescale 0 0;
v00000248fe9f2820_0 .var "input1", 0 0;
v00000248fe9f28c0_0 .var "input2", 0 0;
v00000248fe9f2960_0 .net "op", 0 0, L_00000248fea254e0;  1 drivers
S_00000248fe9daa20 .scope module, "myXnorTB" "myXnor" 2 4, 3 1 0, S_00000248fe9da890;
 .timescale 0 0;
    .port_info 0 /INPUT 1 "input1";
    .port_info 1 /INPUT 1 "input2";
    .port_info 2 /OUTPUT 1 "op";
L_00000248fea254e0 .functor XNOR 1, v00000248fe9f2820_0, v00000248fe9f28c0_0, C4<0>, C4<0>;
v00000248fe9f3180_0 .net "input1", 0 0, v00000248fe9f2820_0;  1 drivers
v00000248fe9f26e0_0 .net "input2", 0 0, v00000248fe9f28c0_0;  1 drivers
v00000248fe9f2780_0 .net "op", 0 0, L_00000248fea254e0;  alias, 1 drivers
    .scope S_00000248fe9da890;
T_0 ;
    %vpi_call 2 6 "$monitor", v00000248fe9f2820_0, v00000248fe9f28c0_0, v00000248fe9f2960_0 {0 0 0};
    %pushi/vec4 0, 0, 1;
    %store/vec4 v00000248fe9f2820_0, 0, 1;
    %pushi/vec4 0, 0, 1;
    %store/vec4 v00000248fe9f28c0_0, 0, 1;
    %delay 1, 0;
    %vpi_call 2 10 "$display", "Input1: %b, Input2: %b, Output: %b", v00000248fe9f2820_0, v00000248fe9f28c0_0, v00000248fe9f2960_0 {0 0 0};
    %pushi/vec4 1, 0, 1;
    %store/vec4 v00000248fe9f2820_0, 0, 1;
    %pushi/vec4 0, 0, 1;
    %store/vec4 v00000248fe9f28c0_0, 0, 1;
    %delay 1, 0;
    %vpi_call 2 14 "$display", "Input1: %b, Input2: %b, Output: %b", v00000248fe9f2820_0, v00000248fe9f28c0_0, v00000248fe9f2960_0 {0 0 0};
    %pushi/vec4 0, 0, 1;
    %store/vec4 v00000248fe9f2820_0, 0, 1;
    %pushi/vec4 1, 0, 1;
    %store/vec4 v00000248fe9f28c0_0, 0, 1;
    %delay 1, 0;
    %vpi_call 2 18 "$display", "Input1: %b, Input2: %b, Output: %b", v00000248fe9f2820_0, v00000248fe9f28c0_0, v00000248fe9f2960_0 {0 0 0};
    %pushi/vec4 1, 0, 1;
    %store/vec4 v00000248fe9f2820_0, 0, 1;
    %pushi/vec4 1, 0, 1;
    %store/vec4 v00000248fe9f28c0_0, 0, 1;
    %delay 1, 0;
    %vpi_call 2 22 "$display", "Input1: %b, Input2: %b, Output: %b", v00000248fe9f2820_0, v00000248fe9f28c0_0, v00000248fe9f2960_0 {0 0 0};
    %end;
    .thread T_0;
# The file index is used to find the file name in the following table.
:file_names 4;
    "N/A";
    "<interactive>";
    "myXnorTB.sv";
    "myXnorGateLevelModel.sv";
