#! /c/Source/iverilog-install/bin/vvp
:ivl_version "12.0 (devel)" "(s20150603-1539-g2693dd32b)";
:ivl_delay_selection "TYPICAL";
:vpi_time_precision + 0;
:vpi_module "C:\iverilog\lib\ivl\system.vpi";
:vpi_module "C:\iverilog\lib\ivl\vhdl_sys.vpi";
:vpi_module "C:\iverilog\lib\ivl\vhdl_textio.vpi";
:vpi_module "C:\iverilog\lib\ivl\v2005_math.vpi";
:vpi_module "C:\iverilog\lib\ivl\va_math.vpi";
:vpi_module "C:\iverilog\lib\ivl\v2009.vpi";
S_0000028e10b1d160 .scope package, "$unit" "$unit" 2 1;
 .timescale 0 0;
S_0000028e10b1d2f0 .scope module, "test_fourbit_subtractor" "test_fourbit_subtractor" 3 1;
 .timescale 0 0;
v0000028e10b75120_0 .var "X", 3 0;
v0000028e10b75580_0 .var "Y", 3 0;
v0000028e10b756c0_0 .net "borrow", 0 0, L_0000028e10bc0720;  1 drivers
v0000028e10b768e0_0 .net "diff", 3 0, L_0000028e10b74b80;  1 drivers
S_0000028e10ace520 .scope module, "uut" "fourbit_subtractor" 3 9, 4 1 0, S_0000028e10b1d2f0;
 .timescale 0 0;
    .port_info 0 /OUTPUT 4 "diff";
    .port_info 1 /OUTPUT 1 "borrow";
    .port_info 2 /INPUT 4 "X";
    .port_info 3 /INPUT 4 "Y";
L_0000028e10b120f0 .functor NOT 1, L_0000028e10b76700, C4<0>, C4<0>, C4<0>;
L_0000028e10b11fa0 .functor NOT 1, L_0000028e10b762a0, C4<0>, C4<0>, C4<0>;
L_0000028e10b12780 .functor NOT 1, L_0000028e10b74ea0, C4<0>, C4<0>, C4<0>;
L_0000028e10bbfed0 .functor NOT 1, L_0000028e10b75260, C4<0>, C4<0>, C4<0>;
L_0000028e10bc0720 .functor NOT 1, L_0000028e10bbfbc0, C4<0>, C4<0>, C4<0>;
v0000028e10b1c980_0 .net "C1", 0 0, L_0000028e10b12240;  1 drivers
v0000028e10b1ca20_0 .net "C2", 0 0, L_0000028e10b121d0;  1 drivers
v0000028e10b1bbc0_0 .net "C3", 0 0, L_0000028e10b12390;  1 drivers
v0000028e10b1bc60_0 .net "C4", 0 0, L_0000028e10bbfbc0;  1 drivers
v0000028e10b1be40_0 .net "X", 3 0, v0000028e10b75120_0;  1 drivers
v0000028e10b1bd00_0 .net "Y", 3 0, v0000028e10b75580_0;  1 drivers
v0000028e10b1bda0_0 .net *"_ivl_13", 0 0, L_0000028e10b762a0;  1 drivers
v0000028e10b0e430_0 .net *"_ivl_21", 0 0, L_0000028e10b74ea0;  1 drivers
v0000028e10b0dfd0_0 .net *"_ivl_29", 0 0, L_0000028e10b75260;  1 drivers
v0000028e10b754e0_0 .net *"_ivl_3", 0 0, L_0000028e10b76700;  1 drivers
v0000028e10b759e0_0 .net "borrow", 0 0, L_0000028e10bc0720;  alias, 1 drivers
v0000028e10b76340_0 .net "diff", 3 0, L_0000028e10b74b80;  alias, 1 drivers
L_0000028e10b75e40 .part v0000028e10b75120_0, 0, 1;
L_0000028e10b76700 .part v0000028e10b75580_0, 0, 1;
L_0000028e10b751c0 .part v0000028e10b75120_0, 1, 1;
L_0000028e10b762a0 .part v0000028e10b75580_0, 1, 1;
L_0000028e10b75080 .part v0000028e10b75120_0, 2, 1;
L_0000028e10b74ea0 .part v0000028e10b75580_0, 2, 1;
L_0000028e10b74a40 .part v0000028e10b75120_0, 3, 1;
L_0000028e10b75260 .part v0000028e10b75580_0, 3, 1;
L_0000028e10b74b80 .concat8 [ 1 1 1 1], L_0000028e10b12a20, L_0000028e10b12470, L_0000028e10b128d0, L_0000028e10b129b0;
S_0000028e10ace6b0 .scope module, "fa1" "full_adder" 4 4, 4 12 0, S_0000028e10ace520;
 .timescale 0 0;
    .port_info 0 /INPUT 1 "a";
    .port_info 1 /INPUT 1 "b";
    .port_info 2 /INPUT 1 "cin";
    .port_info 3 /OUTPUT 1 "sum";
    .port_info 4 /OUTPUT 1 "cout";
L_0000028e10b11c20 .functor XOR 1, L_0000028e10b75e40, L_0000028e10b120f0, C4<0>, C4<0>;
L_0000028e10b76a08 .functor BUFT 1, C4<1>, C4<0>, C4<0>, C4<0>;
L_0000028e10b12a20 .functor XOR 1, L_0000028e10b11c20, L_0000028e10b76a08, C4<0>, C4<0>;
L_0000028e10b12630 .functor AND 1, L_0000028e10b75e40, L_0000028e10b120f0, C4<1>, C4<1>;
L_0000028e10b11c90 .functor AND 1, L_0000028e10b75e40, L_0000028e10b76a08, C4<1>, C4<1>;
L_0000028e10b11d00 .functor OR 1, L_0000028e10b12630, L_0000028e10b11c90, C4<0>, C4<0>;
L_0000028e10b12160 .functor AND 1, L_0000028e10b120f0, L_0000028e10b76a08, C4<1>, C4<1>;
L_0000028e10b12240 .functor OR 1, L_0000028e10b11d00, L_0000028e10b12160, C4<0>, C4<0>;
v0000028e10b1b620_0 .net *"_ivl_0", 0 0, L_0000028e10b11c20;  1 drivers
v0000028e10b1b300_0 .net *"_ivl_10", 0 0, L_0000028e10b12160;  1 drivers
v0000028e10b1c200_0 .net *"_ivl_4", 0 0, L_0000028e10b12630;  1 drivers
v0000028e10b1ce80_0 .net *"_ivl_6", 0 0, L_0000028e10b11c90;  1 drivers
v0000028e10b1c2a0_0 .net *"_ivl_8", 0 0, L_0000028e10b11d00;  1 drivers
v0000028e10b1afe0_0 .net "a", 0 0, L_0000028e10b75e40;  1 drivers
v0000028e10b1b080_0 .net "b", 0 0, L_0000028e10b120f0;  1 drivers
v0000028e10b1bf80_0 .net "cin", 0 0, L_0000028e10b76a08;  1 drivers
v0000028e10b1b4e0_0 .net "cout", 0 0, L_0000028e10b12240;  alias, 1 drivers
v0000028e10b1b800_0 .net "sum", 0 0, L_0000028e10b12a20;  1 drivers
S_0000028e10ae2720 .scope module, "fa2" "full_adder" 4 5, 4 12 0, S_0000028e10ace520;
 .timescale 0 0;
    .port_info 0 /INPUT 1 "a";
    .port_info 1 /INPUT 1 "b";
    .port_info 2 /INPUT 1 "cin";
    .port_info 3 /OUTPUT 1 "sum";
    .port_info 4 /OUTPUT 1 "cout";
L_0000028e10b11d70 .functor XOR 1, L_0000028e10b751c0, L_0000028e10b11fa0, C4<0>, C4<0>;
L_0000028e10b12470 .functor XOR 1, L_0000028e10b11d70, L_0000028e10b12240, C4<0>, C4<0>;
L_0000028e10b124e0 .functor AND 1, L_0000028e10b751c0, L_0000028e10b11fa0, C4<1>, C4<1>;
L_0000028e10b11de0 .functor AND 1, L_0000028e10b751c0, L_0000028e10b12240, C4<1>, C4<1>;
L_0000028e10b126a0 .functor OR 1, L_0000028e10b124e0, L_0000028e10b11de0, C4<0>, C4<0>;
L_0000028e10b11f30 .functor AND 1, L_0000028e10b11fa0, L_0000028e10b12240, C4<1>, C4<1>;
L_0000028e10b121d0 .functor OR 1, L_0000028e10b126a0, L_0000028e10b11f30, C4<0>, C4<0>;
v0000028e10b1c8e0_0 .net *"_ivl_0", 0 0, L_0000028e10b11d70;  1 drivers
v0000028e10b1b6c0_0 .net *"_ivl_10", 0 0, L_0000028e10b11f30;  1 drivers
v0000028e10b1c340_0 .net *"_ivl_4", 0 0, L_0000028e10b124e0;  1 drivers
v0000028e10b1c520_0 .net *"_ivl_6", 0 0, L_0000028e10b11de0;  1 drivers
v0000028e10b1ba80_0 .net *"_ivl_8", 0 0, L_0000028e10b126a0;  1 drivers
v0000028e10b1b120_0 .net "a", 0 0, L_0000028e10b751c0;  1 drivers
v0000028e10b1bee0_0 .net "b", 0 0, L_0000028e10b11fa0;  1 drivers
v0000028e10b1cc00_0 .net "cin", 0 0, L_0000028e10b12240;  alias, 1 drivers
v0000028e10b1b8a0_0 .net "cout", 0 0, L_0000028e10b121d0;  alias, 1 drivers
v0000028e10b1b940_0 .net "sum", 0 0, L_0000028e10b12470;  1 drivers
S_0000028e10ae28b0 .scope module, "fa3" "full_adder" 4 6, 4 12 0, S_0000028e10ace520;
 .timescale 0 0;
    .port_info 0 /INPUT 1 "a";
    .port_info 1 /INPUT 1 "b";
    .port_info 2 /INPUT 1 "cin";
    .port_info 3 /OUTPUT 1 "sum";
    .port_info 4 /OUTPUT 1 "cout";
L_0000028e10b122b0 .functor XOR 1, L_0000028e10b75080, L_0000028e10b12780, C4<0>, C4<0>;
L_0000028e10b128d0 .functor XOR 1, L_0000028e10b122b0, L_0000028e10b121d0, C4<0>, C4<0>;
L_0000028e10b12550 .functor AND 1, L_0000028e10b75080, L_0000028e10b12780, C4<1>, C4<1>;
L_0000028e10b127f0 .functor AND 1, L_0000028e10b75080, L_0000028e10b121d0, C4<1>, C4<1>;
L_0000028e10b12320 .functor OR 1, L_0000028e10b12550, L_0000028e10b127f0, C4<0>, C4<0>;
L_0000028e10b12010 .functor AND 1, L_0000028e10b12780, L_0000028e10b121d0, C4<1>, C4<1>;
L_0000028e10b12390 .functor OR 1, L_0000028e10b12320, L_0000028e10b12010, C4<0>, C4<0>;
v0000028e10b1cd40_0 .net *"_ivl_0", 0 0, L_0000028e10b122b0;  1 drivers
v0000028e10b1b1c0_0 .net *"_ivl_10", 0 0, L_0000028e10b12010;  1 drivers
v0000028e10b1cca0_0 .net *"_ivl_4", 0 0, L_0000028e10b12550;  1 drivers
v0000028e10b1cde0_0 .net *"_ivl_6", 0 0, L_0000028e10b127f0;  1 drivers
v0000028e10b1c700_0 .net *"_ivl_8", 0 0, L_0000028e10b12320;  1 drivers
v0000028e10b1c3e0_0 .net "a", 0 0, L_0000028e10b75080;  1 drivers
v0000028e10b1c020_0 .net "b", 0 0, L_0000028e10b12780;  1 drivers
v0000028e10b1c480_0 .net "cin", 0 0, L_0000028e10b121d0;  alias, 1 drivers
v0000028e10b1cac0_0 .net "cout", 0 0, L_0000028e10b12390;  alias, 1 drivers
v0000028e10b1cb60_0 .net "sum", 0 0, L_0000028e10b128d0;  1 drivers
S_0000028e10ae2a40 .scope module, "fa4" "full_adder" 4 7, 4 12 0, S_0000028e10ace520;
 .timescale 0 0;
    .port_info 0 /INPUT 1 "a";
    .port_info 1 /INPUT 1 "b";
    .port_info 2 /INPUT 1 "cin";
    .port_info 3 /OUTPUT 1 "sum";
    .port_info 4 /OUTPUT 1 "cout";
L_0000028e10b12400 .functor XOR 1, L_0000028e10b74a40, L_0000028e10bbfed0, C4<0>, C4<0>;
L_0000028e10b129b0 .functor XOR 1, L_0000028e10b12400, L_0000028e10b12390, C4<0>, C4<0>;
L_0000028e10b125c0 .functor AND 1, L_0000028e10b74a40, L_0000028e10bbfed0, C4<1>, C4<1>;
L_0000028e10b12860 .functor AND 1, L_0000028e10b74a40, L_0000028e10b12390, C4<1>, C4<1>;
L_0000028e10bbfc30 .functor OR 1, L_0000028e10b125c0, L_0000028e10b12860, C4<0>, C4<0>;
L_0000028e10bbfe60 .functor AND 1, L_0000028e10bbfed0, L_0000028e10b12390, C4<1>, C4<1>;
L_0000028e10bbfbc0 .functor OR 1, L_0000028e10bbfc30, L_0000028e10bbfe60, C4<0>, C4<0>;
v0000028e10b1b3a0_0 .net *"_ivl_0", 0 0, L_0000028e10b12400;  1 drivers
v0000028e10b1c5c0_0 .net *"_ivl_10", 0 0, L_0000028e10bbfe60;  1 drivers
v0000028e10b1c660_0 .net *"_ivl_4", 0 0, L_0000028e10b125c0;  1 drivers
v0000028e10b1b260_0 .net *"_ivl_6", 0 0, L_0000028e10b12860;  1 drivers
v0000028e10b1c7a0_0 .net *"_ivl_8", 0 0, L_0000028e10bbfc30;  1 drivers
v0000028e10b1b440_0 .net "a", 0 0, L_0000028e10b74a40;  1 drivers
v0000028e10b1b580_0 .net "b", 0 0, L_0000028e10bbfed0;  1 drivers
v0000028e10b1b760_0 .net "cin", 0 0, L_0000028e10b12390;  alias, 1 drivers
v0000028e10b1b9e0_0 .net "cout", 0 0, L_0000028e10bbfbc0;  alias, 1 drivers
v0000028e10b1bb20_0 .net "sum", 0 0, L_0000028e10b129b0;  1 drivers
    .scope S_0000028e10b1d2f0;
T_0 ;
    %vpi_call/w 3 17 "$monitor", "X: %b, Y: %b, diff: %b, borrow: %b", v0000028e10b75120_0, v0000028e10b75580_0, v0000028e10b768e0_0, v0000028e10b756c0_0 {0 0 0};
    %pushi/vec4 2, 0, 4;
    %store/vec4 v0000028e10b75120_0, 0, 4;
    %pushi/vec4 1, 0, 4;
    %store/vec4 v0000028e10b75580_0, 0, 4;
    %delay 10, 0;
    %pushi/vec4 6, 0, 4;
    %store/vec4 v0000028e10b75120_0, 0, 4;
    %pushi/vec4 4, 0, 4;
    %store/vec4 v0000028e10b75580_0, 0, 4;
    %delay 10, 0;
    %pushi/vec4 15, 0, 4;
    %store/vec4 v0000028e10b75120_0, 0, 4;
    %pushi/vec4 7, 0, 4;
    %store/vec4 v0000028e10b75580_0, 0, 4;
    %delay 10, 0;
    %pushi/vec4 0, 0, 4;
    %store/vec4 v0000028e10b75120_0, 0, 4;
    %pushi/vec4 8, 0, 4;
    %store/vec4 v0000028e10b75580_0, 0, 4;
    %delay 10, 0;
    %pushi/vec4 5, 0, 4;
    %store/vec4 v0000028e10b75120_0, 0, 4;
    %pushi/vec4 10, 0, 4;
    %store/vec4 v0000028e10b75580_0, 0, 4;
    %delay 10, 0;
    %vpi_call/w 3 39 "$finish" {0 0 0};
    %end;
    .thread T_0;
# The file index is used to find the file name in the following table.
:file_names 5;
    "N/A";
    "<interactive>";
    "-";
    "4BitSubtractorTB.sv";
    "4BitSubtractor.sv";
