#! /c/Source/iverilog-install/bin/vvp
:ivl_version "12.0 (devel)" "(s20150603-1539-g2693dd32b)";
:ivl_delay_selection "TYPICAL";
:vpi_time_precision + 0;
:vpi_module "C:\iverilog\lib\ivl\system.vpi";
:vpi_module "C:\iverilog\lib\ivl\vhdl_sys.vpi";
:vpi_module "C:\iverilog\lib\ivl\vhdl_textio.vpi";
:vpi_module "C:\iverilog\lib\ivl\v2005_math.vpi";
:vpi_module "C:\iverilog\lib\ivl\va_math.vpi";
:vpi_module "C:\iverilog\lib\ivl\v2009.vpi";
S_000001af4c0abd90 .scope package, "$unit" "$unit" 2 1;
 .timescale 0 0;
S_000001af4c0ae280 .scope module, "BCDupdown_tb" "BCDupdown_tb" 3 1;
 .timescale 0 0;
v000001af4bffd840_0 .var "Clk", 0 0;
v000001af4bffd8e0_0 .net "Count", 3 0, v000001af4bf82b20_0;  1 drivers
v000001af4bffd980_0 .var "UpOrDown", 0 0;
v000001af4bffda20_0 .var "rst", 0 0;
S_000001af4c0ae410 .scope module, "dut" "BCDupdown" 3 6, 4 1 0, S_000001af4c0ae280;
 .timescale 0 0;
    .port_info 0 /INPUT 1 "Clk";
    .port_info 1 /INPUT 1 "rst";
    .port_info 2 /INPUT 1 "UpOrDown";
    .port_info 3 /OUTPUT 4 "Count";
v000001af4bf82da0_0 .net "Clk", 0 0, v000001af4bffd840_0;  1 drivers
v000001af4bf82b20_0 .var "Count", 3 0;
v000001af4c0ae5a0_0 .net "UpOrDown", 0 0, v000001af4bffd980_0;  1 drivers
v000001af4c0ae640_0 .net "rst", 0 0, v000001af4bffda20_0;  1 drivers
E_000001af4c0aa780 .event posedge, v000001af4bf82da0_0;
    .scope S_000001af4c0ae410;
T_0 ;
    %pushi/vec4 0, 0, 4;
    %store/vec4 v000001af4bf82b20_0, 0, 4;
    %end;
    .thread T_0, $init;
    .scope S_000001af4c0ae410;
T_1 ;
    %wait E_000001af4c0aa780;
    %load/vec4 v000001af4c0ae640_0;
    %pad/u 32;
    %cmpi/e 1, 0, 32;
    %jmp/0xz  T_1.0, 4;
    %pushi/vec4 0, 0, 4;
    %assign/vec4 v000001af4bf82b20_0, 0;
    %jmp T_1.1;
T_1.0 ;
    %load/vec4 v000001af4c0ae5a0_0;
    %pad/u 32;
    %cmpi/e 1, 0, 32;
    %jmp/0xz  T_1.2, 4;
    %load/vec4 v000001af4bf82b20_0;
    %pad/u 32;
    %cmpi/e 15, 0, 32;
    %jmp/0xz  T_1.4, 4;
    %pushi/vec4 0, 0, 4;
    %assign/vec4 v000001af4bf82b20_0, 0;
    %jmp T_1.5;
T_1.4 ;
    %load/vec4 v000001af4bf82b20_0;
    %addi 1, 0, 4;
    %assign/vec4 v000001af4bf82b20_0, 0;
T_1.5 ;
    %jmp T_1.3;
T_1.2 ;
    %load/vec4 v000001af4bf82b20_0;
    %pad/u 32;
    %cmpi/e 0, 0, 32;
    %jmp/0xz  T_1.6, 4;
    %pushi/vec4 15, 0, 4;
    %assign/vec4 v000001af4bf82b20_0, 0;
    %jmp T_1.7;
T_1.6 ;
    %load/vec4 v000001af4bf82b20_0;
    %subi 1, 0, 4;
    %assign/vec4 v000001af4bf82b20_0, 0;
T_1.7 ;
T_1.3 ;
T_1.1 ;
    %jmp T_1;
    .thread T_1;
    .scope S_000001af4c0ae280;
T_2 ;
    %delay 5, 0;
    %load/vec4 v000001af4bffd840_0;
    %inv;
    %store/vec4 v000001af4bffd840_0, 0, 1;
    %jmp T_2;
    .thread T_2;
    .scope S_000001af4c0ae280;
T_3 ;
    %vpi_call/w 3 11 "$dumpfile", "dump.vcd" {0 0 0};
    %vpi_call/w 3 11 "$dumpvars", 32'sb00000000000000000000000000000001 {0 0 0};
    %pushi/vec4 0, 0, 1;
    %store/vec4 v000001af4bffd840_0, 0, 1;
    %pushi/vec4 0, 0, 1;
    %store/vec4 v000001af4bffda20_0, 0, 1;
    %pushi/vec4 1, 0, 1;
    %store/vec4 v000001af4bffd980_0, 0, 1;
    %pushi/vec4 1, 0, 1;
    %store/vec4 v000001af4bffda20_0, 0, 1;
    %delay 10, 0;
    %pushi/vec4 0, 0, 1;
    %store/vec4 v000001af4bffda20_0, 0, 1;
    %delay 20, 0;
    %pushi/vec4 1, 0, 1;
    %store/vec4 v000001af4bffd980_0, 0, 1;
    %delay 40, 0;
    %pushi/vec4 0, 0, 1;
    %store/vec4 v000001af4bffd980_0, 0, 1;
    %delay 40, 0;
    %vpi_call/w 3 16 "$finish" {0 0 0};
    %end;
    .thread T_3;
    .scope S_000001af4c0ae280;
T_4 ;
    %wait E_000001af4c0aa780;
    %vpi_call/w 3 19 "$display", "Count: %d", v000001af4bffd8e0_0 {0 0 0};
    %jmp T_4;
    .thread T_4;
# The file index is used to find the file name in the following table.
:file_names 5;
    "N/A";
    "<interactive>";
    "-";
    "updownTB.sv";
    "updownc.sv";
