#! /c/Source/iverilog-install/bin/vvp
:ivl_version "12.0 (devel)" "(s20150603-1539-g2693dd32b)";
:ivl_delay_selection "TYPICAL";
:vpi_time_precision + 0;
:vpi_module "C:\iverilog\lib\ivl\system.vpi";
:vpi_module "C:\iverilog\lib\ivl\vhdl_sys.vpi";
:vpi_module "C:\iverilog\lib\ivl\vhdl_textio.vpi";
:vpi_module "C:\iverilog\lib\ivl\v2005_math.vpi";
:vpi_module "C:\iverilog\lib\ivl\va_math.vpi";
S_0000013499c65bc0 .scope module, "fullAdderTB" "fullAdderTB" 2 1;
 .timescale 0 0;
v0000013499c624d0_0 .net "carry", 0 0, L_0000013499d6b0c0;  1 drivers
v0000013499c62570_0 .var "input1", 0 0;
v0000013499c62610_0 .var "input2", 0 0;
v0000013499c626b0_0 .var "input3", 0 0;
v0000013499c62980_0 .net "sum", 0 0, L_0000013499d6ae20;  1 drivers
S_0000013499c65d50 .scope module, "fullAdderTB" "myFullAdder" 2 4, 3 1 0, S_0000013499c65bc0;
 .timescale 0 0;
    .port_info 0 /INPUT 1 "input1";
    .port_info 1 /INPUT 1 "input2";
    .port_info 2 /INPUT 1 "input3";
    .port_info 3 /OUTPUT 1 "sum";
    .port_info 4 /OUTPUT 1 "carry";
L_0000013499d6af00 .functor XOR 1, v0000013499c62570_0, v0000013499c62610_0, C4<0>, C4<0>;
L_0000013499d6ae20 .functor XOR 1, L_0000013499d6af00, v0000013499c626b0_0, C4<0>, C4<0>;
L_0000013499d6b210 .functor AND 1, v0000013499c62570_0, v0000013499c62610_0, C4<1>, C4<1>;
L_0000013499d6ac60 .functor AND 1, L_0000013499d6af00, v0000013499c626b0_0, C4<1>, C4<1>;
L_0000013499d6b0c0 .functor OR 1, L_0000013499d6b210, L_0000013499d6ac60, C4<0>, C4<0>;
v0000013499d6aa20_0 .net *"_ivl_4", 0 0, L_0000013499d6b210;  1 drivers
v0000013499d66b90_0 .net *"_ivl_6", 0 0, L_0000013499d6ac60;  1 drivers
v0000013499d6a5d0_0 .net "carry", 0 0, L_0000013499d6b0c0;  alias, 1 drivers
v0000013499d68f30_0 .net "input1", 0 0, v0000013499c62570_0;  1 drivers
v0000013499d68600_0 .net "input2", 0 0, v0000013499c62610_0;  1 drivers
v0000013499c65ee0_0 .net "input3", 0 0, v0000013499c626b0_0;  1 drivers
v0000013499c65f80_0 .net "sum", 0 0, L_0000013499d6ae20;  alias, 1 drivers
v0000013499c62430_0 .net "xor12", 0 0, L_0000013499d6af00;  1 drivers
    .scope S_0000013499c65bc0;
T_0 ;
    %vpi_call 2 6 "$dumpfile", "dump.vcd" {0 0 0};
    %vpi_call 2 7 "$dumpvars", 32'sb00000000000000000000000000000001 {0 0 0};
    %pushi/vec4 0, 0, 1;
    %store/vec4 v0000013499c62570_0, 0, 1;
    %pushi/vec4 0, 0, 1;
    %store/vec4 v0000013499c62610_0, 0, 1;
    %pushi/vec4 0, 0, 1;
    %store/vec4 v0000013499c626b0_0, 0, 1;
    %delay 1, 0;
    %vpi_call 2 12 "$display", "Input1: %b, Input2: %b, Input3 (c-in): %b, Sum: %b, Carry: %b", v0000013499c62570_0, v0000013499c62610_0, v0000013499c626b0_0, v0000013499c62980_0, v0000013499c624d0_0 {0 0 0};
    %pushi/vec4 0, 0, 1;
    %store/vec4 v0000013499c62570_0, 0, 1;
    %pushi/vec4 0, 0, 1;
    %store/vec4 v0000013499c62610_0, 0, 1;
    %pushi/vec4 1, 0, 1;
    %store/vec4 v0000013499c626b0_0, 0, 1;
    %delay 1, 0;
    %vpi_call 2 17 "$display", "Input1: %b, Input2: %b, Input3 (c-in): %b, Sum: %b, Carry: %b", v0000013499c62570_0, v0000013499c62610_0, v0000013499c626b0_0, v0000013499c62980_0, v0000013499c624d0_0 {0 0 0};
    %pushi/vec4 0, 0, 1;
    %store/vec4 v0000013499c62570_0, 0, 1;
    %pushi/vec4 1, 0, 1;
    %store/vec4 v0000013499c62610_0, 0, 1;
    %pushi/vec4 0, 0, 1;
    %store/vec4 v0000013499c626b0_0, 0, 1;
    %delay 1, 0;
    %vpi_call 2 22 "$display", "Input1: %b, Input2: %b, Input3 (c-in): %b, Sum: %b, Carry: %b", v0000013499c62570_0, v0000013499c62610_0, v0000013499c626b0_0, v0000013499c62980_0, v0000013499c624d0_0 {0 0 0};
    %pushi/vec4 0, 0, 1;
    %store/vec4 v0000013499c62570_0, 0, 1;
    %pushi/vec4 1, 0, 1;
    %store/vec4 v0000013499c62610_0, 0, 1;
    %pushi/vec4 1, 0, 1;
    %store/vec4 v0000013499c626b0_0, 0, 1;
    %delay 1, 0;
    %vpi_call 2 27 "$display", "Input1: %b, Input2: %b, Input3 (c-in): %b, Sum: %b, Carry: %b", v0000013499c62570_0, v0000013499c62610_0, v0000013499c626b0_0, v0000013499c62980_0, v0000013499c624d0_0 {0 0 0};
    %pushi/vec4 1, 0, 1;
    %store/vec4 v0000013499c62570_0, 0, 1;
    %pushi/vec4 0, 0, 1;
    %store/vec4 v0000013499c62610_0, 0, 1;
    %pushi/vec4 0, 0, 1;
    %store/vec4 v0000013499c626b0_0, 0, 1;
    %delay 1, 0;
    %vpi_call 2 32 "$display", "Input1: %b, Input2: %b, Input3 (c-in): %b, Sum: %b, Carry: %b", v0000013499c62570_0, v0000013499c62610_0, v0000013499c626b0_0, v0000013499c62980_0, v0000013499c624d0_0 {0 0 0};
    %pushi/vec4 1, 0, 1;
    %store/vec4 v0000013499c62570_0, 0, 1;
    %pushi/vec4 0, 0, 1;
    %store/vec4 v0000013499c62610_0, 0, 1;
    %pushi/vec4 1, 0, 1;
    %store/vec4 v0000013499c626b0_0, 0, 1;
    %delay 1, 0;
    %vpi_call 2 37 "$display", "Input1: %b, Input2: %b, Input3 (c-in): %b, Sum: %b, Carry: %b", v0000013499c62570_0, v0000013499c62610_0, v0000013499c626b0_0, v0000013499c62980_0, v0000013499c624d0_0 {0 0 0};
    %pushi/vec4 1, 0, 1;
    %store/vec4 v0000013499c62570_0, 0, 1;
    %pushi/vec4 1, 0, 1;
    %store/vec4 v0000013499c62610_0, 0, 1;
    %pushi/vec4 0, 0, 1;
    %store/vec4 v0000013499c626b0_0, 0, 1;
    %delay 1, 0;
    %vpi_call 2 42 "$display", "Input1: %b, Input2: %b, Input3 (c-in): %b, Sum: %b, Carry: %b", v0000013499c62570_0, v0000013499c62610_0, v0000013499c626b0_0, v0000013499c62980_0, v0000013499c624d0_0 {0 0 0};
    %pushi/vec4 1, 0, 1;
    %store/vec4 v0000013499c62570_0, 0, 1;
    %pushi/vec4 1, 0, 1;
    %store/vec4 v0000013499c62610_0, 0, 1;
    %pushi/vec4 1, 0, 1;
    %store/vec4 v0000013499c626b0_0, 0, 1;
    %delay 1, 0;
    %vpi_call 2 47 "$display", "Input1: %b, Input2: %b, Input3 (c-in): %b, Sum: %b, Carry: %b", v0000013499c62570_0, v0000013499c62610_0, v0000013499c626b0_0, v0000013499c62980_0, v0000013499c624d0_0 {0 0 0};
    %end;
    .thread T_0;
# The file index is used to find the file name in the following table.
:file_names 4;
    "N/A";
    "<interactive>";
    "fullAdderTB.sv";
    "fullAdder.sv";
