#! /c/Source/iverilog-install/bin/vvp
:ivl_version "12.0 (devel)" "(s20150603-1539-g2693dd32b)";
:ivl_delay_selection "TYPICAL";
:vpi_time_precision + 0;
:vpi_module "C:\iverilog\lib\ivl\system.vpi";
:vpi_module "C:\iverilog\lib\ivl\vhdl_sys.vpi";
:vpi_module "C:\iverilog\lib\ivl\vhdl_textio.vpi";
:vpi_module "C:\iverilog\lib\ivl\v2005_math.vpi";
:vpi_module "C:\iverilog\lib\ivl\va_math.vpi";
:vpi_module "C:\iverilog\lib\ivl\v2009.vpi";
S_000002032cddbd90 .scope package, "$unit" "$unit" 2 1;
 .timescale 0 0;
S_000002032ce95b90 .scope module, "full_subtractor_tb" "full_subtractor_tb" 3 1;
 .timescale 0 0;
v000002032cee0260_0 .var "a", 0 0;
v000002032cee0b20_0 .var "b", 0 0;
v000002032cee0bc0_0 .var "bin", 0 0;
v000002032cee0ee0_0 .net "bout", 0 0, L_000002032ce84d70;  1 drivers
v000002032cee0760_0 .net "diff", 0 0, L_000002032ce84c90;  1 drivers
S_000002032ce95d20 .scope module, "fs" "full_subtractor" 3 5, 4 1 0, S_000002032ce95b90;
 .timescale 0 0;
    .port_info 0 /INPUT 1 "a";
    .port_info 1 /INPUT 1 "b";
    .port_info 2 /INPUT 1 "bin";
    .port_info 3 /OUTPUT 1 "diff";
    .port_info 4 /OUTPUT 1 "bout";
L_000002032ce84d00 .functor XOR 1, v000002032cee0260_0, v000002032cee0b20_0, C4<0>, C4<0>;
L_000002032ce84c90 .functor XOR 1, L_000002032ce84d00, v000002032cee0bc0_0, C4<0>, C4<0>;
L_000002032ce84910 .functor NOT 1, v000002032cee0260_0, C4<0>, C4<0>, C4<0>;
L_000002032ce84980 .functor AND 1, L_000002032ce84910, v000002032cee0b20_0, C4<1>, C4<1>;
L_000002032ce849f0 .functor AND 1, L_000002032ce84980, v000002032cee0bc0_0, C4<1>, C4<1>;
L_000002032ce84fa0 .functor NOT 1, v000002032cee0b20_0, C4<0>, C4<0>, C4<0>;
L_000002032ce84b40 .functor AND 1, v000002032cee0260_0, L_000002032ce84fa0, C4<1>, C4<1>;
L_000002032ce84a60 .functor NOT 1, v000002032cee0bc0_0, C4<0>, C4<0>, C4<0>;
L_000002032ce84bb0 .functor AND 1, L_000002032ce84b40, L_000002032ce84a60, C4<1>, C4<1>;
L_000002032ce84d70 .functor OR 1, L_000002032ce849f0, L_000002032ce84bb0, C4<0>, C4<0>;
v000002032cdd83e0_0 .net *"_ivl_0", 0 0, L_000002032ce84d00;  1 drivers
v000002032ce62b20_0 .net *"_ivl_10", 0 0, L_000002032ce84fa0;  1 drivers
v000002032ce95eb0_0 .net *"_ivl_12", 0 0, L_000002032ce84b40;  1 drivers
v000002032ce95f50_0 .net *"_ivl_14", 0 0, L_000002032ce84a60;  1 drivers
v000002032ce93f40_0 .net *"_ivl_16", 0 0, L_000002032ce84bb0;  1 drivers
v000002032ce93fe0_0 .net *"_ivl_4", 0 0, L_000002032ce84910;  1 drivers
v000002032ce94080_0 .net *"_ivl_6", 0 0, L_000002032ce84980;  1 drivers
v000002032cee09e0_0 .net *"_ivl_8", 0 0, L_000002032ce849f0;  1 drivers
v000002032cee0940_0 .net "a", 0 0, v000002032cee0260_0;  1 drivers
v000002032cee01c0_0 .net "b", 0 0, v000002032cee0b20_0;  1 drivers
v000002032cee06c0_0 .net "bin", 0 0, v000002032cee0bc0_0;  1 drivers
v000002032cee0620_0 .net "bout", 0 0, L_000002032ce84d70;  alias, 1 drivers
v000002032cee0a80_0 .net "diff", 0 0, L_000002032ce84c90;  alias, 1 drivers
    .scope S_000002032ce95b90;
T_0 ;
    %vpi_call/w 3 8 "$monitor", "a = %b, b = %b, bin = %b, diff = %b, bout = %b", v000002032cee0260_0, v000002032cee0b20_0, v000002032cee0bc0_0, v000002032cee0760_0, v000002032cee0ee0_0 {0 0 0};
    %vpi_call/w 3 10 "$dumpfile", "dump.vcd" {0 0 0};
    %vpi_call/w 3 10 "$dumpvars" {0 0 0};
    %pushi/vec4 0, 0, 1;
    %store/vec4 v000002032cee0260_0, 0, 1;
    %pushi/vec4 0, 0, 1;
    %store/vec4 v000002032cee0b20_0, 0, 1;
    %pushi/vec4 0, 0, 1;
    %store/vec4 v000002032cee0bc0_0, 0, 1;
    %delay 10, 0;
    %pushi/vec4 0, 0, 1;
    %store/vec4 v000002032cee0260_0, 0, 1;
    %pushi/vec4 0, 0, 1;
    %store/vec4 v000002032cee0b20_0, 0, 1;
    %pushi/vec4 1, 0, 1;
    %store/vec4 v000002032cee0bc0_0, 0, 1;
    %delay 10, 0;
    %pushi/vec4 0, 0, 1;
    %store/vec4 v000002032cee0260_0, 0, 1;
    %pushi/vec4 1, 0, 1;
    %store/vec4 v000002032cee0b20_0, 0, 1;
    %pushi/vec4 0, 0, 1;
    %store/vec4 v000002032cee0bc0_0, 0, 1;
    %delay 10, 0;
    %pushi/vec4 0, 0, 1;
    %store/vec4 v000002032cee0260_0, 0, 1;
    %pushi/vec4 1, 0, 1;
    %store/vec4 v000002032cee0b20_0, 0, 1;
    %pushi/vec4 1, 0, 1;
    %store/vec4 v000002032cee0bc0_0, 0, 1;
    %delay 10, 0;
    %pushi/vec4 1, 0, 1;
    %store/vec4 v000002032cee0260_0, 0, 1;
    %pushi/vec4 0, 0, 1;
    %store/vec4 v000002032cee0b20_0, 0, 1;
    %pushi/vec4 0, 0, 1;
    %store/vec4 v000002032cee0bc0_0, 0, 1;
    %delay 10, 0;
    %pushi/vec4 1, 0, 1;
    %store/vec4 v000002032cee0260_0, 0, 1;
    %pushi/vec4 0, 0, 1;
    %store/vec4 v000002032cee0b20_0, 0, 1;
    %pushi/vec4 1, 0, 1;
    %store/vec4 v000002032cee0bc0_0, 0, 1;
    %delay 10, 0;
    %pushi/vec4 1, 0, 1;
    %store/vec4 v000002032cee0260_0, 0, 1;
    %pushi/vec4 1, 0, 1;
    %store/vec4 v000002032cee0b20_0, 0, 1;
    %pushi/vec4 0, 0, 1;
    %store/vec4 v000002032cee0bc0_0, 0, 1;
    %delay 10, 0;
    %pushi/vec4 1, 0, 1;
    %store/vec4 v000002032cee0260_0, 0, 1;
    %pushi/vec4 1, 0, 1;
    %store/vec4 v000002032cee0b20_0, 0, 1;
    %pushi/vec4 1, 0, 1;
    %store/vec4 v000002032cee0bc0_0, 0, 1;
    %delay 10, 0;
    %vpi_call/w 3 19 "$finish" {0 0 0};
    %end;
    .thread T_0;
# The file index is used to find the file name in the following table.
:file_names 5;
    "N/A";
    "<interactive>";
    "-";
    "fullSubTB.sv";
    "fullSub.sv";
