#! /c/Source/iverilog-install/bin/vvp
:ivl_version "12.0 (devel)" "(s20150603-1539-g2693dd32b)";
:ivl_delay_selection "TYPICAL";
:vpi_time_precision + 0;
:vpi_module "C:\iverilog\lib\ivl\system.vpi";
:vpi_module "C:\iverilog\lib\ivl\vhdl_sys.vpi";
:vpi_module "C:\iverilog\lib\ivl\vhdl_textio.vpi";
:vpi_module "C:\iverilog\lib\ivl\v2005_math.vpi";
:vpi_module "C:\iverilog\lib\ivl\va_math.vpi";
S_000001dd4d4f9a30 .scope module, "demux1X4_tb" "demux1X4_tb" 2 1;
 .timescale 0 0;
v000001dd4d503730_0 .var "in", 0 0;
v000001dd4d5032d0_0 .net "out", 3 0, L_000001dd4d502010;  1 drivers
v000001dd4d502650_0 .var "sel", 1 0;
S_000001dd4d44cf30 .scope module, "uut" "demux1X4" 2 6, 3 1 0, S_000001dd4d4f9a30;
 .timescale 0 0;
    .port_info 0 /INPUT 1 "in";
    .port_info 1 /INPUT 2 "sel";
    .port_info 2 /OUTPUT 4 "out";
L_000001dd4d504340 .functor NOT 1, L_000001dd4d502b50, C4<0>, C4<0>, C4<0>;
L_000001dd4d503fc0 .functor NOT 1, L_000001dd4d501890, C4<0>, C4<0>, C4<0>;
L_000001dd4d5043b0 .functor AND 1, L_000001dd4d504340, L_000001dd4d503fc0, C4<1>, C4<1>;
L_000001dd4d5041f0 .functor AND 1, L_000001dd4d5043b0, v000001dd4d503730_0, C4<1>, C4<1>;
L_000001dd4d503d20 .functor NOT 1, L_000001dd4d503370, C4<0>, C4<0>, C4<0>;
L_000001dd4d504260 .functor AND 1, L_000001dd4d503d20, L_000001dd4d502e70, C4<1>, C4<1>;
L_000001dd4d504030 .functor AND 1, L_000001dd4d504260, v000001dd4d503730_0, C4<1>, C4<1>;
L_000001dd4d5042d0 .functor NOT 1, L_000001dd4d5019d0, C4<0>, C4<0>, C4<0>;
L_000001dd4d503e70 .functor AND 1, L_000001dd4d501bb0, L_000001dd4d5042d0, C4<1>, C4<1>;
L_000001dd4d503d90 .functor AND 1, L_000001dd4d503e70, v000001dd4d503730_0, C4<1>, C4<1>;
L_000001dd4d503cb0 .functor AND 1, L_000001dd4d5021f0, L_000001dd4d502ab0, C4<1>, C4<1>;
L_000001dd4d504110 .functor AND 1, L_000001dd4d503cb0, v000001dd4d503730_0, C4<1>, C4<1>;
v000001dd4d4f7e40_0 .net *"_ivl_10", 0 0, L_000001dd4d5043b0;  1 drivers
v000001dd4d4f7c60_0 .net *"_ivl_12", 0 0, L_000001dd4d5041f0;  1 drivers
v000001dd4d4f8700_0 .net *"_ivl_17", 0 0, L_000001dd4d503370;  1 drivers
v000001dd4d4f7f80_0 .net *"_ivl_18", 0 0, L_000001dd4d503d20;  1 drivers
v000001dd4d4f78a0_0 .net *"_ivl_21", 0 0, L_000001dd4d502e70;  1 drivers
v000001dd4d4f82a0_0 .net *"_ivl_22", 0 0, L_000001dd4d504260;  1 drivers
v000001dd4d4f7a80_0 .net *"_ivl_24", 0 0, L_000001dd4d504030;  1 drivers
v000001dd4d4f87a0_0 .net *"_ivl_29", 0 0, L_000001dd4d501bb0;  1 drivers
v000001dd4d4f7d00_0 .net *"_ivl_3", 0 0, L_000001dd4d502b50;  1 drivers
v000001dd4d4f85c0_0 .net *"_ivl_31", 0 0, L_000001dd4d5019d0;  1 drivers
v000001dd4d4f83e0_0 .net *"_ivl_32", 0 0, L_000001dd4d5042d0;  1 drivers
v000001dd4d4f7ee0_0 .net *"_ivl_34", 0 0, L_000001dd4d503e70;  1 drivers
v000001dd4d4f8340_0 .net *"_ivl_36", 0 0, L_000001dd4d503d90;  1 drivers
v000001dd4d4f7da0_0 .net *"_ivl_4", 0 0, L_000001dd4d504340;  1 drivers
v000001dd4d4f8020_0 .net *"_ivl_42", 0 0, L_000001dd4d5021f0;  1 drivers
v000001dd4d4f80c0_0 .net *"_ivl_44", 0 0, L_000001dd4d502ab0;  1 drivers
v000001dd4d4f8480_0 .net *"_ivl_45", 0 0, L_000001dd4d503cb0;  1 drivers
v000001dd4d4f8160_0 .net *"_ivl_47", 0 0, L_000001dd4d504110;  1 drivers
v000001dd4d4f8520_0 .net *"_ivl_7", 0 0, L_000001dd4d501890;  1 drivers
v000001dd4d503690_0 .net *"_ivl_8", 0 0, L_000001dd4d503fc0;  1 drivers
v000001dd4d501930_0 .net "in", 0 0, v000001dd4d503730_0;  1 drivers
v000001dd4d502fb0_0 .net "out", 3 0, L_000001dd4d502010;  alias, 1 drivers
v000001dd4d503230_0 .net "sel", 1 0, v000001dd4d502650_0;  1 drivers
L_000001dd4d502b50 .part v000001dd4d502650_0, 1, 1;
L_000001dd4d501890 .part v000001dd4d502650_0, 0, 1;
L_000001dd4d503370 .part v000001dd4d502650_0, 1, 1;
L_000001dd4d502e70 .part v000001dd4d502650_0, 0, 1;
L_000001dd4d501bb0 .part v000001dd4d502650_0, 1, 1;
L_000001dd4d5019d0 .part v000001dd4d502650_0, 0, 1;
L_000001dd4d502010 .concat8 [ 1 1 1 1], L_000001dd4d5041f0, L_000001dd4d504030, L_000001dd4d503d90, L_000001dd4d504110;
L_000001dd4d5021f0 .part v000001dd4d502650_0, 1, 1;
L_000001dd4d502ab0 .part v000001dd4d502650_0, 0, 1;
    .scope S_000001dd4d4f9a30;
T_0 ;
    %vpi_call 2 9 "$monitor", "in: %b | sel: %b | out: %b", v000001dd4d503730_0, v000001dd4d502650_0, v000001dd4d5032d0_0 {0 0 0};
    %pushi/vec4 1, 0, 1;
    %store/vec4 v000001dd4d503730_0, 0, 1;
    %pushi/vec4 0, 0, 2;
    %store/vec4 v000001dd4d502650_0, 0, 2;
    %delay 10, 0;
    %pushi/vec4 1, 0, 1;
    %store/vec4 v000001dd4d503730_0, 0, 1;
    %pushi/vec4 1, 0, 2;
    %store/vec4 v000001dd4d502650_0, 0, 2;
    %delay 10, 0;
    %pushi/vec4 1, 0, 1;
    %store/vec4 v000001dd4d503730_0, 0, 1;
    %pushi/vec4 2, 0, 2;
    %store/vec4 v000001dd4d502650_0, 0, 2;
    %delay 10, 0;
    %pushi/vec4 1, 0, 1;
    %store/vec4 v000001dd4d503730_0, 0, 1;
    %pushi/vec4 3, 0, 2;
    %store/vec4 v000001dd4d502650_0, 0, 2;
    %delay 10, 0;
    %vpi_call 2 14 "$finish" {0 0 0};
    %end;
    .thread T_0;
# The file index is used to find the file name in the following table.
:file_names 4;
    "N/A";
    "<interactive>";
    "demuxTB.sv";
    "demux.sv";
