#! /c/Source/iverilog-install/bin/vvp
:ivl_version "12.0 (devel)" "(s20150603-1539-g2693dd32b)";
:ivl_delay_selection "TYPICAL";
:vpi_time_precision + 0;
:vpi_module "C:\iverilog\lib\ivl\system.vpi";
:vpi_module "C:\iverilog\lib\ivl\vhdl_sys.vpi";
:vpi_module "C:\iverilog\lib\ivl\vhdl_textio.vpi";
:vpi_module "C:\iverilog\lib\ivl\v2005_math.vpi";
:vpi_module "C:\iverilog\lib\ivl\va_math.vpi";
:vpi_module "C:\iverilog\lib\ivl\v2009.vpi";
S_000001e0cdad6520 .scope package, "$unit" "$unit" 2 1;
 .timescale 0 0;
S_000001e0cdad66b0 .scope module, "tb_johnsoncounter" "tb_johnsoncounter" 3 1;
 .timescale 0 0;
v000001e0cdaa28b0_0 .net "Count_out", 3 0, L_000001e0cdbd9b40;  1 drivers
v000001e0cdaa2950_0 .var "clk", 0 0;
v000001e0cdaa29f0_0 .var "reset", 0 0;
E_000001e0cdbdc970 .event posedge, v000001e0cdad6840_0;
S_000001e0cdaa2720 .scope module, "dut" "johnsoncounter" 3 6, 4 1 0, S_000001e0cdad66b0;
 .timescale 0 0;
    .port_info 0 /INPUT 1 "clk";
    .port_info 1 /INPUT 1 "reset";
    .port_info 2 /OUTPUT 4 "Count_out";
L_000001e0cdbd9b40 .functor BUFZ 4, v000001e0cdac58d0_0, C4<0000>, C4<0000>, C4<0000>;
v000001e0cdbd9aa0_0 .net "Count_out", 3 0, L_000001e0cdbd9b40;  alias, 1 drivers
v000001e0cdac58d0_0 .var "Count_temp", 3 0;
v000001e0cdad6840_0 .net "clk", 0 0, v000001e0cdaa2950_0;  1 drivers
v000001e0cdad68e0_0 .net "reset", 0 0, v000001e0cdaa29f0_0;  1 drivers
E_000001e0cdbdbf70/0 .event anyedge, v000001e0cdad68e0_0;
E_000001e0cdbdbf70/1 .event posedge, v000001e0cdad6840_0;
E_000001e0cdbdbf70 .event/or E_000001e0cdbdbf70/0, E_000001e0cdbdbf70/1;
    .scope S_000001e0cdaa2720;
T_0 ;
    %wait E_000001e0cdbdbf70;
    %load/vec4 v000001e0cdad68e0_0;
    %flag_set/vec4 8;
    %jmp/0xz  T_0.0, 8;
    %pushi/vec4 0, 0, 4;
    %assign/vec4 v000001e0cdac58d0_0, 0;
    %jmp T_0.1;
T_0.0 ;
    %load/vec4 v000001e0cdad6840_0;
    %flag_set/vec4 8;
    %jmp/0xz  T_0.2, 8;
    %load/vec4 v000001e0cdac58d0_0;
    %parti/s 3, 0, 2;
    %load/vec4 v000001e0cdac58d0_0;
    %parti/s 1, 3, 3;
    %inv;
    %concat/vec4; draw_concat_vec4
    %assign/vec4 v000001e0cdac58d0_0, 0;
T_0.2 ;
T_0.1 ;
    %jmp T_0;
    .thread T_0;
    .scope S_000001e0cdad66b0;
T_1 ;
    %delay 5, 0;
    %load/vec4 v000001e0cdaa2950_0;
    %inv;
    %store/vec4 v000001e0cdaa2950_0, 0, 1;
    %jmp T_1;
    .thread T_1;
    .scope S_000001e0cdad66b0;
T_2 ;
    %vpi_call/w 3 15 "$dumpfile", "dump.vcd" {0 0 0};
    %vpi_call/w 3 15 "$dumpvars", 32'sb00000000000000000000000000000001 {0 0 0};
    %pushi/vec4 0, 0, 1;
    %store/vec4 v000001e0cdaa2950_0, 0, 1;
    %pushi/vec4 1, 0, 1;
    %store/vec4 v000001e0cdaa29f0_0, 0, 1;
    %delay 10, 0;
    %pushi/vec4 0, 0, 1;
    %store/vec4 v000001e0cdaa29f0_0, 0, 1;
    %delay 80, 0;
    %vpi_call/w 3 19 "$finish" {0 0 0};
    %end;
    .thread T_2;
    .scope S_000001e0cdad66b0;
T_3 ;
    %wait E_000001e0cdbdc970;
    %vpi_call/w 3 23 "$display", "count: %d", v000001e0cdaa28b0_0 {0 0 0};
    %jmp T_3;
    .thread T_3;
# The file index is used to find the file name in the following table.
:file_names 5;
    "N/A";
    "<interactive>";
    "-";
    "jcTB.sv";
    "johnsoncounter.sv";
